Mon Jun 02 22:47:31 +0000 2025 - Executing "{openroad -exit -no_init -python /openlane/scripts/odbpy/lefutil.py get_metal_layers -o /openlane/designs/sys4/runs/RUN_2025.06.02_22.47.31/tmp/layers.list /home/nitin/.volare/sky130A/libs.ref/sky130_fd_sc_hd/techlef/sky130_fd_sc_hd__nom.tlef}"

Mon Jun 02 22:47:32 +0000 2025 - Executing "{/openlane/scripts/mergeLef.py -o /openlane/designs/sys4/runs/RUN_2025.06.02_22.47.31/tmp/merged.nom.lef -i /home/nitin/.volare/sky130A/libs.ref/sky130_fd_sc_hd/techlef/sky130_fd_sc_hd__nom.tlef {/home/nitin/.volare/sky130A/libs.ref/sky130_fd_sc_hd/lef/sky130_ef_sc_hd.lef /home/nitin/.volare/sky130A/libs.ref/sky130_fd_sc_hd/lef/sky130_fd_sc_hd.lef} |& tee /dev/null}"

Mon Jun 02 22:47:32 +0000 2025 - Executing "{/openlane/scripts/mergeLef.py -o /openlane/designs/sys4/runs/RUN_2025.06.02_22.47.31/tmp/merged.min.lef -i /home/nitin/.volare/sky130A/libs.ref/sky130_fd_sc_hd/techlef/sky130_fd_sc_hd__min.tlef {/home/nitin/.volare/sky130A/libs.ref/sky130_fd_sc_hd/lef/sky130_ef_sc_hd.lef /home/nitin/.volare/sky130A/libs.ref/sky130_fd_sc_hd/lef/sky130_fd_sc_hd.lef} |& tee /dev/null}"

Mon Jun 02 22:47:32 +0000 2025 - Executing "{/openlane/scripts/mergeLef.py -o /openlane/designs/sys4/runs/RUN_2025.06.02_22.47.31/tmp/merged.max.lef -i /home/nitin/.volare/sky130A/libs.ref/sky130_fd_sc_hd/techlef/sky130_fd_sc_hd__max.tlef {/home/nitin/.volare/sky130A/libs.ref/sky130_fd_sc_hd/lef/sky130_ef_sc_hd.lef /home/nitin/.volare/sky130A/libs.ref/sky130_fd_sc_hd/lef/sky130_fd_sc_hd.lef} |& tee /dev/null}"

Mon Jun 02 22:47:32 +0000 2025 - Executing "{python3 /openlane/scripts/mergeLib.py --output /openlane/designs/sys4/runs/RUN_2025.06.02_22.47.31/tmp/synthesis/merged.lib --name sky130A_merged /home/nitin/.volare/sky130A/libs.ref/sky130_fd_sc_hd/lib/sky130_fd_sc_hd__tt_025C_1v80.lib}"

Mon Jun 02 22:47:32 +0000 2025 - Executing "{python3 /openlane/scripts/libtrim.py --cell-file /openlane/designs/sys4/runs/RUN_2025.06.02_22.47.31/tmp/synthesis/trimmed.lib.exclude.list --output /openlane/designs/sys4/runs/RUN_2025.06.02_22.47.31/tmp/synthesis/trimmed.lib /openlane/designs/sys4/runs/RUN_2025.06.02_22.47.31/tmp/synthesis/merged.lib}"

Mon Jun 02 22:47:32 +0000 2025 - Executing "{python3 /openlane/scripts/libtrim.py --cell-file /openlane/designs/sys4/runs/RUN_2025.06.02_22.47.31/tmp/cts/cts.lib.exclude.list --output /openlane/designs/sys4/runs/RUN_2025.06.02_22.47.31/tmp/cts/cts.lib /home/nitin/.volare/sky130A/libs.ref/sky130_fd_sc_hd/lib/sky130_fd_sc_hd__tt_025C_1v80.lib}"

Mon Jun 02 22:47:33 +0000 2025 - Executing "{python3 /openlane/scripts/libtrim.py --cell-file /openlane/designs/sys4/runs/RUN_2025.06.02_22.47.31/tmp/cts/cts-fastest.lib.exclude.list --output /openlane/designs/sys4/runs/RUN_2025.06.02_22.47.31/tmp/cts/cts-fastest.lib /home/nitin/.volare/sky130A/libs.ref/sky130_fd_sc_hd/lib/sky130_fd_sc_hd__ff_n40C_1v95.lib}"

Mon Jun 02 22:47:33 +0000 2025 - Executing "{python3 /openlane/scripts/libtrim.py --cell-file /openlane/designs/sys4/runs/RUN_2025.06.02_22.47.31/tmp/cts/cts-slowest.lib.exclude.list --output /openlane/designs/sys4/runs/RUN_2025.06.02_22.47.31/tmp/cts/cts-slowest.lib /home/nitin/.volare/sky130A/libs.ref/sky130_fd_sc_hd/lib/sky130_fd_sc_hd__ss_100C_1v60.lib}"

Mon Jun 02 22:47:34 +0000 2025 - Executing "{python3 /openlane/scripts/new_tracks.py -i /home/nitin/.volare/sky130A/libs.tech/openlane/sky130_fd_sc_hd/tracks.info -o /openlane/designs/sys4/runs/RUN_2025.06.02_22.47.31/tmp/routing/config.tracks}"

Mon Jun 02 22:47:34 +0000 2025 - Executing "{echo {OpenLane e73fb3c57e687a0023fcd4dcfd1566ecd478362a} > /openlane/designs/sys4/runs/RUN_2025.06.02_22.47.31/OPENLANE_COMMIT}"

Mon Jun 02 22:47:34 +0000 2025 - Executing "{yosys -c /openlane/scripts/yosys/blackbox.tcl}"

Mon Jun 02 22:47:34 +0000 2025 - Executing "{verilator -Wall --lint-only --Wno-DECLFILENAME --top-module sys4 /openlane/designs/sys4/runs/RUN_2025.06.02_22.47.31/tmp/synthesis/blackbox/sky130_fd_sc_hd__blackbox.v /openlane/designs/sys4/src/sys4.sv -Wno-fatal --relative-includes |& tee /openlane/designs/sys4/runs/RUN_2025.06.02_22.47.31/logs/synthesis/linter.log /dev/null}"

Mon Jun 02 22:47:34 +0000 2025 - Executing "{sed -E {s/^([[:space:]]+)pg_pin(.*)/\1pin\2\n\1    direction : "inout";/g} /home/nitin/.volare/sky130A/libs.ref/sky130_fd_sc_hd/lib/sky130_fd_sc_hd__tt_025C_1v80.lib > /openlane/designs/sys4/runs/RUN_2025.06.02_22.47.31/tmp/synthesis/1-sky130_fd_sc_hd__tt_025C_1v80.no_pg.lib}"

Mon Jun 02 22:47:34 +0000 2025 - Executing "{sed -E {s/^([[:space:]]+)pg_pin(.*)/\1pin\2\n\1    direction : "inout";/g} /openlane/designs/sys4/runs/RUN_2025.06.02_22.47.31/tmp/synthesis/trimmed.lib > /openlane/designs/sys4/runs/RUN_2025.06.02_22.47.31/tmp/synthesis/1-trimmed.no_pg.lib}"

Mon Jun 02 22:47:34 +0000 2025 - Executing "yosys -c /openlane/scripts/yosys/synth.tcl |& tee /dev/null /openlane/designs/sys4/runs/RUN_2025.06.02_22.47.31/logs/synthesis/1-synthesis.log"

Mon Jun 02 22:47:34 +0000 2025 - Executing "{yosys -c /openlane/scripts/yosys/synth.tcl |& tee /dev/null /openlane/designs/sys4/runs/RUN_2025.06.02_22.47.31/logs/synthesis/1-synthesis.log}"

Mon Jun 02 22:48:45 +0000 2025 - Executing "{sed -i.bak -e {s/\(set ::env(CURRENT_NETLIST)\).*/\1 \/openlane\/designs\/sys4\/runs\/RUN_2025.06.02_22.47.31\/results\/synthesis\/sys4.v/} /openlane/designs/sys4/runs/RUN_2025.06.02_22.47.31/config.tcl}"

Mon Jun 02 22:48:45 +0000 2025 - Executing "{sed -i.bak /defparam/d /openlane/designs/sys4/runs/RUN_2025.06.02_22.47.31/results/synthesis/sys4.v}"

Mon Jun 02 22:48:46 +0000 2025 - Executing "sta -exit -no_init /openlane/scripts/openroad/sta/multi_corner.tcl |& tee /dev/null /openlane/designs/sys4/runs/RUN_2025.06.02_22.47.31/logs/synthesis/2-sta.log"

Mon Jun 02 22:48:46 +0000 2025 - Executing "{sta -exit -no_init /openlane/scripts/openroad/sta/multi_corner.tcl |& tee /dev/null /openlane/designs/sys4/runs/RUN_2025.06.02_22.47.31/logs/synthesis/2-sta.log}"

Mon Jun 02 22:48:50 +0000 2025 - Executing "openroad -exit /openlane/scripts/openroad/floorplan.tcl |& tee /dev/null /openlane/designs/sys4/runs/RUN_2025.06.02_22.47.31/logs/floorplan/3-initial_fp.log"

Mon Jun 02 22:48:50 +0000 2025 - Executing "{openroad -exit /openlane/scripts/openroad/floorplan.tcl |& tee /dev/null /openlane/designs/sys4/runs/RUN_2025.06.02_22.47.31/logs/floorplan/3-initial_fp.log}"

Mon Jun 02 22:48:52 +0000 2025 - Executing "{openroad -exit -no_init -python /openlane/scripts/odbpy/defutil.py extract_core_dims --output-data /openlane/designs/sys4/runs/RUN_2025.06.02_22.47.31/tmp/dimensions.txt --input-lef /openlane/designs/sys4/runs/RUN_2025.06.02_22.47.31/tmp/merged.nom.lef /openlane/designs/sys4/runs/RUN_2025.06.02_22.47.31/tmp/floorplan/3-initial_fp.def}"

Mon Jun 02 22:48:53 +0000 2025 - Executing "{openroad -exit -no_init -python /openlane/scripts/odbpy/io_place.py --config /openlane/designs/sys4/pin_order.cfg --hor-layer met3 --ver-layer met2 --ver-width-mult 2 --hor-width-mult 2 --hor-extension 0 --ver-extension 0 --length 4 --unmatched-error --input-lef /openlane/designs/sys4/runs/RUN_2025.06.02_22.47.31/tmp/merged.nom.lef --output-def /openlane/designs/sys4/runs/RUN_2025.06.02_22.47.31/tmp/floorplan/4-io.def --output /openlane/designs/sys4/runs/RUN_2025.06.02_22.47.31/tmp/floorplan/4-io.odb /openlane/designs/sys4/runs/RUN_2025.06.02_22.47.31/tmp/floorplan/3-initial_fp.odb |& tee /dev/null /openlane/designs/sys4/runs/RUN_2025.06.02_22.47.31/logs/floorplan/4-place_io.log}"

Mon Jun 02 22:48:54 +0000 2025 - Executing "openroad -exit /openlane/scripts/openroad/tapcell.tcl |& tee /dev/null /openlane/designs/sys4/runs/RUN_2025.06.02_22.47.31/logs/floorplan/5-tap.log"

Mon Jun 02 22:48:54 +0000 2025 - Executing "{openroad -exit /openlane/scripts/openroad/tapcell.tcl |& tee /dev/null /openlane/designs/sys4/runs/RUN_2025.06.02_22.47.31/logs/floorplan/5-tap.log}"

Mon Jun 02 22:48:55 +0000 2025 - Executing "openroad -exit /openlane/scripts/openroad/pdn.tcl |& tee /dev/null /openlane/designs/sys4/runs/RUN_2025.06.02_22.47.31/logs/floorplan/6-pdn.log"

Mon Jun 02 22:48:55 +0000 2025 - Executing "{openroad -exit /openlane/scripts/openroad/pdn.tcl |& tee /dev/null /openlane/designs/sys4/runs/RUN_2025.06.02_22.47.31/logs/floorplan/6-pdn.log}"

Mon Jun 02 22:48:58 +0000 2025 - Executing "openroad -exit /openlane/scripts/openroad/gpl.tcl |& tee /dev/null /openlane/designs/sys4/runs/RUN_2025.06.02_22.47.31/logs/placement/6-global.log"

Mon Jun 02 22:48:58 +0000 2025 - Executing "{openroad -exit /openlane/scripts/openroad/gpl.tcl |& tee /dev/null /openlane/designs/sys4/runs/RUN_2025.06.02_22.47.31/logs/placement/6-global.log}"

Mon Jun 02 22:51:16 +0000 2025 - Executing "{sed -i.bak -e {s/\(set ::env(CURRENT_NETLIST)\).*/\1 \/openlane\/designs\/sys4\/runs\/RUN_2025.06.02_22.47.31\/tmp\/placement\/7-global.nl.v/} /openlane/designs/sys4/runs/RUN_2025.06.02_22.47.31/config.tcl}"

Mon Jun 02 22:51:16 +0000 2025 - Executing "openroad -exit /openlane/scripts/openroad/sta/multi_corner.tcl |& tee /dev/null /openlane/designs/sys4/runs/RUN_2025.06.02_22.47.31/logs/placement/8-gpl_sta.log"

Mon Jun 02 22:51:16 +0000 2025 - Executing "{openroad -exit /openlane/scripts/openroad/sta/multi_corner.tcl |& tee /dev/null /openlane/designs/sys4/runs/RUN_2025.06.02_22.47.31/logs/placement/8-gpl_sta.log}"

Mon Jun 02 22:51:23 +0000 2025 - Executing "openroad -exit /openlane/scripts/openroad/resizer.tcl |& tee /dev/null /openlane/designs/sys4/runs/RUN_2025.06.02_22.47.31/logs/placement/9-resizer.log"

Mon Jun 02 22:51:23 +0000 2025 - Executing "{openroad -exit /openlane/scripts/openroad/resizer.tcl |& tee /dev/null /openlane/designs/sys4/runs/RUN_2025.06.02_22.47.31/logs/placement/9-resizer.log}"

Mon Jun 02 22:51:47 +0000 2025 - Executing "{sed -i.bak -e {s/\(set ::env(CURRENT_NETLIST)\).*/\1 \/openlane\/designs\/sys4\/runs\/RUN_2025.06.02_22.47.31\/tmp\/placement\/9-resizer.nl.v/} /openlane/designs/sys4/runs/RUN_2025.06.02_22.47.31/config.tcl}"

Mon Jun 02 22:51:47 +0000 2025 - Executing "openroad -exit /openlane/scripts/openroad/dpl.tcl |& tee /dev/null /openlane/designs/sys4/runs/RUN_2025.06.02_22.47.31/logs/placement/10-detailed.log"

Mon Jun 02 22:51:47 +0000 2025 - Executing "{openroad -exit /openlane/scripts/openroad/dpl.tcl |& tee /dev/null /openlane/designs/sys4/runs/RUN_2025.06.02_22.47.31/logs/placement/10-detailed.log}"

Mon Jun 02 22:51:49 +0000 2025 - Executing "{sed -i.bak -e {s/\(set ::env(CURRENT_NETLIST)\).*/\1 \/openlane\/designs\/sys4\/runs\/RUN_2025.06.02_22.47.31\/results\/placement\/sys4.nl.v/} /openlane/designs/sys4/runs/RUN_2025.06.02_22.47.31/config.tcl}"

Mon Jun 02 22:51:49 +0000 2025 - Executing "openroad -exit /openlane/scripts/openroad/sta/multi_corner.tcl |& tee /dev/null /openlane/designs/sys4/runs/RUN_2025.06.02_22.47.31/logs/placement/11-dpl_sta.log"

Mon Jun 02 22:51:49 +0000 2025 - Executing "{openroad -exit /openlane/scripts/openroad/sta/multi_corner.tcl |& tee /dev/null /openlane/designs/sys4/runs/RUN_2025.06.02_22.47.31/logs/placement/11-dpl_sta.log}"

Mon Jun 02 22:51:57 +0000 2025 - Executing "openroad -exit /openlane/scripts/openroad/cts.tcl |& tee /dev/null /openlane/designs/sys4/runs/RUN_2025.06.02_22.47.31/logs/cts/12-cts.log"

Mon Jun 02 22:51:57 +0000 2025 - Executing "{openroad -exit /openlane/scripts/openroad/cts.tcl |& tee /dev/null /openlane/designs/sys4/runs/RUN_2025.06.02_22.47.31/logs/cts/12-cts.log}"

Mon Jun 02 22:52:20 +0000 2025 - Executing "openroad -exit /openlane/scripts/openroad/sta/multi_corner.tcl |& tee /dev/null /openlane/designs/sys4/runs/RUN_2025.06.02_22.47.31/logs/cts/13-cts_sta.log"

Mon Jun 02 22:52:20 +0000 2025 - Executing "{openroad -exit /openlane/scripts/openroad/sta/multi_corner.tcl |& tee /dev/null /openlane/designs/sys4/runs/RUN_2025.06.02_22.47.31/logs/cts/13-cts_sta.log}"

Mon Jun 02 22:52:30 +0000 2025 - Executing "openroad -exit /openlane/scripts/openroad/resizer_timing.tcl |& tee /dev/null /openlane/designs/sys4/runs/RUN_2025.06.02_22.47.31/logs/cts/14-resizer.log"

Mon Jun 02 22:52:30 +0000 2025 - Executing "{openroad -exit /openlane/scripts/openroad/resizer_timing.tcl |& tee /dev/null /openlane/designs/sys4/runs/RUN_2025.06.02_22.47.31/logs/cts/14-resizer.log}"

Mon Jun 02 23:27:37 +0000 2025 - Executing "{sed -i.bak -e {s/\(set ::env(CURRENT_NETLIST)\).*/\1 \/openlane\/designs\/sys4\/runs\/RUN_2025.06.02_22.47.31\/tmp\/cts\/14-sys4.resized.nl.v/} /openlane/designs/sys4/runs/RUN_2025.06.02_22.47.31/config.tcl}"

Mon Jun 02 23:27:37 +0000 2025 - Executing "openroad -exit /openlane/scripts/openroad/resizer_routing_design.tcl |& tee /dev/null /openlane/designs/sys4/runs/RUN_2025.06.02_22.47.31/logs/routing/15-resizer_design.log"

Mon Jun 02 23:27:37 +0000 2025 - Executing "{openroad -exit /openlane/scripts/openroad/resizer_routing_design.tcl |& tee /dev/null /openlane/designs/sys4/runs/RUN_2025.06.02_22.47.31/logs/routing/15-resizer_design.log}"

Mon Jun 02 23:27:59 +0000 2025 - Executing "{sed -i.bak -e {s/\(set ::env(CURRENT_NETLIST)\).*/\1 \/openlane\/designs\/sys4\/runs\/RUN_2025.06.02_22.47.31\/tmp\/15-sys4.nl.v/} /openlane/designs/sys4/runs/RUN_2025.06.02_22.47.31/config.tcl}"

Mon Jun 02 23:27:59 +0000 2025 - Executing "openroad -exit /openlane/scripts/openroad/sta/multi_corner.tcl |& tee /dev/null /openlane/designs/sys4/runs/RUN_2025.06.02_22.47.31/logs/routing/16-rsz_design_sta.log"

Mon Jun 02 23:27:59 +0000 2025 - Executing "{openroad -exit /openlane/scripts/openroad/sta/multi_corner.tcl |& tee /dev/null /openlane/designs/sys4/runs/RUN_2025.06.02_22.47.31/logs/routing/16-rsz_design_sta.log}"

Mon Jun 02 23:28:05 +0000 2025 - Executing "openroad -exit /openlane/scripts/openroad/resizer_routing_timing.tcl |& tee /dev/null /openlane/designs/sys4/runs/RUN_2025.06.02_22.47.31/logs/routing/17-resizer_timing.log"

Mon Jun 02 23:28:05 +0000 2025 - Executing "{openroad -exit /openlane/scripts/openroad/resizer_routing_timing.tcl |& tee /dev/null /openlane/designs/sys4/runs/RUN_2025.06.02_22.47.31/logs/routing/17-resizer_timing.log}"

Mon Jun 02 23:28:36 +0000 2025 - Executing "{sed -i.bak -e {s/\(set ::env(CURRENT_NETLIST)\).*/\1 \/openlane\/designs\/sys4\/runs\/RUN_2025.06.02_22.47.31\/tmp\/17-sys4.nl.v/} /openlane/designs/sys4/runs/RUN_2025.06.02_22.47.31/config.tcl}"

Mon Jun 02 23:28:36 +0000 2025 - Executing "openroad -exit /openlane/scripts/openroad/sta/multi_corner.tcl |& tee /dev/null /openlane/designs/sys4/runs/RUN_2025.06.02_22.47.31/logs/routing/18-rsz_timing_sta.log"

Mon Jun 02 23:28:36 +0000 2025 - Executing "{openroad -exit /openlane/scripts/openroad/sta/multi_corner.tcl |& tee /dev/null /openlane/designs/sys4/runs/RUN_2025.06.02_22.47.31/logs/routing/18-rsz_timing_sta.log}"

Mon Jun 02 23:28:43 +0000 2025 - Executing "openroad -exit /openlane/scripts/openroad/repair_antennas.tcl |& tee /dev/null /openlane/designs/sys4/runs/RUN_2025.06.02_22.47.31/logs/routing/19-global.log"

Mon Jun 02 23:28:43 +0000 2025 - Executing "{openroad -exit /openlane/scripts/openroad/repair_antennas.tcl |& tee /dev/null /openlane/designs/sys4/runs/RUN_2025.06.02_22.47.31/logs/routing/19-global.log}"

Mon Jun 02 23:29:10 +0000 2025 - Executing "{openroad -exit -no_init -python /openlane/scripts/odbpy/defutil.py replace_instance_prefixes --original-prefix ANTENNA --new-prefix INSDIODE1 --input-lef /openlane/designs/sys4/runs/RUN_2025.06.02_22.47.31/tmp/merged.nom.lef --output-def /openlane/designs/sys4/runs/RUN_2025.06.02_22.47.31/tmp/routing/19-global.def --output /openlane/designs/sys4/runs/RUN_2025.06.02_22.47.31/tmp/routing/19-global.odb /openlane/designs/sys4/runs/RUN_2025.06.02_22.47.31/tmp/routing/19-global.odb |& tee /dev/null /openlane/designs/sys4/runs/RUN_2025.06.02_22.47.31/logs/routing/19-antenna_diodes_1.log}"

Mon Jun 02 23:29:11 +0000 2025 - Executing "openroad -exit /openlane/scripts/openroad/repair_antennas.tcl |& tee /dev/null /openlane/designs/sys4/runs/RUN_2025.06.02_22.47.31/logs/routing/19-antenna_route_1.log"

Mon Jun 02 23:29:11 +0000 2025 - Executing "{openroad -exit /openlane/scripts/openroad/repair_antennas.tcl |& tee /dev/null /openlane/designs/sys4/runs/RUN_2025.06.02_22.47.31/logs/routing/19-antenna_route_1.log}"

Mon Jun 02 23:29:47 +0000 2025 - Executing "openroad -exit /openlane/scripts/openroad/write_views.tcl |& tee /dev/null /openlane/designs/sys4/runs/RUN_2025.06.02_22.47.31/logs/routing/19-global_write_netlist.log"

Mon Jun 02 23:29:47 +0000 2025 - Executing "{openroad -exit /openlane/scripts/openroad/write_views.tcl |& tee /dev/null /openlane/designs/sys4/runs/RUN_2025.06.02_22.47.31/logs/routing/19-global_write_netlist.log}"

Mon Jun 02 23:29:48 +0000 2025 - Executing "{sed -i.bak -e {s/\(set ::env(CURRENT_NETLIST)\).*/\1 \/openlane\/designs\/sys4\/runs\/RUN_2025.06.02_22.47.31\/tmp\/routing\/global.nl.v/} /openlane/designs/sys4/runs/RUN_2025.06.02_22.47.31/config.tcl}"

Mon Jun 02 23:29:48 +0000 2025 - Executing "openroad -exit /openlane/scripts/openroad/sta/multi_corner.tcl |& tee /dev/null /openlane/designs/sys4/runs/RUN_2025.06.02_22.47.31/logs/routing/21-grt_sta.log"

Mon Jun 02 23:29:48 +0000 2025 - Executing "{openroad -exit /openlane/scripts/openroad/sta/multi_corner.tcl |& tee /dev/null /openlane/designs/sys4/runs/RUN_2025.06.02_22.47.31/logs/routing/21-grt_sta.log}"

Mon Jun 02 23:29:52 +0000 2025 - Executing "openroad -exit /openlane/scripts/openroad/fill.tcl |& tee /dev/null /openlane/designs/sys4/runs/RUN_2025.06.02_22.47.31/logs/routing/22-fill.log"

Mon Jun 02 23:29:52 +0000 2025 - Executing "{openroad -exit /openlane/scripts/openroad/fill.tcl |& tee /dev/null /openlane/designs/sys4/runs/RUN_2025.06.02_22.47.31/logs/routing/22-fill.log}"

Mon Jun 02 23:29:54 +0000 2025 - Executing "{sed -i.bak -e {s/\(set ::env(CURRENT_NETLIST)\).*/\1 \/openlane\/designs\/sys4\/runs\/RUN_2025.06.02_22.47.31\/tmp\/routing\/22-fill.nl.v/} /openlane/designs/sys4/runs/RUN_2025.06.02_22.47.31/config.tcl}"

Mon Jun 02 23:29:54 +0000 2025 - Executing "openroad -exit -metrics /openlane/designs/sys4/runs/RUN_2025.06.02_22.47.31/reports/routing/23-drt_metrics.json /openlane/scripts/openroad/droute.tcl |& tee /dev/null /openlane/designs/sys4/runs/RUN_2025.06.02_22.47.31/logs/routing/23-detailed.log"

Mon Jun 02 23:29:54 +0000 2025 - Executing "{openroad -exit -metrics /openlane/designs/sys4/runs/RUN_2025.06.02_22.47.31/reports/routing/23-drt_metrics.json /openlane/scripts/openroad/droute.tcl |& tee /dev/null /openlane/designs/sys4/runs/RUN_2025.06.02_22.47.31/logs/routing/23-detailed.log}"

Mon Jun 02 23:49:35 +0000 2025 - Executing "{sed -i.bak -e {s/\(set ::env(CURRENT_NETLIST)\).*/\1 \/openlane\/designs\/sys4\/runs\/RUN_2025.06.02_22.47.31\/results\/routing\/sys4.nl.v/} /openlane/designs/sys4/runs/RUN_2025.06.02_22.47.31/config.tcl}"

Mon Jun 02 23:49:35 +0000 2025 - Executing "{python3 /openlane/scripts/drc_rosetta.py tr to_klayout -o /openlane/designs/sys4/runs/RUN_2025.06.02_22.47.31/reports/routing/drt.klayout.xml --design-name sys4 /openlane/designs/sys4/runs/RUN_2025.06.02_22.47.31/reports/routing/drt.drc}"

Mon Jun 02 23:49:35 +0000 2025 - Executing "{openroad -exit -no_init -python /openlane/scripts/odbpy/wire_lengths.py --report-out /openlane/designs/sys4/runs/RUN_2025.06.02_22.47.31/reports/routing/24-wire_lengths.csv --input-lef /openlane/designs/sys4/runs/RUN_2025.06.02_22.47.31/tmp/merged.nom.lef --output-def /openlane/designs/sys4/runs/RUN_2025.06.02_22.47.31/results/routing/sys4.def --output /openlane/designs/sys4/runs/RUN_2025.06.02_22.47.31/results/routing/sys4.odb /openlane/designs/sys4/runs/RUN_2025.06.02_22.47.31/results/routing/sys4.odb |& tee /dev/null /openlane/designs/sys4/runs/RUN_2025.06.02_22.47.31/logs/routing/24-wire_lengths.log}"

Mon Jun 02 23:49:37 +0000 2025 - Executing "openroad -exit /openlane/scripts/openroad/rcx.tcl |& tee /dev/null /openlane/designs/sys4/runs/RUN_2025.06.02_22.47.31/logs/signoff/25-parasitics_extraction.min.log"

Mon Jun 02 23:49:37 +0000 2025 - Executing "{openroad -exit /openlane/scripts/openroad/rcx.tcl |& tee /dev/null /openlane/designs/sys4/runs/RUN_2025.06.02_22.47.31/logs/signoff/25-parasitics_extraction.min.log}"

Mon Jun 02 23:49:53 +0000 2025 - Executing "sta -exit -no_init /openlane/scripts/openroad/sta/multi_corner.tcl |& tee /dev/null /openlane/designs/sys4/runs/RUN_2025.06.02_22.47.31/logs/signoff/26-rcx_mcsta.min.log"

Mon Jun 02 23:49:53 +0000 2025 - Executing "{sta -exit -no_init /openlane/scripts/openroad/sta/multi_corner.tcl |& tee /dev/null /openlane/designs/sys4/runs/RUN_2025.06.02_22.47.31/logs/signoff/26-rcx_mcsta.min.log}"

Mon Jun 02 23:50:25 +0000 2025 - Executing "openroad -exit /openlane/scripts/openroad/rcx.tcl |& tee /dev/null /openlane/designs/sys4/runs/RUN_2025.06.02_22.47.31/logs/signoff/27-parasitics_extraction.max.log"

Mon Jun 02 23:50:25 +0000 2025 - Executing "{openroad -exit /openlane/scripts/openroad/rcx.tcl |& tee /dev/null /openlane/designs/sys4/runs/RUN_2025.06.02_22.47.31/logs/signoff/27-parasitics_extraction.max.log}"

Mon Jun 02 23:50:41 +0000 2025 - Executing "sta -exit -no_init /openlane/scripts/openroad/sta/multi_corner.tcl |& tee /dev/null /openlane/designs/sys4/runs/RUN_2025.06.02_22.47.31/logs/signoff/28-rcx_mcsta.max.log"

Mon Jun 02 23:50:41 +0000 2025 - Executing "{sta -exit -no_init /openlane/scripts/openroad/sta/multi_corner.tcl |& tee /dev/null /openlane/designs/sys4/runs/RUN_2025.06.02_22.47.31/logs/signoff/28-rcx_mcsta.max.log}"

Mon Jun 02 23:51:16 +0000 2025 - Executing "openroad -exit /openlane/scripts/openroad/rcx.tcl |& tee /dev/null /openlane/designs/sys4/runs/RUN_2025.06.02_22.47.31/logs/signoff/29-parasitics_extraction.nom.log"

Mon Jun 02 23:51:16 +0000 2025 - Executing "{openroad -exit /openlane/scripts/openroad/rcx.tcl |& tee /dev/null /openlane/designs/sys4/runs/RUN_2025.06.02_22.47.31/logs/signoff/29-parasitics_extraction.nom.log}"

Mon Jun 02 23:51:32 +0000 2025 - Executing "sta -exit -no_init /openlane/scripts/openroad/sta/multi_corner.tcl |& tee /dev/null /openlane/designs/sys4/runs/RUN_2025.06.02_22.47.31/logs/signoff/30-rcx_mcsta.nom.log"

Mon Jun 02 23:51:32 +0000 2025 - Executing "{sta -exit -no_init /openlane/scripts/openroad/sta/multi_corner.tcl |& tee /dev/null /openlane/designs/sys4/runs/RUN_2025.06.02_22.47.31/logs/signoff/30-rcx_mcsta.nom.log}"

Mon Jun 02 23:52:05 +0000 2025 - Executing "openroad -exit /openlane/scripts/openroad/irdrop.tcl |& tee /dev/null /openlane/designs/sys4/runs/RUN_2025.06.02_22.47.31/logs/signoff/31-irdrop.log"

Mon Jun 02 23:52:05 +0000 2025 - Executing "{openroad -exit /openlane/scripts/openroad/irdrop.tcl |& tee /dev/null /openlane/designs/sys4/runs/RUN_2025.06.02_22.47.31/logs/signoff/31-irdrop.log}"

Mon Jun 02 23:52:21 +0000 2025 - Executing "magic -noconsole -dnull -rcfile /home/nitin/.volare/sky130A/libs.tech/magic/sky130A.magicrc < /openlane/scripts/magic/wrapper.tcl |& tee /dev/null /openlane/designs/sys4/runs/RUN_2025.06.02_22.47.31/logs/signoff/32-gdsii.log"

Mon Jun 02 23:52:21 +0000 2025 - Executing "{magic -noconsole -dnull -rcfile /home/nitin/.volare/sky130A/libs.tech/magic/sky130A.magicrc < /openlane/scripts/magic/wrapper.tcl |& tee /dev/null /openlane/designs/sys4/runs/RUN_2025.06.02_22.47.31/logs/signoff/32-gdsii.log}"

Mon Jun 02 23:52:57 +0000 2025 - Executing "magic -noconsole -dnull -rcfile /home/nitin/.volare/sky130A/libs.tech/magic/sky130A.magicrc < /openlane/scripts/magic/wrapper.tcl |& tee /dev/null /openlane/designs/sys4/runs/RUN_2025.06.02_22.47.31/logs/signoff/32-gds_ptrs.log"

Mon Jun 02 23:52:57 +0000 2025 - Executing "{magic -noconsole -dnull -rcfile /home/nitin/.volare/sky130A/libs.tech/magic/sky130A.magicrc < /openlane/scripts/magic/wrapper.tcl |& tee /dev/null /openlane/designs/sys4/runs/RUN_2025.06.02_22.47.31/logs/signoff/32-gds_ptrs.log}"

Mon Jun 02 23:53:21 +0000 2025 - Executing "{sed -i.bak -n {/^<< properties >>/,/^<< end >>/p} /openlane/designs/sys4/runs/RUN_2025.06.02_22.47.31/tmp/signoff/gds_ptrs.mag}"

Mon Jun 02 23:53:21 +0000 2025 - Executing "magic -noconsole -dnull -rcfile /home/nitin/.volare/sky130A/libs.tech/magic/sky130A.magicrc < /openlane/scripts/magic/wrapper.tcl |& tee /dev/null /openlane/designs/sys4/runs/RUN_2025.06.02_22.47.31/logs/signoff/32-lef.log"

Mon Jun 02 23:53:21 +0000 2025 - Executing "{magic -noconsole -dnull -rcfile /home/nitin/.volare/sky130A/libs.tech/magic/sky130A.magicrc < /openlane/scripts/magic/wrapper.tcl |& tee /dev/null /openlane/designs/sys4/runs/RUN_2025.06.02_22.47.31/logs/signoff/32-lef.log}"

Mon Jun 02 23:54:03 +0000 2025 - Executing "magic -noconsole -dnull -rcfile /home/nitin/.volare/sky130A/libs.tech/magic/sky130A.magicrc < /openlane/scripts/magic/wrapper.tcl |& tee /dev/null /openlane/designs/sys4/runs/RUN_2025.06.02_22.47.31/logs/signoff/32-maglef.log"

Mon Jun 02 23:54:03 +0000 2025 - Executing "{magic -noconsole -dnull -rcfile /home/nitin/.volare/sky130A/libs.tech/magic/sky130A.magicrc < /openlane/scripts/magic/wrapper.tcl |& tee /dev/null /openlane/designs/sys4/runs/RUN_2025.06.02_22.47.31/logs/signoff/32-maglef.log}"

Mon Jun 02 23:54:03 +0000 2025 - Executing "{python3 /openlane/scripts/klayout/stream_out.py --output /openlane/designs/sys4/runs/RUN_2025.06.02_22.47.31/results/signoff/sys4.klayout.gds --lyt /home/nitin/.volare/sky130A/libs.tech/klayout/tech/sky130A.lyt --lym /home/nitin/.volare/sky130A/libs.tech/klayout/tech/sky130A.map --lyp /home/nitin/.volare/sky130A/libs.tech/klayout/tech/sky130A.lyp --top sys4 --with-gds-file /home/nitin/.volare/sky130A/libs.ref/sky130_fd_sc_hd/gds/sky130_fd_sc_hd.gds --input-lef /openlane/designs/sys4/runs/RUN_2025.06.02_22.47.31/tmp/merged.nom.lef /openlane/designs/sys4/runs/RUN_2025.06.02_22.47.31/results/routing/sys4.def |& tee /dev/null /openlane/designs/sys4/runs/RUN_2025.06.02_22.47.31/logs/signoff/33-gdsii-klayout.log}"

Mon Jun 02 23:54:07 +0000 2025 - Executing "{klayout -b -r /openlane/scripts/klayout/xor.drc -rd a=/openlane/designs/sys4/runs/RUN_2025.06.02_22.47.31/results/signoff/sys4.gds -rd b=/openlane/designs/sys4/runs/RUN_2025.06.02_22.47.31/results/signoff/sys4.klayout.gds -rd jobs=1 -rd rdb_out=/openlane/designs/sys4/runs/RUN_2025.06.02_22.47.31/reports/signoff/34-xor.xml -rd ignore=81/14 -rd rpt_out=/openlane/designs/sys4/runs/RUN_2025.06.02_22.47.31/reports/signoff/34-xor.rpt |& tee /dev/null /openlane/designs/sys4/runs/RUN_2025.06.02_22.47.31/logs/signoff/34-xor.log}"

Mon Jun 02 23:54:55 +0000 2025 - Executing "magic -noconsole -dnull -rcfile /home/nitin/.volare/sky130A/libs.tech/magic/sky130A.magicrc < /openlane/scripts/magic/wrapper.tcl |& tee /dev/null /openlane/designs/sys4/runs/RUN_2025.06.02_22.47.31/logs/signoff/35-spice.log"

Mon Jun 02 23:54:55 +0000 2025 - Executing "{magic -noconsole -dnull -rcfile /home/nitin/.volare/sky130A/libs.tech/magic/sky130A.magicrc < /openlane/scripts/magic/wrapper.tcl |& tee /dev/null /openlane/designs/sys4/runs/RUN_2025.06.02_22.47.31/logs/signoff/35-spice.log}"

Mon Jun 02 23:56:12 +0000 2025 - Executing "{openroad -exit -no_init -python /openlane/scripts/odbpy/power_utils.py write_powered_def --output /openlane/designs/sys4/runs/RUN_2025.06.02_22.47.31/tmp/signoff/35-sys4.p.def --input-lef /openlane/designs/sys4/runs/RUN_2025.06.02_22.47.31/tmp/merged.nom.lef --power-port VPWR --ground-port VGND --powered-netlist {} /openlane/designs/sys4/runs/RUN_2025.06.02_22.47.31/results/routing/sys4.def |& tee /dev/null /openlane/designs/sys4/runs/RUN_2025.06.02_22.47.31/logs/signoff/36-write_powered_def.log}"

Mon Jun 02 23:56:15 +0000 2025 - Executing "openroad -exit /openlane/scripts/openroad/write_views.tcl |& tee /dev/null /openlane/designs/sys4/runs/RUN_2025.06.02_22.47.31/logs/signoff/36-write_powered_verilog.log"

Mon Jun 02 23:56:15 +0000 2025 - Executing "{openroad -exit /openlane/scripts/openroad/write_views.tcl |& tee /dev/null /openlane/designs/sys4/runs/RUN_2025.06.02_22.47.31/logs/signoff/36-write_powered_verilog.log}"

Mon Jun 02 23:56:19 +0000 2025 - Executing "{sed -i.bak -e {s/\(set ::env(CURRENT_NETLIST)\).*/\1 \/openlane\/designs\/sys4\/runs\/RUN_2025.06.02_22.47.31\/tmp\/signoff\/35-sys4.nl.v/} /openlane/designs/sys4/runs/RUN_2025.06.02_22.47.31/config.tcl}"

Mon Jun 02 23:56:19 +0000 2025 - Executing "{netgen -batch source /openlane/designs/sys4/runs/RUN_2025.06.02_22.47.31/tmp/signoff/38-setup_file.lef.lvs |& tee /dev/null /openlane/designs/sys4/runs/RUN_2025.06.02_22.47.31/logs/signoff/38-lvs.lef.log}"

Mon Jun 02 23:56:37 +0000 2025 - Executing "magic -noconsole -dnull -rcfile /home/nitin/.volare/sky130A/libs.tech/magic/sky130A.magicrc < /openlane/scripts/magic/wrapper.tcl |& tee /dev/null /openlane/designs/sys4/runs/RUN_2025.06.02_22.47.31/logs/signoff/39-drc.log"

Mon Jun 02 23:56:37 +0000 2025 - Executing "{magic -noconsole -dnull -rcfile /home/nitin/.volare/sky130A/libs.tech/magic/sky130A.magicrc < /openlane/scripts/magic/wrapper.tcl |& tee /dev/null /openlane/designs/sys4/runs/RUN_2025.06.02_22.47.31/logs/signoff/39-drc.log}"

Tue Jun 03 00:02:29 +0000 2025 - Executing "{python3 /openlane/scripts/drc_rosetta.py magic to_tcl -o /openlane/designs/sys4/runs/RUN_2025.06.02_22.47.31/reports/signoff/drc.tcl /openlane/designs/sys4/runs/RUN_2025.06.02_22.47.31/reports/signoff/drc.rpt}"

Tue Jun 03 00:02:29 +0000 2025 - Executing "{python3 /openlane/scripts/drc_rosetta.py magic to_tr -o /openlane/designs/sys4/runs/RUN_2025.06.02_22.47.31/reports/signoff/drc.tr /openlane/designs/sys4/runs/RUN_2025.06.02_22.47.31/reports/signoff/drc.rpt}"

Tue Jun 03 00:02:29 +0000 2025 - Executing "{python3 /openlane/scripts/drc_rosetta.py tr to_klayout -o /openlane/designs/sys4/runs/RUN_2025.06.02_22.47.31/reports/signoff/drc.klayout.xml --design-name sys4 /openlane/designs/sys4/runs/RUN_2025.06.02_22.47.31/reports/signoff/drc.tr}"

Tue Jun 03 00:02:29 +0000 2025 - Executing "{python3 /openlane/scripts/drc_rosetta.py magic to_rdb -o /openlane/designs/sys4/runs/RUN_2025.06.02_22.47.31/reports/signoff/drc.rdb /openlane/designs/sys4/runs/RUN_2025.06.02_22.47.31/reports/signoff/drc.rpt}"

Tue Jun 03 00:02:29 +0000 2025 - Executing "{klayout -b -zz -r /home/nitin/.volare/sky130A/libs.tech/klayout/drc/sky130A_mr.drc -rd topcell=sys4 -rd input=/openlane/designs/sys4/runs/RUN_2025.06.02_22.47.31/results/signoff/sys4.gds -rd report=/openlane/designs/sys4/runs/RUN_2025.06.02_22.47.31/reports/signoff/violations.xml -rd feol=true -rd beol=true -rd floating_metal=false -rd seal=true -rd thread=1 |& tee /dev/null /openlane/designs/sys4/runs/RUN_2025.06.02_22.47.31/logs/signoff/40-drc-klayout.log}"

Tue Jun 03 00:06:26 +0000 2025 - Executing "{python3 /openlane/scripts/klayout/xml_drc_report_to_json.py --xml-file /openlane/designs/sys4/runs/RUN_2025.06.02_22.47.31/reports/signoff/violations.xml --json-file /openlane/designs/sys4/runs/RUN_2025.06.02_22.47.31/reports/signoff/violations.json}"

Tue Jun 03 00:06:26 +0000 2025 - Executing "openroad -exit /openlane/scripts/openroad/antenna_check.tcl |& tee /dev/null /openlane/designs/sys4/runs/RUN_2025.06.02_22.47.31/logs/signoff/41-arc.log"

Tue Jun 03 00:06:26 +0000 2025 - Executing "{openroad -exit /openlane/scripts/openroad/antenna_check.tcl |& tee /dev/null /openlane/designs/sys4/runs/RUN_2025.06.02_22.47.31/logs/signoff/41-arc.log}"

Tue Jun 03 00:06:33 +0000 2025 - Executing "{python3 /openlane/scripts/extract_antenna_violators.py --output /openlane/designs/sys4/runs/RUN_2025.06.02_22.47.31/reports/signoff/41-antenna_violators.rpt --plain-out /openlane/designs/sys4/runs/RUN_2025.06.02_22.47.31/reports/signoff/41-antenna_violators_pins.txt /openlane/designs/sys4/runs/RUN_2025.06.02_22.47.31/logs/signoff/41-arc.log}"

Tue Jun 03 00:06:34 +0000 2025 - Executing "{python3 /openlane/scripts/write_runtime.py --conclude --seconds --time-in 1748909194 {flow completed}}"

Tue Jun 03 00:06:34 +0000 2025 - Executing "{python3 /openlane/scripts/generate_reports.py -d /openlane/designs/sys4 --design_name sys4 --tag RUN_2025.06.02_22.47.31 --output_file /openlane/designs/sys4/runs/RUN_2025.06.02_22.47.31/reports/metrics.csv --man_report /openlane/designs/sys4/runs/RUN_2025.06.02_22.47.31/reports/manufacturability.rpt --run_path /openlane/designs/sys4/runs/RUN_2025.06.02_22.47.31}"

