
===========================================================================
report_checks -unconstrained
===========================================================================
======================= Typical Corner ===================================

Startpoint: _52451_ (rising edge-triggered flip-flop clocked by core_clock)
Endpoint: _52081_ (rising edge-triggered flip-flop clocked by core_clock)
Path Group: core_clock
Path Type: max

Fanout     Cap    Slew   Delay    Time   Description
-----------------------------------------------------------------------------
                  0.00    0.00    0.00   clock core_clock (rise edge)
                          0.00    0.00   clock network delay (ideal)
                  0.00    0.00    0.00 ^ _52451_/CLK (sky130_fd_sc_hd__dfxtp_2)
     3    0.03    0.16    0.39    0.39 ^ _52451_/Q (sky130_fd_sc_hd__dfxtp_2)
                                         m1.B21[0] (net)
                  0.16    0.00    0.39 ^ _38191_/A (sky130_fd_sc_hd__buf_1)
    10    0.12    1.39    1.02    1.41 ^ _38191_/X (sky130_fd_sc_hd__buf_1)
                                         _19985_ (net)
                  1.39    0.05    1.46 ^ _38192_/A (sky130_fd_sc_hd__buf_1)
    10    0.13    1.46    1.14    2.60 ^ _38192_/X (sky130_fd_sc_hd__buf_1)
                                         _19986_ (net)
                  1.46    0.00    2.60 ^ _38193_/A (sky130_fd_sc_hd__buf_1)
    10    0.11    1.23    0.98    3.58 ^ _38193_/X (sky130_fd_sc_hd__buf_1)
                                         _19987_ (net)
                  1.23    0.00    3.58 ^ _38194_/A (sky130_fd_sc_hd__buf_1)
    10    0.18    2.02    1.51    5.09 ^ _38194_/X (sky130_fd_sc_hd__buf_1)
                                         _19988_ (net)
                  2.02    0.02    5.11 ^ _38528_/A (sky130_fd_sc_hd__buf_1)
    10    0.10    1.12    0.92    6.03 ^ _38528_/X (sky130_fd_sc_hd__buf_1)
                                         _20322_ (net)
                  1.12    0.01    6.04 ^ _39105_/A (sky130_fd_sc_hd__buf_1)
    10    0.14    1.58    1.21    7.25 ^ _39105_/X (sky130_fd_sc_hd__buf_1)
                                         _20899_ (net)
                  1.58    0.03    7.28 ^ _39354_/A (sky130_fd_sc_hd__buf_1)
    10    0.16    1.82    1.38    8.66 ^ _39354_/X (sky130_fd_sc_hd__buf_1)
                                         _21148_ (net)
                  1.82    0.06    8.73 ^ _51825_/B2 (sky130_fd_sc_hd__a22oi_2)
     2    0.01    0.30    0.17    8.89 v _51825_/Y (sky130_fd_sc_hd__a22oi_2)
                                         _08282_ (net)
                  0.30    0.00    8.89 v _51826_/B (sky130_fd_sc_hd__or3b_2)
     2    0.01    0.10    0.56    9.46 v _51826_/X (sky130_fd_sc_hd__or3b_2)
                                         _08283_ (net)
                  0.10    0.00    9.46 v _51828_/A (sky130_fd_sc_hd__nor2_2)
     2    0.01    0.13    0.17    9.63 ^ _51828_/Y (sky130_fd_sc_hd__nor2_2)
                                         _08285_ (net)
                  0.13    0.00    9.63 ^ _51829_/B1 (sky130_fd_sc_hd__a21oi_2)
     2    0.01    0.07    0.06    9.68 v _51829_/Y (sky130_fd_sc_hd__a21oi_2)
                                         _08286_ (net)
                  0.07    0.00    9.68 v _51831_/A (sky130_fd_sc_hd__or2_2)
     2    0.00    0.06    0.30    9.99 v _51831_/X (sky130_fd_sc_hd__or2_2)
                                         _08288_ (net)
                  0.06    0.00    9.99 v _51832_/B1_N (sky130_fd_sc_hd__a21bo_2)
     2    0.01    0.07    0.22   10.20 ^ _51832_/X (sky130_fd_sc_hd__a21bo_2)
                                         _08289_ (net)
                  0.07    0.00   10.20 ^ _51833_/B (sky130_fd_sc_hd__and2b_2)
     1    0.00    0.04    0.14   10.34 ^ _51833_/X (sky130_fd_sc_hd__and2b_2)
                                         _08290_ (net)
                  0.04    0.00   10.34 ^ _51834_/B1 (sky130_fd_sc_hd__a21o_2)
     2    0.00    0.04    0.08   10.42 ^ _51834_/X (sky130_fd_sc_hd__a21o_2)
                                         _08291_ (net)
                  0.04    0.00   10.42 ^ _51835_/B (sky130_fd_sc_hd__and2b_2)
     2    0.01    0.06    0.15   10.57 ^ _51835_/X (sky130_fd_sc_hd__and2b_2)
                                         _08292_ (net)
                  0.06    0.00   10.57 ^ _51836_/B1 (sky130_fd_sc_hd__a21o_2)
     2    0.01    0.04    0.09   10.66 ^ _51836_/X (sky130_fd_sc_hd__a21o_2)
                                         _08293_ (net)
                  0.04    0.00   10.66 ^ _51837_/B_N (sky130_fd_sc_hd__or2b_2)
     2    0.00    0.06    0.29   10.95 v _51837_/X (sky130_fd_sc_hd__or2b_2)
                                         _08294_ (net)
                  0.06    0.00   10.95 v _51838_/B1_N (sky130_fd_sc_hd__a21bo_2)
     2    0.02    0.09    0.23   11.19 ^ _51838_/X (sky130_fd_sc_hd__a21bo_2)
                                         _08295_ (net)
                  0.09    0.00   11.19 ^ _51840_/A2 (sky130_fd_sc_hd__a21boi_2)
     2    0.01    0.05    0.07   11.26 v _51840_/Y (sky130_fd_sc_hd__a21boi_2)
                                         _08297_ (net)
                  0.05    0.00   11.26 v _51841_/C (sky130_fd_sc_hd__or3_2)
     3    0.01    0.10    0.44   11.69 v _51841_/X (sky130_fd_sc_hd__or3_2)
                                         _08298_ (net)
                  0.10    0.00   11.69 v _51843_/A2 (sky130_fd_sc_hd__a21oi_2)
     3    0.01    0.18    0.22   11.92 ^ _51843_/Y (sky130_fd_sc_hd__a21oi_2)
                                         _08300_ (net)
                  0.18    0.00   11.92 ^ _51845_/A2 (sky130_fd_sc_hd__o21ai_2)
     3    0.01    0.06    0.09   12.01 v _51845_/Y (sky130_fd_sc_hd__o21ai_2)
                                         _08302_ (net)
                  0.06    0.00   12.01 v _51847_/A2 (sky130_fd_sc_hd__a21oi_2)
     3    0.01    0.19    0.21   12.22 ^ _51847_/Y (sky130_fd_sc_hd__a21oi_2)
                                         _08304_ (net)
                  0.19    0.00   12.22 ^ _51850_/A2 (sky130_fd_sc_hd__o21ba_2)
     2    0.01    0.06    0.17   12.39 ^ _51850_/X (sky130_fd_sc_hd__o21ba_2)
                                         _08307_ (net)
                  0.06    0.00   12.39 ^ _51853_/A2 (sky130_fd_sc_hd__o21bai_2)
     3    0.01    0.06    0.07   12.46 v _51853_/Y (sky130_fd_sc_hd__o21bai_2)
                                         _08310_ (net)
                  0.06    0.00   12.46 v _51856_/A3 (sky130_fd_sc_hd__a311o_2)
     3    0.01    0.07    0.41   12.88 v _51856_/X (sky130_fd_sc_hd__a311o_2)
                                         _08313_ (net)
                  0.07    0.00   12.88 v _26001_/A2 (sky130_fd_sc_hd__a31o_2)
     1    0.00    0.04    0.24   13.12 v _26001_/X (sky130_fd_sc_hd__a31o_2)
                                         _08443_ (net)
                  0.04    0.00   13.12 v _26002_/B (sky130_fd_sc_hd__nor2_2)
     1    0.00    0.06    0.07   13.19 ^ _26002_/Y (sky130_fd_sc_hd__nor2_2)
                                         _08444_ (net)
                  0.06    0.00   13.19 ^ _26004_/B1 (sky130_fd_sc_hd__o22a_2)
     1    0.00    0.04    0.13   13.32 ^ _26004_/X (sky130_fd_sc_hd__o22a_2)
                                         _00371_ (net)
                  0.04    0.00   13.32 ^ _52081_/D (sky130_fd_sc_hd__dfrtp_2)
                                 13.32   data arrival time

                  0.00   10.00   10.00   clock core_clock (rise edge)
                          0.00   10.00   clock network delay (ideal)
                          0.00   10.00   clock reconvergence pessimism
                                 10.00 ^ _52081_/CLK (sky130_fd_sc_hd__dfrtp_2)
                         -0.07    9.93   library setup time
                                  9.93   data required time
-----------------------------------------------------------------------------
                                  9.93   data required time
                                -13.32   data arrival time
-----------------------------------------------------------------------------
                                 -3.39   slack (VIOLATED)




===========================================================================
report_checks --slack_max -0.01
============================================================================
======================= Typical Corner ===================================

Startpoint: _52451_ (rising edge-triggered flip-flop clocked by core_clock)
Endpoint: _52081_ (rising edge-triggered flip-flop clocked by core_clock)
Path Group: core_clock
Path Type: max

Fanout     Cap    Slew   Delay    Time   Description
-----------------------------------------------------------------------------
                  0.00    0.00    0.00   clock core_clock (rise edge)
                          0.00    0.00   clock network delay (ideal)
                  0.00    0.00    0.00 ^ _52451_/CLK (sky130_fd_sc_hd__dfxtp_2)
     3    0.03    0.16    0.39    0.39 ^ _52451_/Q (sky130_fd_sc_hd__dfxtp_2)
                                         m1.B21[0] (net)
                  0.16    0.00    0.39 ^ _38191_/A (sky130_fd_sc_hd__buf_1)
    10    0.12    1.39    1.02    1.41 ^ _38191_/X (sky130_fd_sc_hd__buf_1)
                                         _19985_ (net)
                  1.39    0.05    1.46 ^ _38192_/A (sky130_fd_sc_hd__buf_1)
    10    0.13    1.46    1.14    2.60 ^ _38192_/X (sky130_fd_sc_hd__buf_1)
                                         _19986_ (net)
                  1.46    0.00    2.60 ^ _38193_/A (sky130_fd_sc_hd__buf_1)
    10    0.11    1.23    0.98    3.58 ^ _38193_/X (sky130_fd_sc_hd__buf_1)
                                         _19987_ (net)
                  1.23    0.00    3.58 ^ _38194_/A (sky130_fd_sc_hd__buf_1)
    10    0.18    2.02    1.51    5.09 ^ _38194_/X (sky130_fd_sc_hd__buf_1)
                                         _19988_ (net)
                  2.02    0.02    5.11 ^ _38528_/A (sky130_fd_sc_hd__buf_1)
    10    0.10    1.12    0.92    6.03 ^ _38528_/X (sky130_fd_sc_hd__buf_1)
                                         _20322_ (net)
                  1.12    0.01    6.04 ^ _39105_/A (sky130_fd_sc_hd__buf_1)
    10    0.14    1.58    1.21    7.25 ^ _39105_/X (sky130_fd_sc_hd__buf_1)
                                         _20899_ (net)
                  1.58    0.03    7.28 ^ _39354_/A (sky130_fd_sc_hd__buf_1)
    10    0.16    1.82    1.38    8.66 ^ _39354_/X (sky130_fd_sc_hd__buf_1)
                                         _21148_ (net)
                  1.82    0.06    8.73 ^ _51825_/B2 (sky130_fd_sc_hd__a22oi_2)
     2    0.01    0.30    0.17    8.89 v _51825_/Y (sky130_fd_sc_hd__a22oi_2)
                                         _08282_ (net)
                  0.30    0.00    8.89 v _51826_/B (sky130_fd_sc_hd__or3b_2)
     2    0.01    0.10    0.56    9.46 v _51826_/X (sky130_fd_sc_hd__or3b_2)
                                         _08283_ (net)
                  0.10    0.00    9.46 v _51828_/A (sky130_fd_sc_hd__nor2_2)
     2    0.01    0.13    0.17    9.63 ^ _51828_/Y (sky130_fd_sc_hd__nor2_2)
                                         _08285_ (net)
                  0.13    0.00    9.63 ^ _51829_/B1 (sky130_fd_sc_hd__a21oi_2)
     2    0.01    0.07    0.06    9.68 v _51829_/Y (sky130_fd_sc_hd__a21oi_2)
                                         _08286_ (net)
                  0.07    0.00    9.68 v _51831_/A (sky130_fd_sc_hd__or2_2)
     2    0.00    0.06    0.30    9.99 v _51831_/X (sky130_fd_sc_hd__or2_2)
                                         _08288_ (net)
                  0.06    0.00    9.99 v _51832_/B1_N (sky130_fd_sc_hd__a21bo_2)
     2    0.01    0.07    0.22   10.20 ^ _51832_/X (sky130_fd_sc_hd__a21bo_2)
                                         _08289_ (net)
                  0.07    0.00   10.20 ^ _51833_/B (sky130_fd_sc_hd__and2b_2)
     1    0.00    0.04    0.14   10.34 ^ _51833_/X (sky130_fd_sc_hd__and2b_2)
                                         _08290_ (net)
                  0.04    0.00   10.34 ^ _51834_/B1 (sky130_fd_sc_hd__a21o_2)
     2    0.00    0.04    0.08   10.42 ^ _51834_/X (sky130_fd_sc_hd__a21o_2)
                                         _08291_ (net)
                  0.04    0.00   10.42 ^ _51835_/B (sky130_fd_sc_hd__and2b_2)
     2    0.01    0.06    0.15   10.57 ^ _51835_/X (sky130_fd_sc_hd__and2b_2)
                                         _08292_ (net)
                  0.06    0.00   10.57 ^ _51836_/B1 (sky130_fd_sc_hd__a21o_2)
     2    0.01    0.04    0.09   10.66 ^ _51836_/X (sky130_fd_sc_hd__a21o_2)
                                         _08293_ (net)
                  0.04    0.00   10.66 ^ _51837_/B_N (sky130_fd_sc_hd__or2b_2)
     2    0.00    0.06    0.29   10.95 v _51837_/X (sky130_fd_sc_hd__or2b_2)
                                         _08294_ (net)
                  0.06    0.00   10.95 v _51838_/B1_N (sky130_fd_sc_hd__a21bo_2)
     2    0.02    0.09    0.23   11.19 ^ _51838_/X (sky130_fd_sc_hd__a21bo_2)
                                         _08295_ (net)
                  0.09    0.00   11.19 ^ _51840_/A2 (sky130_fd_sc_hd__a21boi_2)
     2    0.01    0.05    0.07   11.26 v _51840_/Y (sky130_fd_sc_hd__a21boi_2)
                                         _08297_ (net)
                  0.05    0.00   11.26 v _51841_/C (sky130_fd_sc_hd__or3_2)
     3    0.01    0.10    0.44   11.69 v _51841_/X (sky130_fd_sc_hd__or3_2)
                                         _08298_ (net)
                  0.10    0.00   11.69 v _51843_/A2 (sky130_fd_sc_hd__a21oi_2)
     3    0.01    0.18    0.22   11.92 ^ _51843_/Y (sky130_fd_sc_hd__a21oi_2)
                                         _08300_ (net)
                  0.18    0.00   11.92 ^ _51845_/A2 (sky130_fd_sc_hd__o21ai_2)
     3    0.01    0.06    0.09   12.01 v _51845_/Y (sky130_fd_sc_hd__o21ai_2)
                                         _08302_ (net)
                  0.06    0.00   12.01 v _51847_/A2 (sky130_fd_sc_hd__a21oi_2)
     3    0.01    0.19    0.21   12.22 ^ _51847_/Y (sky130_fd_sc_hd__a21oi_2)
                                         _08304_ (net)
                  0.19    0.00   12.22 ^ _51850_/A2 (sky130_fd_sc_hd__o21ba_2)
     2    0.01    0.06    0.17   12.39 ^ _51850_/X (sky130_fd_sc_hd__o21ba_2)
                                         _08307_ (net)
                  0.06    0.00   12.39 ^ _51853_/A2 (sky130_fd_sc_hd__o21bai_2)
     3    0.01    0.06    0.07   12.46 v _51853_/Y (sky130_fd_sc_hd__o21bai_2)
                                         _08310_ (net)
                  0.06    0.00   12.46 v _51856_/A3 (sky130_fd_sc_hd__a311o_2)
     3    0.01    0.07    0.41   12.88 v _51856_/X (sky130_fd_sc_hd__a311o_2)
                                         _08313_ (net)
                  0.07    0.00   12.88 v _26001_/A2 (sky130_fd_sc_hd__a31o_2)
     1    0.00    0.04    0.24   13.12 v _26001_/X (sky130_fd_sc_hd__a31o_2)
                                         _08443_ (net)
                  0.04    0.00   13.12 v _26002_/B (sky130_fd_sc_hd__nor2_2)
     1    0.00    0.06    0.07   13.19 ^ _26002_/Y (sky130_fd_sc_hd__nor2_2)
                                         _08444_ (net)
                  0.06    0.00   13.19 ^ _26004_/B1 (sky130_fd_sc_hd__o22a_2)
     1    0.00    0.04    0.13   13.32 ^ _26004_/X (sky130_fd_sc_hd__o22a_2)
                                         _00371_ (net)
                  0.04    0.00   13.32 ^ _52081_/D (sky130_fd_sc_hd__dfrtp_2)
                                 13.32   data arrival time

                  0.00   10.00   10.00   clock core_clock (rise edge)
                          0.00   10.00   clock network delay (ideal)
                          0.00   10.00   clock reconvergence pessimism
                                 10.00 ^ _52081_/CLK (sky130_fd_sc_hd__dfrtp_2)
                         -0.07    9.93   library setup time
                                  9.93   data required time
-----------------------------------------------------------------------------
                                  9.93   data required time
                                -13.32   data arrival time
-----------------------------------------------------------------------------
                                 -3.39   slack (VIOLATED)




===========================================================================
 report_check_types -max_slew -max_cap -max_fanout -violators
============================================================================
======================= Typical Corner ===================================

max slew

Pin                                    Limit    Slew   Slack
------------------------------------------------------------
_37398_/A                               1.50    2.51   -1.01 (VIOLATED)
_44105_/A                               1.50    2.51   -1.01 (VIOLATED)
_37391_/A                               1.50    2.51   -1.01 (VIOLATED)
_44089_/B2                              1.50    2.51   -1.01 (VIOLATED)
_50114_/A                               1.50    2.51   -1.01 (VIOLATED)
_30119_/A                               1.50    2.51   -1.01 (VIOLATED)
_44453_/B2                              1.50    2.51   -1.01 (VIOLATED)
_44454_/A                               1.50    2.51   -1.01 (VIOLATED)
_37670_/A                               1.50    2.51   -1.01 (VIOLATED)
_37759_/B2                              1.50    2.51   -1.01 (VIOLATED)
_37390_/X                               1.51    2.51   -1.00 (VIOLATED)
_37672_/A1                              1.50    2.41   -0.91 (VIOLATED)
_44330_/A1                              1.50    2.41   -0.91 (VIOLATED)
_50350_/A1                              1.50    2.40   -0.90 (VIOLATED)
_30363_/A1                              1.50    2.40   -0.90 (VIOLATED)
_35892_/A1                              1.50    2.40   -0.90 (VIOLATED)
_30489_/A                               1.50    2.40   -0.90 (VIOLATED)
_30490_/B2                              1.50    2.40   -0.90 (VIOLATED)
_37758_/A                               1.50    2.40   -0.90 (VIOLATED)
_50413_/B2                              1.50    2.40   -0.90 (VIOLATED)
_50414_/A                               1.50    2.40   -0.90 (VIOLATED)
_37670_/X                               1.51    2.40   -0.89 (VIOLATED)
_27058_/A                               1.50    2.37   -0.87 (VIOLATED)
_33056_/A                               1.50    2.37   -0.87 (VIOLATED)
_41005_/A                               1.50    2.37   -0.87 (VIOLATED)
_40761_/B                               1.50    2.37   -0.87 (VIOLATED)
_47038_/A                               1.50    2.37   -0.87 (VIOLATED)
_27044_/B2                              1.50    2.37   -0.87 (VIOLATED)
_47022_/B2                              1.50    2.36   -0.86 (VIOLATED)
_40743_/A2                              1.50    2.36   -0.86 (VIOLATED)
_47334_/B2                              1.50    2.36   -0.86 (VIOLATED)
_47335_/A                               1.50    2.36   -0.86 (VIOLATED)
_40741_/X                               1.51    2.36   -0.86 (VIOLATED)
_41932_/B                               1.50    2.14   -0.64 (VIOLATED)
_47730_/B2                              1.50    2.14   -0.64 (VIOLATED)
_41422_/C                               1.50    2.14   -0.64 (VIOLATED)
_41465_/A2                              1.50    2.14   -0.64 (VIOLATED)
_42525_/A1                              1.50    2.14   -0.64 (VIOLATED)
_47999_/A                               1.50    2.14   -0.64 (VIOLATED)
_42768_/A                               1.50    2.14   -0.64 (VIOLATED)
_34007_/A                               1.50    2.13   -0.63 (VIOLATED)
_27632_/B2                              1.50    2.13   -0.63 (VIOLATED)
_33627_/B2                              1.50    2.13   -0.63 (VIOLATED)
_41419_/X                               1.51    2.13   -0.63 (VIOLATED)
_41006_/A2                              1.50    2.07   -0.57 (VIOLATED)
_33359_/B2                              1.50    2.07   -0.57 (VIOLATED)
_33360_/A                               1.50    2.07   -0.57 (VIOLATED)
_47250_/A1                              1.50    2.07   -0.57 (VIOLATED)
_41107_/A2                              1.50    2.07   -0.57 (VIOLATED)
_41108_/C                               1.50    2.07   -0.57 (VIOLATED)
_27380_/A                               1.50    2.07   -0.57 (VIOLATED)
_33275_/A1                              1.50    2.07   -0.57 (VIOLATED)
_35482_/A1                              1.50    2.07   -0.57 (VIOLATED)
_27275_/A1                              1.50    2.07   -0.57 (VIOLATED)
_41005_/X                               1.51    2.07   -0.56 (VIOLATED)
_30749_/A                               1.50    2.02   -0.52 (VIOLATED)
_30884_/B2                              1.50    2.02   -0.52 (VIOLATED)
_50805_/A                               1.50    2.02   -0.52 (VIOLATED)
_51598_/B2                              1.50    2.02   -0.52 (VIOLATED)
_38528_/A                               1.50    2.02   -0.52 (VIOLATED)
_44906_/A                               1.50    2.02   -0.52 (VIOLATED)
_38204_/B                               1.50    2.02   -0.52 (VIOLATED)
_38195_/B                               1.50    2.02   -0.52 (VIOLATED)
_38200_/B                               1.50    2.02   -0.52 (VIOLATED)
_45565_/B2                              1.50    2.02   -0.52 (VIOLATED)
_38194_/X                               1.51    2.02   -0.51 (VIOLATED)
_44431_/A                               1.50    1.94   -0.44 (VIOLATED)
_44430_/B2                              1.50    1.94   -0.44 (VIOLATED)
_37818_/B                               1.50    1.94   -0.44 (VIOLATED)
_43121_/B2                              1.50    1.94   -0.44 (VIOLATED)
_36884_/B                               1.50    1.94   -0.44 (VIOLATED)
_43617_/A                               1.50    1.94   -0.44 (VIOLATED)
_50474_/A                               1.50    1.94   -0.44 (VIOLATED)
_50475_/B2                              1.50    1.94   -0.44 (VIOLATED)
_30461_/A                               1.50    1.94   -0.44 (VIOLATED)
_35921_/A1                              1.50    1.94   -0.44 (VIOLATED)
_36883_/X                               1.51    1.94   -0.43 (VIOLATED)
_42791_/A2                              1.50    1.92   -0.42 (VIOLATED)
_42792_/C                               1.50    1.92   -0.42 (VIOLATED)
_42797_/B2                              1.50    1.92   -0.42 (VIOLATED)
_48800_/A                               1.50    1.92   -0.42 (VIOLATED)
_48799_/B2                              1.50    1.92   -0.42 (VIOLATED)
_39106_/C                               1.50    1.92   -0.42 (VIOLATED)
_42680_/A2                              1.50    1.92   -0.42 (VIOLATED)
_45793_/A1                              1.50    1.92   -0.42 (VIOLATED)
_48708_/A1                              1.50    1.92   -0.42 (VIOLATED)
_45579_/A                               1.50    1.92   -0.42 (VIOLATED)
_51825_/A1                              1.50    1.92   -0.42 (VIOLATED)
_51609_/A                               1.50    1.92   -0.42 (VIOLATED)
_28723_/A1                              1.50    1.91   -0.41 (VIOLATED)
_35430_/A1                              1.50    1.91   -0.41 (VIOLATED)
_34705_/A1                              1.50    1.91   -0.41 (VIOLATED)
_31605_/A                               1.50    1.91   -0.41 (VIOLATED)
_39353_/A                               1.50    1.91   -0.41 (VIOLATED)
_42678_/X                               1.51    1.91   -0.41 (VIOLATED)
_31591_/B2                              1.50    1.91   -0.41 (VIOLATED)
_51954_/A                               1.50    1.90   -0.40 (VIOLATED)
_51953_/B2                              1.50    1.90   -0.40 (VIOLATED)
_39104_/X                               1.51    1.90   -0.40 (VIOLATED)
_50075_/A                               1.50    1.90   -0.40 (VIOLATED)
_30088_/A                               1.50    1.90   -0.40 (VIOLATED)
_37337_/A2                              1.50    1.90   -0.40 (VIOLATED)
_44066_/A                               1.50    1.90   -0.40 (VIOLATED)
_44036_/B2                              1.50    1.90   -0.40 (VIOLATED)
_30240_/B2                              1.50    1.90   -0.40 (VIOLATED)
_37363_/A                               1.50    1.90   -0.40 (VIOLATED)
_37538_/A                               1.50    1.90   -0.40 (VIOLATED)
_44210_/A                               1.50    1.90   -0.40 (VIOLATED)
_44211_/B2                              1.50    1.90   -0.40 (VIOLATED)
_37335_/X                               1.51    1.90   -0.39 (VIOLATED)
_39447_/B2                              1.50    1.88   -0.38 (VIOLATED)
_39442_/C                               1.50    1.88   -0.38 (VIOLATED)
_39441_/A2                              1.50    1.88   -0.38 (VIOLATED)
_45850_/B2                              1.50    1.88   -0.38 (VIOLATED)
_45851_/A                               1.50    1.88   -0.38 (VIOLATED)
_31916_/A                               1.50    1.88   -0.38 (VIOLATED)
_31915_/B2                              1.50    1.88   -0.38 (VIOLATED)
_35842_/A1                              1.50    1.88   -0.38 (VIOLATED)
_39355_/A2                              1.50    1.88   -0.38 (VIOLATED)
_31830_/A1                              1.50    1.88   -0.38 (VIOLATED)
_39353_/X                               1.51    1.88   -0.37 (VIOLATED)
_51524_/A1                              1.50    1.87   -0.37 (VIOLATED)
_31493_/A1                              1.50    1.87   -0.37 (VIOLATED)
_45495_/A1                              1.50    1.87   -0.37 (VIOLATED)
_35960_/A1                              1.50    1.87   -0.37 (VIOLATED)
_45373_/A                               1.50    1.87   -0.37 (VIOLATED)
_39404_/B2                              1.50    1.87   -0.37 (VIOLATED)
_45894_/B2                              1.50    1.87   -0.37 (VIOLATED)
_45895_/A                               1.50    1.87   -0.37 (VIOLATED)
_31961_/B2                              1.50    1.87   -0.37 (VIOLATED)
_31962_/A                               1.50    1.87   -0.37 (VIOLATED)
_39403_/X                               1.51    1.87   -0.36 (VIOLATED)
_32567_/A                               1.50    1.85   -0.35 (VIOLATED)
_26603_/A                               1.50    1.85   -0.35 (VIOLATED)
_32297_/B2                              1.50    1.85   -0.35 (VIOLATED)
_26147_/A                               1.50    1.85   -0.35 (VIOLATED)
_26190_/B2                              1.50    1.85   -0.35 (VIOLATED)
_41086_/A                               1.50    1.85   -0.35 (VIOLATED)
_46552_/A                               1.50    1.85   -0.35 (VIOLATED)
_40262_/B                               1.50    1.85   -0.35 (VIOLATED)
_39800_/A2                              1.50    1.85   -0.35 (VIOLATED)
_46277_/B2                              1.50    1.85   -0.35 (VIOLATED)
_39799_/X                               1.51    1.85   -0.35 (VIOLATED)
_39872_/B                               1.50    1.85   -0.35 (VIOLATED)
_39902_/B                               1.50    1.85   -0.35 (VIOLATED)
_46286_/A                               1.50    1.85   -0.35 (VIOLATED)
_46875_/C_N                             1.50    1.85   -0.35 (VIOLATED)
_40201_/A                               1.50    1.85   -0.35 (VIOLATED)
_26217_/B2                              1.50    1.85   -0.35 (VIOLATED)
_26224_/A                               1.50    1.85   -0.35 (VIOLATED)
_32223_/A                               1.50    1.84   -0.34 (VIOLATED)
_32582_/A                               1.50    1.84   -0.34 (VIOLATED)
_26956_/A                               1.50    1.84   -0.34 (VIOLATED)
_39871_/X                               1.51    1.84   -0.34 (VIOLATED)
_50104_/A                               1.50    1.83   -0.33 (VIOLATED)
_30110_/A1                              1.50    1.83   -0.33 (VIOLATED)
_30251_/A1                              1.50    1.83   -0.33 (VIOLATED)
_30252_/B                               1.50    1.83   -0.33 (VIOLATED)
_29569_/A                               1.50    1.83   -0.33 (VIOLATED)
_37394_/B1                              1.50    1.83   -0.33 (VIOLATED)
_44091_/A1                              1.50    1.83   -0.33 (VIOLATED)
_36427_/A                               1.50    1.83   -0.33 (VIOLATED)
_44223_/B                               1.50    1.83   -0.33 (VIOLATED)
_37551_/A                               1.50    1.83   -0.33 (VIOLATED)
_36425_/X                               1.51    1.83   -0.33 (VIOLATED)
_51825_/B2                              1.50    1.82   -0.32 (VIOLATED)
_45793_/B2                              1.50    1.82   -0.32 (VIOLATED)
_39355_/B1                              1.50    1.82   -0.32 (VIOLATED)
_45887_/A                               1.50    1.82   -0.32 (VIOLATED)
_45888_/B2                              1.50    1.82   -0.32 (VIOLATED)
_31830_/B2                              1.50    1.82   -0.32 (VIOLATED)
_35944_/A1                              1.50    1.82   -0.32 (VIOLATED)
_31952_/B2                              1.50    1.82   -0.32 (VIOLATED)
_31953_/A                               1.50    1.82   -0.32 (VIOLATED)
_51928_/A                               1.50    1.82   -0.32 (VIOLATED)
_39354_/X                               1.51    1.82   -0.31 (VIOLATED)
_28498_/A1                              1.50    1.81   -0.31 (VIOLATED)
_34479_/A1                              1.50    1.81   -0.31 (VIOLATED)
_33949_/A                               1.50    1.81   -0.31 (VIOLATED)
_34602_/A1                              1.50    1.81   -0.31 (VIOLATED)
_27959_/A                               1.50    1.81   -0.31 (VIOLATED)
_42560_/A                               1.50    1.81   -0.31 (VIOLATED)
_42421_/B1                              1.50    1.81   -0.31 (VIOLATED)
_41870_/D                               1.50    1.81   -0.31 (VIOLATED)
_47940_/A                               1.50    1.81   -0.31 (VIOLATED)
_48600_/A1                              1.50    1.81   -0.31 (VIOLATED)
_41869_/X                               1.51    1.81   -0.30 (VIOLATED)
_32224_/A                               1.50    1.80   -0.30 (VIOLATED)
_26217_/A1                              1.50    1.80   -0.30 (VIOLATED)
_46197_/A                               1.50    1.80   -0.30 (VIOLATED)
_39866_/B                               1.50    1.80   -0.30 (VIOLATED)
_39901_/B                               1.50    1.80   -0.30 (VIOLATED)
_46646_/A                               1.50    1.80   -0.30 (VIOLATED)
_46546_/A                               1.50    1.80   -0.30 (VIOLATED)
_40652_/D                               1.50    1.80   -0.30 (VIOLATED)
_26956_/B                               1.50    1.80   -0.30 (VIOLATED)
_46874_/A                               1.50    1.80   -0.30 (VIOLATED)
_51598_/A1                              1.50    1.80   -0.30 (VIOLATED)
_45565_/A1                              1.50    1.80   -0.30 (VIOLATED)
_39098_/B1                              1.50    1.80   -0.30 (VIOLATED)
_30884_/A1                              1.50    1.80   -0.30 (VIOLATED)
_50805_/B                               1.50    1.80   -0.30 (VIOLATED)
_50804_/A1                              1.50    1.80   -0.30 (VIOLATED)
_38532_/A                               1.50    1.80   -0.30 (VIOLATED)
_44621_/B                               1.50    1.80   -0.30 (VIOLATED)
_44905_/A1                              1.50    1.80   -0.30 (VIOLATED)
_44906_/B                               1.50    1.80   -0.30 (VIOLATED)
_39865_/X                               1.51    1.80   -0.29 (VIOLATED)
_38531_/X                               1.51    1.80   -0.29 (VIOLATED)
_34490_/A                               1.50    1.78   -0.28 (VIOLATED)
_42678_/A                               1.50    1.78   -0.28 (VIOLATED)
_28511_/A                               1.50    1.78   -0.28 (VIOLATED)
_42434_/C                               1.50    1.78   -0.28 (VIOLATED)
_48487_/A                               1.50    1.78   -0.28 (VIOLATED)
_30110_/B2                              1.50    1.78   -0.28 (VIOLATED)
_30252_/A                               1.50    1.78   -0.28 (VIOLATED)
_29568_/A                               1.50    1.78   -0.28 (VIOLATED)
_49027_/A                               1.50    1.78   -0.28 (VIOLATED)
_49407_/A                               1.50    1.78   -0.28 (VIOLATED)
_37394_/A1                              1.50    1.78   -0.28 (VIOLATED)
_44091_/B2                              1.50    1.78   -0.28 (VIOLATED)
_36421_/A                               1.50    1.78   -0.28 (VIOLATED)
_44223_/A                               1.50    1.78   -0.28 (VIOLATED)
_37555_/A                               1.50    1.78   -0.28 (VIOLATED)
_48472_/B2                              1.50    1.78   -0.28 (VIOLATED)
_34841_/B2                              1.50    1.78   -0.28 (VIOLATED)
_34842_/A                               1.50    1.78   -0.28 (VIOLATED)
_28777_/A                               1.50    1.78   -0.28 (VIOLATED)
_28776_/B2                              1.50    1.78   -0.28 (VIOLATED)
_36420_/X                               1.51    1.78   -0.27 (VIOLATED)
_42433_/X                               1.51    1.78   -0.27 (VIOLATED)
_27325_/B2                              1.50    1.77   -0.27 (VIOLATED)
_27326_/A                               1.50    1.77   -0.27 (VIOLATED)
_33383_/A                               1.50    1.77   -0.27 (VIOLATED)
_51873_/A                               1.50    1.77   -0.27 (VIOLATED)
_31895_/A                               1.50    1.77   -0.27 (VIOLATED)
_41142_/A2                              1.50    1.77   -0.27 (VIOLATED)
_41143_/C                               1.50    1.77   -0.27 (VIOLATED)
_47382_/A                               1.50    1.77   -0.27 (VIOLATED)
_47381_/B2                              1.50    1.77   -0.27 (VIOLATED)
_35590_/A1                              1.50    1.77   -0.27 (VIOLATED)
_35970_/A1                              1.50    1.77   -0.27 (VIOLATED)
_40721_/B                               1.50    1.77   -0.27 (VIOLATED)
_27020_/A                               1.50    1.77   -0.27 (VIOLATED)
_30926_/A                               1.50    1.77   -0.27 (VIOLATED)
_31207_/B1                              1.50    1.77   -0.27 (VIOLATED)
_31248_/A1                              1.50    1.77   -0.27 (VIOLATED)
_51247_/A1                              1.50    1.77   -0.27 (VIOLATED)
_45927_/A                               1.50    1.77   -0.27 (VIOLATED)
_39410_/B                               1.50    1.77   -0.27 (VIOLATED)
_45218_/A1                              1.50    1.77   -0.27 (VIOLATED)
_40720_/X                               1.51    1.77   -0.26 (VIOLATED)
_39409_/X                               1.51    1.77   -0.26 (VIOLATED)
_34453_/A                               1.50    1.76   -0.26 (VIOLATED)
_28474_/A                               1.50    1.76   -0.26 (VIOLATED)
_28445_/B2                              1.50    1.76   -0.26 (VIOLATED)
_33016_/A                               1.50    1.76   -0.26 (VIOLATED)
_32988_/B2                              1.50    1.76   -0.26 (VIOLATED)
_26993_/B2                              1.50    1.76   -0.26 (VIOLATED)
_48447_/A                               1.50    1.76   -0.26 (VIOLATED)
_46998_/A                               1.50    1.76   -0.26 (VIOLATED)
_40692_/A2                              1.50    1.76   -0.26 (VIOLATED)
_33157_/B2                              1.50    1.76   -0.26 (VIOLATED)
_40880_/C                               1.50    1.76   -0.26 (VIOLATED)
_40881_/A2                              1.50    1.76   -0.26 (VIOLATED)
_47140_/A                               1.50    1.76   -0.26 (VIOLATED)
_47141_/B2                              1.50    1.76   -0.26 (VIOLATED)
_42364_/A2                              1.50    1.76   -0.26 (VIOLATED)
_28612_/A                               1.50    1.76   -0.26 (VIOLATED)
_28613_/B2                              1.50    1.76   -0.26 (VIOLATED)
_42399_/A                               1.50    1.76   -0.26 (VIOLATED)
_42549_/C                               1.50    1.76   -0.26 (VIOLATED)
_42550_/A2                              1.50    1.76   -0.26 (VIOLATED)
_40690_/X                               1.51    1.76   -0.25 (VIOLATED)
_42362_/X                               1.51    1.76   -0.25 (VIOLATED)
_31570_/A                               1.50    1.75   -0.25 (VIOLATED)
_31718_/B2                              1.50    1.75   -0.25 (VIOLATED)
_31717_/A                               1.50    1.75   -0.25 (VIOLATED)
_51713_/B2                              1.50    1.75   -0.25 (VIOLATED)
_51712_/A                               1.50    1.75   -0.25 (VIOLATED)
_39075_/B                               1.50    1.75   -0.25 (VIOLATED)
_45540_/A                               1.50    1.75   -0.25 (VIOLATED)
_45513_/B2                              1.50    1.75   -0.25 (VIOLATED)
_39485_/A                               1.50    1.75   -0.25 (VIOLATED)
_39232_/A1                              1.50    1.75   -0.25 (VIOLATED)
_39074_/X                               1.51    1.75   -0.24 (VIOLATED)
_31451_/A                               1.50    1.74   -0.24 (VIOLATED)
_31500_/B                               1.50    1.74   -0.24 (VIOLATED)
_50755_/A                               1.50    1.73   -0.23 (VIOLATED)
_40394_/A2                              1.50    1.73   -0.23 (VIOLATED)
_41064_/B                               1.50    1.73   -0.23 (VIOLATED)
_47313_/A                               1.50    1.73   -0.23 (VIOLATED)
_46673_/A1                              1.50    1.73   -0.23 (VIOLATED)
_27400_/A                               1.50    1.73   -0.23 (VIOLATED)
_26655_/B1                              1.50    1.73   -0.23 (VIOLATED)
_26697_/A1                              1.50    1.73   -0.23 (VIOLATED)
_38198_/A                               1.50    1.73   -0.23 (VIOLATED)
_33332_/A                               1.50    1.73   -0.23 (VIOLATED)
_44620_/A                               1.50    1.73   -0.23 (VIOLATED)
_32693_/A1                              1.50    1.73   -0.23 (VIOLATED)
_35610_/A1                              1.50    1.73   -0.23 (VIOLATED)
_38616_/B                               1.50    1.73   -0.23 (VIOLATED)
_45477_/B                               1.50    1.73   -0.23 (VIOLATED)
_45510_/B                               1.50    1.73   -0.23 (VIOLATED)
_45511_/A1                              1.50    1.73   -0.23 (VIOLATED)
_45478_/A1                              1.50    1.73   -0.23 (VIOLATED)
_40393_/X                               1.51    1.73   -0.23 (VIOLATED)
_38197_/X                               1.51    1.73   -0.22 (VIOLATED)
_30742_/B2                              1.50    1.71   -0.21 (VIOLATED)
_31155_/A                               1.50    1.71   -0.21 (VIOLATED)
_51134_/B1                              1.50    1.71   -0.21 (VIOLATED)
_51135_/A1                              1.50    1.71   -0.21 (VIOLATED)
_50856_/B2                              1.50    1.71   -0.21 (VIOLATED)
_45126_/A                               1.50    1.71   -0.21 (VIOLATED)
_38593_/B                               1.50    1.71   -0.21 (VIOLATED)
_44582_/B2                              1.50    1.71   -0.21 (VIOLATED)
_38293_/A2                              1.50    1.71   -0.21 (VIOLATED)
_39458_/A                               1.50    1.71   -0.21 (VIOLATED)
_50038_/A1                              1.50    1.71   -0.21 (VIOLATED)
_30053_/A1                              1.50    1.71   -0.21 (VIOLATED)
_30240_/A1                              1.50    1.71   -0.21 (VIOLATED)
_30239_/B                               1.50    1.71   -0.21 (VIOLATED)
_37337_/B1                              1.50    1.71   -0.21 (VIOLATED)
_43996_/B                               1.50    1.71   -0.21 (VIOLATED)
_44036_/A1                              1.50    1.71   -0.21 (VIOLATED)
_44210_/B                               1.50    1.71   -0.21 (VIOLATED)
_44211_/A1                              1.50    1.71   -0.21 (VIOLATED)
_37537_/A                               1.50    1.71   -0.21 (VIOLATED)
_38292_/X                               1.51    1.71   -0.20 (VIOLATED)
_37336_/X                               1.51    1.71   -0.20 (VIOLATED)
_39664_/B                               1.50    1.68   -0.18 (VIOLATED)
_46142_/A1                              1.50    1.68   -0.18 (VIOLATED)
_40829_/A                               1.50    1.68   -0.18 (VIOLATED)
_40134_/B                               1.50    1.68   -0.18 (VIOLATED)
_32163_/A1                              1.50    1.68   -0.18 (VIOLATED)
_39710_/A                               1.50    1.68   -0.18 (VIOLATED)
_26723_/A1                              1.50    1.68   -0.18 (VIOLATED)
_32717_/A1                              1.50    1.68   -0.18 (VIOLATED)
_26090_/A                               1.50    1.68   -0.18 (VIOLATED)
_46699_/A1                              1.50    1.68   -0.18 (VIOLATED)
_43534_/B2                              1.50    1.68   -0.18 (VIOLATED)
_37291_/C                               1.50    1.68   -0.18 (VIOLATED)
_43996_/A                               1.50    1.68   -0.18 (VIOLATED)
_50038_/B2                              1.50    1.68   -0.18 (VIOLATED)
_30020_/A                               1.50    1.68   -0.18 (VIOLATED)
_30053_/B2                              1.50    1.68   -0.18 (VIOLATED)
_37335_/A                               1.50    1.68   -0.18 (VIOLATED)
_30239_/A                               1.50    1.68   -0.18 (VIOLATED)
_50231_/A                               1.50    1.68   -0.18 (VIOLATED)
_50232_/B2                              1.50    1.68   -0.18 (VIOLATED)
_39663_/X                               1.51    1.68   -0.17 (VIOLATED)
_37289_/X                               1.51    1.68   -0.17 (VIOLATED)
_45423_/A                               1.50    1.67   -0.17 (VIOLATED)
_45357_/A1                              1.50    1.67   -0.17 (VIOLATED)
_38197_/A                               1.50    1.67   -0.17 (VIOLATED)
_45191_/A                               1.50    1.67   -0.17 (VIOLATED)
_39036_/B1                              1.50    1.67   -0.17 (VIOLATED)
_44624_/A                               1.50    1.67   -0.17 (VIOLATED)
_38954_/B                               1.50    1.67   -0.17 (VIOLATED)
_38703_/B                               1.50    1.67   -0.17 (VIOLATED)
_31374_/B                               1.50    1.67   -0.17 (VIOLATED)
_50759_/A                               1.50    1.67   -0.17 (VIOLATED)
_35462_/A1                              1.50    1.66   -0.16 (VIOLATED)
_27632_/A1                              1.50    1.66   -0.16 (VIOLATED)
_42770_/B1                              1.50    1.66   -0.16 (VIOLATED)
_42771_/D                               1.50    1.66   -0.16 (VIOLATED)
_48808_/B                               1.50    1.66   -0.16 (VIOLATED)
_48809_/A1                              1.50    1.66   -0.16 (VIOLATED)
_47730_/A1                              1.50    1.66   -0.16 (VIOLATED)
_34822_/A                               1.50    1.66   -0.16 (VIOLATED)
_28789_/B                               1.50    1.66   -0.16 (VIOLATED)
_28788_/A1                              1.50    1.66   -0.16 (VIOLATED)
_38196_/X                               1.51    1.67   -0.16 (VIOLATED)
_42769_/X                               1.51    1.66   -0.15 (VIOLATED)
_45885_/A2                              1.50    1.65   -0.15 (VIOLATED)
_48779_/A2                              1.50    1.65   -0.15 (VIOLATED)
_45888_/A2                              1.50    1.65   -0.15 (VIOLATED)
_45887_/C                               1.50    1.65   -0.15 (VIOLATED)
_48765_/A2                              1.50    1.65   -0.15 (VIOLATED)
_48766_/C                               1.50    1.65   -0.15 (VIOLATED)
_35634_/A1                              1.50    1.65   -0.15 (VIOLATED)
_48708_/A2                              1.50    1.65   -0.15 (VIOLATED)
_44330_/A2                              1.50    1.65   -0.15 (VIOLATED)
_47250_/A2                              1.50    1.65   -0.15 (VIOLATED)
_44329_/X                               1.51    1.65   -0.14 (VIOLATED)
_43826_/B1                              1.50    1.64   -0.14 (VIOLATED)
_37112_/C1                              1.50    1.64   -0.14 (VIOLATED)
_43038_/A                               1.50    1.64   -0.14 (VIOLATED)
_43256_/A                               1.50    1.64   -0.14 (VIOLATED)
_45244_/A1                              1.50    1.63   -0.13 (VIOLATED)
_38755_/A2                              1.50    1.63   -0.13 (VIOLATED)
_44769_/A                               1.50    1.63   -0.13 (VIOLATED)
_44849_/A1                              1.50    1.63   -0.13 (VIOLATED)
_37983_/B                               1.50    1.63   -0.13 (VIOLATED)
_49485_/B2                              1.50    1.63   -0.13 (VIOLATED)
_49484_/A                               1.50    1.63   -0.13 (VIOLATED)
_38009_/A                               1.50    1.63   -0.13 (VIOLATED)
_31274_/A1                              1.50    1.63   -0.13 (VIOLATED)
_51270_/A1                              1.50    1.63   -0.13 (VIOLATED)
_30642_/A                               1.50    1.63   -0.13 (VIOLATED)
_50631_/A                               1.50    1.63   -0.13 (VIOLATED)
_29850_/A1                              1.50    1.63   -0.13 (VIOLATED)
_29503_/A                               1.50    1.63   -0.13 (VIOLATED)
_29504_/B2                              1.50    1.63   -0.13 (VIOLATED)
_29273_/B2                              1.50    1.63   -0.13 (VIOLATED)
_32942_/B                               1.50    1.63   -0.13 (VIOLATED)
_33041_/A1                              1.50    1.63   -0.13 (VIOLATED)
_33096_/B                               1.50    1.63   -0.13 (VIOLATED)
_33097_/A1                              1.50    1.63   -0.13 (VIOLATED)
_40743_/B1                              1.50    1.63   -0.13 (VIOLATED)
_26947_/B                               1.50    1.63   -0.13 (VIOLATED)
_46921_/B                               1.50    1.63   -0.13 (VIOLATED)
_27098_/A1                              1.50    1.63   -0.13 (VIOLATED)
_27097_/B                               1.50    1.63   -0.13 (VIOLATED)
_41106_/A                               1.50    1.63   -0.13 (VIOLATED)
_37982_/X                               1.51    1.63   -0.13 (VIOLATED)
_37111_/X                               1.51    1.63   -0.13 (VIOLATED)
_40742_/X                               1.51    1.63   -0.13 (VIOLATED)
_36791_/B1                              1.50    1.62   -0.12 (VIOLATED)
_43121_/A1                              1.50    1.62   -0.12 (VIOLATED)
_35924_/A1                              1.50    1.62   -0.12 (VIOLATED)
_37817_/B                               1.50    1.62   -0.12 (VIOLATED)
_44430_/A1                              1.50    1.62   -0.12 (VIOLATED)
_44431_/B                               1.50    1.62   -0.12 (VIOLATED)
_30459_/A                               1.50    1.62   -0.12 (VIOLATED)
_48982_/A1                              1.50    1.62   -0.12 (VIOLATED)
_50474_/B                               1.50    1.62   -0.12 (VIOLATED)
_50475_/A1                              1.50    1.62   -0.12 (VIOLATED)
_31453_/A                               1.50    1.62   -0.12 (VIOLATED)
_31048_/A                               1.50    1.62   -0.12 (VIOLATED)
_31713_/B2                              1.50    1.62   -0.12 (VIOLATED)
_42951_/A                               1.50    1.62   -0.12 (VIOLATED)
_36129_/B                               1.50    1.62   -0.12 (VIOLATED)
_36505_/B                               1.50    1.62   -0.12 (VIOLATED)
_38889_/A                               1.50    1.62   -0.12 (VIOLATED)
_29785_/A1                              1.50    1.62   -0.12 (VIOLATED)
_36764_/B                               1.50    1.62   -0.12 (VIOLATED)
_49633_/A1                              1.50    1.62   -0.12 (VIOLATED)
_29115_/A                               1.50    1.62   -0.12 (VIOLATED)
_43093_/A                               1.50    1.62   -0.12 (VIOLATED)
_49225_/A                               1.50    1.62   -0.12 (VIOLATED)
_49245_/A                               1.50    1.62   -0.12 (VIOLATED)
_45678_/A                               1.50    1.62   -0.12 (VIOLATED)
_45679_/B2                              1.50    1.62   -0.12 (VIOLATED)
_38507_/A2                              1.50    1.62   -0.12 (VIOLATED)
_39225_/A2                              1.50    1.62   -0.12 (VIOLATED)
_45344_/A                               1.50    1.62   -0.12 (VIOLATED)
_38941_/B                               1.50    1.62   -0.12 (VIOLATED)
_31765_/B2                              1.50    1.62   -0.12 (VIOLATED)
_51760_/A                               1.50    1.62   -0.12 (VIOLATED)
_51761_/B2                              1.50    1.62   -0.12 (VIOLATED)
_39286_/A2                              1.50    1.62   -0.12 (VIOLATED)
_45730_/B2                              1.50    1.62   -0.12 (VIOLATED)
_51204_/B1                              1.50    1.62   -0.12 (VIOLATED)
_39409_/A                               1.50    1.62   -0.12 (VIOLATED)
_45176_/B1                              1.50    1.62   -0.12 (VIOLATED)
_38652_/C1                              1.50    1.62   -0.12 (VIOLATED)
_38730_/A2                              1.50    1.62   -0.12 (VIOLATED)
_36788_/X                               1.51    1.62   -0.12 (VIOLATED)
_36128_/X                               1.51    1.62   -0.11 (VIOLATED)
_38505_/X                               1.51    1.62   -0.11 (VIOLATED)
_38651_/X                               1.51    1.62   -0.11 (VIOLATED)
_32225_/B                               1.50    1.61   -0.11 (VIOLATED)
_32894_/A                               1.50    1.61   -0.11 (VIOLATED)
_26991_/A1                              1.50    1.61   -0.11 (VIOLATED)
_26900_/A                               1.50    1.61   -0.11 (VIOLATED)
_26751_/A                               1.50    1.61   -0.11 (VIOLATED)
_39857_/A                               1.50    1.61   -0.11 (VIOLATED)
_46284_/A                               1.50    1.61   -0.11 (VIOLATED)
_46935_/A                               1.50    1.61   -0.11 (VIOLATED)
_40363_/B1                              1.50    1.61   -0.11 (VIOLATED)
_40688_/B1                              1.50    1.61   -0.11 (VIOLATED)
_38509_/C                               1.50    1.61   -0.11 (VIOLATED)
_44602_/B2                              1.50    1.61   -0.11 (VIOLATED)
_38860_/C                               1.50    1.61   -0.11 (VIOLATED)
_38861_/A2                              1.50    1.61   -0.11 (VIOLATED)
_45345_/B2                              1.50    1.60   -0.10 (VIOLATED)
_45426_/A                               1.50    1.60   -0.10 (VIOLATED)
_30781_/A                               1.50    1.60   -0.10 (VIOLATED)
_30782_/B2                              1.50    1.60   -0.10 (VIOLATED)
_51452_/A                               1.50    1.60   -0.10 (VIOLATED)
_51045_/A                               1.50    1.60   -0.10 (VIOLATED)
_45309_/A1                              1.50    1.60   -0.10 (VIOLATED)
_45639_/A                               1.50    1.60   -0.10 (VIOLATED)
_39183_/A2                              1.50    1.60   -0.10 (VIOLATED)
_39856_/X                               1.51    1.61   -0.10 (VIOLATED)
_51004_/B2                              1.50    1.60   -0.10 (VIOLATED)
_51003_/A                               1.50    1.60   -0.10 (VIOLATED)
_51321_/A1                              1.50    1.60   -0.10 (VIOLATED)
_31006_/A                               1.50    1.60   -0.10 (VIOLATED)
_31007_/B2                              1.50    1.60   -0.10 (VIOLATED)
_30829_/B2                              1.50    1.60   -0.10 (VIOLATED)
_31338_/A1                              1.50    1.60   -0.10 (VIOLATED)
_49746_/A1                              1.50    1.60   -0.10 (VIOLATED)
_29759_/A1                              1.50    1.60   -0.10 (VIOLATED)
_36020_/A1                              1.50    1.60   -0.10 (VIOLATED)
_30517_/A                               1.50    1.60   -0.10 (VIOLATED)
_50510_/A                               1.50    1.60   -0.10 (VIOLATED)
_37734_/B                               1.50    1.60   -0.10 (VIOLATED)
_44393_/A                               1.50    1.60   -0.10 (VIOLATED)
_38508_/X                               1.51    1.60   -0.10 (VIOLATED)
_43690_/B1                              1.50    1.60   -0.10 (VIOLATED)
_43736_/A1                              1.50    1.60   -0.10 (VIOLATED)
_37048_/A2                              1.50    1.60   -0.10 (VIOLATED)
_31275_/B2                              1.50    1.60   -0.10 (VIOLATED)
_39181_/A                               1.50    1.60   -0.10 (VIOLATED)
_30828_/A                               1.50    1.60   -0.10 (VIOLATED)
_30680_/A                               1.50    1.60   -0.10 (VIOLATED)
_38756_/A2                              1.50    1.60   -0.10 (VIOLATED)
_44851_/B2                              1.50    1.60   -0.10 (VIOLATED)
_38062_/C                               1.50    1.60   -0.10 (VIOLATED)
_51306_/B1                              1.50    1.60   -0.10 (VIOLATED)
_51271_/B2                              1.50    1.60   -0.10 (VIOLATED)
_50670_/A                               1.50    1.60   -0.10 (VIOLATED)
_39181_/X                               1.51    1.60   -0.10 (VIOLATED)
_46936_/B                               1.50    1.59   -0.09 (VIOLATED)
_39856_/A                               1.50    1.59   -0.09 (VIOLATED)
_39865_/A                               1.50    1.59   -0.09 (VIOLATED)
_26821_/B                               1.50    1.59   -0.09 (VIOLATED)
_26611_/A                               1.50    1.59   -0.09 (VIOLATED)
_26670_/B                               1.50    1.59   -0.09 (VIOLATED)
_46964_/B                               1.50    1.59   -0.09 (VIOLATED)
_32818_/B                               1.50    1.59   -0.09 (VIOLATED)
_32816_/A1                              1.50    1.59   -0.09 (VIOLATED)
_40282_/B                               1.50    1.59   -0.09 (VIOLATED)
_34805_/B                               1.50    1.59   -0.09 (VIOLATED)
_34806_/A1                              1.50    1.59   -0.09 (VIOLATED)
_28821_/B                               1.50    1.59   -0.09 (VIOLATED)
_28820_/A1                              1.50    1.59   -0.09 (VIOLATED)
_48770_/A1                              1.50    1.59   -0.09 (VIOLATED)
_48771_/B                               1.50    1.59   -0.09 (VIOLATED)
_42832_/B1                              1.50    1.59   -0.09 (VIOLATED)
_42833_/D                               1.50    1.59   -0.09 (VIOLATED)
_35552_/A1                              1.50    1.59   -0.09 (VIOLATED)
_28301_/B                               1.50    1.59   -0.09 (VIOLATED)
_37047_/X                               1.51    1.60   -0.09 (VIOLATED)
_38060_/X                               1.51    1.60   -0.09 (VIOLATED)
_47037_/A                               1.50    1.59   -0.09 (VIOLATED)
_27058_/B                               1.50    1.59   -0.09 (VIOLATED)
_27046_/B2                              1.50    1.59   -0.09 (VIOLATED)
_41156_/A                               1.50    1.59   -0.09 (VIOLATED)
_39996_/B                               1.50    1.59   -0.09 (VIOLATED)
_47151_/A                               1.50    1.59   -0.09 (VIOLATED)
_47150_/B2                              1.50    1.59   -0.09 (VIOLATED)
_32507_/A                               1.50    1.59   -0.09 (VIOLATED)
_26335_/A                               1.50    1.59   -0.09 (VIOLATED)
_26512_/A                               1.50    1.59   -0.09 (VIOLATED)
_32373_/A1                              1.50    1.59   -0.09 (VIOLATED)
_40193_/B                               1.50    1.59   -0.09 (VIOLATED)
_39988_/B                               1.50    1.59   -0.09 (VIOLATED)
_32495_/A                               1.50    1.59   -0.09 (VIOLATED)
_40883_/A                               1.50    1.59   -0.09 (VIOLATED)
_26504_/A                               1.50    1.59   -0.09 (VIOLATED)
_26500_/A                               1.50    1.59   -0.09 (VIOLATED)
_46351_/A1                              1.50    1.59   -0.09 (VIOLATED)
_39855_/X                               1.51    1.59   -0.09 (VIOLATED)
_46807_/A1                              1.50    1.59   -0.09 (VIOLATED)
_26952_/A1_N                            1.50    1.59   -0.09 (VIOLATED)
_42831_/X                               1.51    1.59   -0.09 (VIOLATED)
_39995_/X                               1.51    1.59   -0.08 (VIOLATED)
_39987_/X                               1.51    1.59   -0.08 (VIOLATED)
_31605_/B                               1.50    1.58   -0.08 (VIOLATED)
_31727_/B2                              1.50    1.58   -0.08 (VIOLATED)
_31064_/A                               1.50    1.58   -0.08 (VIOLATED)
_51722_/B2                              1.50    1.58   -0.08 (VIOLATED)
_51929_/B2                              1.50    1.58   -0.08 (VIOLATED)
_39354_/A                               1.50    1.58   -0.08 (VIOLATED)
_45693_/B2                              1.50    1.58   -0.08 (VIOLATED)
_39489_/A2                              1.50    1.58   -0.08 (VIOLATED)
_39490_/C                               1.50    1.58   -0.08 (VIOLATED)
_39106_/D                               1.50    1.58   -0.08 (VIOLATED)
_28445_/A1                              1.50    1.58   -0.08 (VIOLATED)
_28406_/B                               1.50    1.58   -0.08 (VIOLATED)
_48422_/A1                              1.50    1.58   -0.08 (VIOLATED)
_42364_/B1                              1.50    1.58   -0.08 (VIOLATED)
_34593_/A1                              1.50    1.58   -0.08 (VIOLATED)
_28612_/B                               1.50    1.58   -0.08 (VIOLATED)
_42549_/D                               1.50    1.58   -0.08 (VIOLATED)
_42550_/B1                              1.50    1.58   -0.08 (VIOLATED)
_48591_/A1                              1.50    1.58   -0.08 (VIOLATED)
_42834_/A                               1.50    1.58   -0.08 (VIOLATED)
_39105_/X                               1.51    1.58   -0.07 (VIOLATED)
_42363_/X                               1.51    1.58   -0.07 (VIOLATED)
_42330_/D                               1.50    1.57   -0.07 (VIOLATED)
_42367_/B1                              1.50    1.57   -0.07 (VIOLATED)
_29631_/A                               1.50    1.57   -0.07 (VIOLATED)
_49647_/A                               1.50    1.57   -0.07 (VIOLATED)
_42039_/B1                              1.50    1.57   -0.07 (VIOLATED)
_36883_/A                               1.50    1.57   -0.07 (VIOLATED)
_47657_/A                               1.50    1.57   -0.07 (VIOLATED)
_28409_/A                               1.50    1.57   -0.07 (VIOLATED)
_28443_/A1                              1.50    1.57   -0.07 (VIOLATED)
_28408_/B                               1.50    1.57   -0.07 (VIOLATED)
_27645_/A                               1.50    1.57   -0.07 (VIOLATED)
_33681_/B                               1.50    1.57   -0.07 (VIOLATED)
_33682_/A1                              1.50    1.57   -0.07 (VIOLATED)
_29093_/A                               1.50    1.57   -0.07 (VIOLATED)
_29141_/B2                              1.50    1.57   -0.07 (VIOLATED)
_48977_/A                               1.50    1.57   -0.07 (VIOLATED)
_48982_/B2                              1.50    1.57   -0.07 (VIOLATED)
_36791_/A2                              1.50    1.57   -0.07 (VIOLATED)
_43071_/A                               1.50    1.57   -0.07 (VIOLATED)
_36286_/C                               1.50    1.57   -0.07 (VIOLATED)
_39863_/A                               1.50    1.57   -0.07 (VIOLATED)
_46202_/A                               1.50    1.57   -0.07 (VIOLATED)
_31593_/B2                              1.50    1.57   -0.07 (VIOLATED)
_51609_/B                               1.50    1.57   -0.07 (VIOLATED)
_31728_/A                               1.50    1.57   -0.07 (VIOLATED)
_32225_/A                               1.50    1.57   -0.07 (VIOLATED)
_32323_/A                               1.50    1.57   -0.07 (VIOLATED)
_45579_/B                               1.50    1.57   -0.07 (VIOLATED)
_28408_/A                               1.50    1.57   -0.07 (VIOLATED)
_51723_/A                               1.50    1.57   -0.07 (VIOLATED)
_51061_/A                               1.50    1.57   -0.07 (VIOLATED)
_32952_/A                               1.50    1.57   -0.07 (VIOLATED)
_40688_/A2                              1.50    1.57   -0.07 (VIOLATED)
_40652_/C                               1.50    1.57   -0.07 (VIOLATED)
_39242_/A2                              1.50    1.57   -0.07 (VIOLATED)
_45694_/A                               1.50    1.57   -0.07 (VIOLATED)
_39243_/C                               1.50    1.57   -0.07 (VIOLATED)
_38530_/B                               1.50    1.57   -0.07 (VIOLATED)
_26991_/B2                              1.50    1.57   -0.07 (VIOLATED)
_26899_/A                               1.50    1.57   -0.07 (VIOLATED)
_33634_/A                               1.50    1.57   -0.07 (VIOLATED)
_26756_/A                               1.50    1.57   -0.07 (VIOLATED)
_33682_/B2                              1.50    1.57   -0.07 (VIOLATED)
_41533_/A                               1.50    1.57   -0.07 (VIOLATED)
_28040_/B2                              1.50    1.57   -0.07 (VIOLATED)
_47656_/A                               1.50    1.57   -0.07 (VIOLATED)
_48014_/A                               1.50    1.57   -0.07 (VIOLATED)
_42330_/C                               1.50    1.56   -0.06 (VIOLATED)
_42367_/A2                              1.50    1.56   -0.06 (VIOLATED)
_42039_/A2                              1.50    1.56   -0.06 (VIOLATED)
_42038_/X                               1.51    1.57   -0.06 (VIOLATED)
_36283_/X                               1.51    1.57   -0.06 (VIOLATED)
_38529_/X                               1.51    1.57   -0.06 (VIOLATED)
_39862_/X                               1.51    1.57   -0.06 (VIOLATED)
_41532_/X                               1.51    1.56   -0.06 (VIOLATED)
_43764_/B2                              1.50    1.56   -0.06 (VIOLATED)
_36995_/A2                              1.50    1.56   -0.06 (VIOLATED)
_36515_/A2                              1.50    1.56   -0.06 (VIOLATED)
_36221_/C                               1.50    1.56   -0.06 (VIOLATED)
_36223_/A2                              1.50    1.56   -0.06 (VIOLATED)
_43039_/B2                              1.50    1.56   -0.06 (VIOLATED)
_37113_/A                               1.50    1.56   -0.06 (VIOLATED)
_49834_/A1                              1.50    1.56   -0.06 (VIOLATED)
_49833_/B1                              1.50    1.56   -0.06 (VIOLATED)
_29849_/B1                              1.50    1.56   -0.06 (VIOLATED)
_32950_/B                               1.50    1.55   -0.05 (VIOLATED)
_40879_/A                               1.50    1.55   -0.05 (VIOLATED)
_27159_/B                               1.50    1.55   -0.05 (VIOLATED)
_40691_/A                               1.50    1.55   -0.05 (VIOLATED)
_40191_/B1                              1.50    1.55   -0.05 (VIOLATED)
_46931_/B                               1.50    1.55   -0.05 (VIOLATED)
_40189_/D                               1.50    1.55   -0.05 (VIOLATED)
_40650_/D                               1.50    1.55   -0.05 (VIOLATED)
_39984_/B1                              1.50    1.55   -0.05 (VIOLATED)
_46184_/A1                              1.50    1.55   -0.05 (VIOLATED)
_36220_/X                               1.51    1.56   -0.05 (VIOLATED)
_31542_/A1                              1.50    1.55   -0.05 (VIOLATED)
_31498_/B                               1.50    1.55   -0.05 (VIOLATED)
_51544_/A1                              1.50    1.55   -0.05 (VIOLATED)
_51506_/B                               1.50    1.55   -0.05 (VIOLATED)
_42193_/D                               1.50    1.55   -0.05 (VIOLATED)
_48327_/A                               1.50    1.55   -0.05 (VIOLATED)
_48178_/A                               1.50    1.55   -0.05 (VIOLATED)
_41525_/A                               1.50    1.55   -0.05 (VIOLATED)
_28200_/B                               1.50    1.55   -0.05 (VIOLATED)
_28267_/A                               1.50    1.55   -0.05 (VIOLATED)
_28360_/B                               1.50    1.55   -0.05 (VIOLATED)
_47752_/A                               1.50    1.55   -0.05 (VIOLATED)
_28119_/B                               1.50    1.55   -0.05 (VIOLATED)
_45475_/B                               1.50    1.55   -0.05 (VIOLATED)
_34254_/B                               1.50    1.55   -0.05 (VIOLATED)
_39040_/A                               1.50    1.55   -0.05 (VIOLATED)
_50795_/A1                              1.50    1.55   -0.05 (VIOLATED)
_39002_/D                               1.50    1.55   -0.05 (VIOLATED)
_38943_/B1                              1.50    1.55   -0.05 (VIOLATED)
_38518_/B1                              1.50    1.55   -0.05 (VIOLATED)
_39983_/X                               1.51    1.55   -0.04 (VIOLATED)
_36418_/A                               1.50    1.54   -0.04 (VIOLATED)
_36799_/A                               1.50    1.54   -0.04 (VIOLATED)
_36431_/A                               1.50    1.54   -0.04 (VIOLATED)
_43607_/A                               1.50    1.54   -0.04 (VIOLATED)
_43944_/A                               1.50    1.54   -0.04 (VIOLATED)
_43998_/A                               1.50    1.54   -0.04 (VIOLATED)
_49039_/B2                              1.50    1.54   -0.04 (VIOLATED)
_44034_/B2                              1.50    1.54   -0.04 (VIOLATED)
_36419_/A                               1.50    1.54   -0.04 (VIOLATED)
_29150_/A                               1.50    1.54   -0.04 (VIOLATED)
_41524_/X                               1.51    1.55   -0.04 (VIOLATED)
_38517_/X                               1.51    1.55   -0.04 (VIOLATED)
_35896_/A1                              1.50    1.54   -0.04 (VIOLATED)
_30490_/A1                              1.50    1.54   -0.04 (VIOLATED)
_30489_/B                               1.50    1.54   -0.04 (VIOLATED)
_44089_/A1                              1.50    1.54   -0.04 (VIOLATED)
_50482_/A1                              1.50    1.54   -0.04 (VIOLATED)
_50418_/A                               1.50    1.54   -0.04 (VIOLATED)
_44453_/A1                              1.50    1.54   -0.04 (VIOLATED)
_44454_/B                               1.50    1.54   -0.04 (VIOLATED)
_37758_/B                               1.50    1.54   -0.04 (VIOLATED)
_37759_/A1                              1.50    1.54   -0.04 (VIOLATED)
_36414_/X                               1.51    1.54   -0.04 (VIOLATED)
_28273_/A                               1.50    1.53   -0.03 (VIOLATED)
_34338_/A                               1.50    1.53   -0.03 (VIOLATED)
_33667_/B2                              1.50    1.53   -0.03 (VIOLATED)
_27674_/B2                              1.50    1.53   -0.03 (VIOLATED)
_27942_/A                               1.50    1.53   -0.03 (VIOLATED)
_37756_/X                               1.51    1.54   -0.03 (VIOLATED)
_47923_/A                               1.50    1.53   -0.03 (VIOLATED)
_41647_/A2                              1.50    1.53   -0.03 (VIOLATED)
_41488_/A2                              1.50    1.53   -0.03 (VIOLATED)
_48250_/A                               1.50    1.53   -0.03 (VIOLATED)
_42195_/C                               1.50    1.53   -0.03 (VIOLATED)
_41483_/X                               1.51    1.53   -0.03 (VIOLATED)
_32950_/A                               1.50    1.52   -0.02 (VIOLATED)
_26954_/A                               1.50    1.52   -0.02 (VIOLATED)
_40720_/A                               1.50    1.52   -0.02 (VIOLATED)
_46967_/B2                              1.50    1.52   -0.02 (VIOLATED)
_46931_/A                               1.50    1.52   -0.02 (VIOLATED)
_40650_/C                               1.50    1.52   -0.02 (VIOLATED)
_33156_/A                               1.50    1.52   -0.02 (VIOLATED)
_27160_/B2                              1.50    1.52   -0.02 (VIOLATED)
_27159_/A                               1.50    1.52   -0.02 (VIOLATED)
_40191_/A2                              1.50    1.52   -0.02 (VIOLATED)
_28019_/A                               1.50    1.52   -0.02 (VIOLATED)
_35459_/A1                              1.50    1.52   -0.02 (VIOLATED)
_34823_/A                               1.50    1.52   -0.02 (VIOLATED)
_28789_/A                               1.50    1.52   -0.02 (VIOLATED)
_28788_/B2                              1.50    1.52   -0.02 (VIOLATED)
_48809_/B2                              1.50    1.52   -0.02 (VIOLATED)
_48808_/A                               1.50    1.52   -0.02 (VIOLATED)
_42770_/A2                              1.50    1.52   -0.02 (VIOLATED)
_42771_/C                               1.50    1.52   -0.02 (VIOLATED)
_42776_/B2                              1.50    1.52   -0.02 (VIOLATED)
_28442_/B                               1.50    1.52   -0.02 (VIOLATED)
_28117_/A                               1.50    1.52   -0.02 (VIOLATED)
_41527_/A                               1.50    1.52   -0.02 (VIOLATED)
_42366_/D                               1.50    1.52   -0.02 (VIOLATED)
_42331_/B1                              1.50    1.52   -0.02 (VIOLATED)
_27640_/A                               1.50    1.52   -0.02 (VIOLATED)
_42041_/D                               1.50    1.52   -0.02 (VIOLATED)
_47658_/B                               1.50    1.52   -0.02 (VIOLATED)
_48384_/B                               1.50    1.52   -0.02 (VIOLATED)
_48385_/A1                              1.50    1.52   -0.02 (VIOLATED)
_42942_/A1                              1.50    1.52   -0.02 (VIOLATED)
_36503_/B                               1.50    1.52   -0.02 (VIOLATED)
_36761_/A2                              1.50    1.52   -0.02 (VIOLATED)
_37110_/D                               1.50    1.52   -0.02 (VIOLATED)
_43089_/A1                              1.50    1.52   -0.02 (VIOLATED)
_43825_/B                               1.50    1.52   -0.02 (VIOLATED)
_40190_/X                               1.51    1.52   -0.02 (VIOLATED)
_29864_/A1                              1.50    1.52   -0.02 (VIOLATED)
_43843_/A1                              1.50    1.52   -0.02 (VIOLATED)
_49220_/A1                              1.50    1.52   -0.02 (VIOLATED)
_36144_/A                               1.50    1.52   -0.02 (VIOLATED)
_48759_/A                               1.50    1.52   -0.02 (VIOLATED)
_48548_/B2                              1.50    1.52   -0.02 (VIOLATED)
_42502_/A2                              1.50    1.52   -0.02 (VIOLATED)
_34830_/A                               1.50    1.51   -0.01 (VIOLATED)
_34829_/B2                              1.50    1.51   -0.01 (VIOLATED)
_42803_/A2                              1.50    1.51   -0.01 (VIOLATED)
_42802_/C                               1.50    1.51   -0.01 (VIOLATED)
_28804_/A                               1.50    1.51   -0.01 (VIOLATED)
_28567_/B2                              1.50    1.51   -0.01 (VIOLATED)
_35450_/A1                              1.50    1.51   -0.01 (VIOLATED)
_42768_/X                               1.51    1.52   -0.01 (VIOLATED)
_39513_/A                               1.50    1.51   -0.01 (VIOLATED)
_39180_/C                               1.50    1.51   -0.01 (VIOLATED)
_44977_/B2                              1.50    1.51   -0.01 (VIOLATED)
_44976_/A                               1.50    1.51   -0.01 (VIOLATED)
_38065_/A2                              1.50    1.51   -0.01 (VIOLATED)
_38823_/A2                              1.50    1.51   -0.01 (VIOLATED)
_38822_/C1                              1.50    1.51   -0.01 (VIOLATED)
_45308_/B1                              1.50    1.51   -0.01 (VIOLATED)
_31337_/B1                              1.50    1.51   -0.01 (VIOLATED)
_50671_/B2                              1.50    1.51   -0.01 (VIOLATED)
_41526_/X                               1.51    1.52   -0.01 (VIOLATED)
_36143_/X                               1.51    1.52   -0.01 (VIOLATED)
_42500_/X                               1.51    1.51   -0.01 (VIOLATED)
_34217_/B1                              1.50    1.51   -0.01 (VIOLATED)
_34218_/A1                              1.50    1.51   -0.01 (VIOLATED)
_28172_/B2                              1.50    1.51   -0.01 (VIOLATED)
_42421_/A2                              1.50    1.51   -0.01 (VIOLATED)
_41867_/A                               1.50    1.51   -0.01 (VIOLATED)
_27691_/A1                              1.50    1.51   -0.01 (VIOLATED)
_27688_/A                               1.50    1.51   -0.01 (VIOLATED)
_34603_/A                               1.50    1.51   -0.01 (VIOLATED)
_41610_/A                               1.50    1.51   -0.01 (VIOLATED)
_27775_/B2                              1.50    1.51   -0.01 (VIOLATED)
_48601_/A                               1.50    1.51   -0.01 (VIOLATED)
_41870_/C                               1.50    1.51   -0.01 (VIOLATED)
_41662_/B                               1.50    1.51   -0.01 (VIOLATED)
_48214_/B1                              1.50    1.51   -0.01 (VIOLATED)
_48215_/A1                              1.50    1.51   -0.01 (VIOLATED)
_42562_/A                               1.50    1.51   -0.01 (VIOLATED)
_47598_/B2                              1.50    1.51   -0.01 (VIOLATED)
_41943_/C                               1.50    1.51   -0.01 (VIOLATED)
_42094_/A2                              1.50    1.51   -0.01 (VIOLATED)
_27722_/B2                              1.50    1.51   -0.01 (VIOLATED)
_38063_/X                               1.51    1.51   -0.01 (VIOLATED)
_38053_/B                               1.50    1.50   -0.00 (VIOLATED)
_38122_/B                               1.50    1.50   -0.00 (VIOLATED)
_44589_/A                               1.50    1.50   -0.00 (VIOLATED)
_44754_/A                               1.50    1.50   -0.00 (VIOLATED)
_30627_/A                               1.50    1.50   -0.00 (VIOLATED)
_30720_/A                               1.50    1.50   -0.00 (VIOLATED)
_51123_/A                               1.50    1.50   -0.00 (VIOLATED)
_50834_/A                               1.50    1.50   -0.00 (VIOLATED)
_37982_/A                               1.50    1.50   -0.00 (VIOLATED)
_50618_/A                               1.50    1.50   -0.00 (VIOLATED)
_41661_/X                               1.51    1.51   -0.00 (VIOLATED)
_41609_/X                               1.51    1.51   -0.00 (VIOLATED)

max capacitance

Pin                                    Limit     Cap   Slack
------------------------------------------------------------
_37390_/X                               0.13    0.22   -0.09 (VIOLATED)
_37670_/X                               0.13    0.21   -0.08 (VIOLATED)
_40741_/X                               0.13    0.21   -0.08 (VIOLATED)
_41419_/X                               0.13    0.19   -0.06 (VIOLATED)
_41005_/X                               0.13    0.18   -0.05 (VIOLATED)
_38194_/X                               0.13    0.18   -0.05 (VIOLATED)
_36883_/X                               0.13    0.17   -0.04 (VIOLATED)
_42678_/X                               0.13    0.17   -0.04 (VIOLATED)
_37335_/X                               0.13    0.17   -0.04 (VIOLATED)
_39104_/X                               0.13    0.17   -0.04 (VIOLATED)
_39353_/X                               0.13    0.17   -0.03 (VIOLATED)
_39403_/X                               0.13    0.16   -0.03 (VIOLATED)
_39799_/X                               0.13    0.16   -0.03 (VIOLATED)
_39871_/X                               0.13    0.16   -0.03 (VIOLATED)
_36425_/X                               0.13    0.16   -0.03 (VIOLATED)
_39354_/X                               0.13    0.16   -0.03 (VIOLATED)
_41869_/X                               0.13    0.16   -0.03 (VIOLATED)
_39865_/X                               0.13    0.16   -0.03 (VIOLATED)
_38531_/X                               0.13    0.16   -0.03 (VIOLATED)
_42433_/X                               0.13    0.16   -0.03 (VIOLATED)
_36420_/X                               0.13    0.16   -0.03 (VIOLATED)
_39409_/X                               0.13    0.16   -0.03 (VIOLATED)
_40720_/X                               0.13    0.15   -0.02 (VIOLATED)
_42362_/X                               0.13    0.15   -0.02 (VIOLATED)
_40690_/X                               0.13    0.15   -0.02 (VIOLATED)
_39074_/X                               0.13    0.15   -0.02 (VIOLATED)
_38197_/X                               0.13    0.15   -0.02 (VIOLATED)
_40393_/X                               0.13    0.15   -0.02 (VIOLATED)
_37336_/X                               0.13    0.15   -0.02 (VIOLATED)
_38292_/X                               0.13    0.15   -0.02 (VIOLATED)
_39663_/X                               0.13    0.15   -0.02 (VIOLATED)
_37289_/X                               0.13    0.15   -0.02 (VIOLATED)
_38196_/X                               0.13    0.15   -0.02 (VIOLATED)
_42769_/X                               0.13    0.15   -0.02 (VIOLATED)
_44329_/X                               0.13    0.14   -0.01 (VIOLATED)
_37111_/X                               0.13    0.14   -0.01 (VIOLATED)
_37982_/X                               0.13    0.14   -0.01 (VIOLATED)
_40742_/X                               0.13    0.14   -0.01 (VIOLATED)
_38505_/X                               0.13    0.14   -0.01 (VIOLATED)
_36788_/X                               0.13    0.14   -0.01 (VIOLATED)
_36128_/X                               0.13    0.14   -0.01 (VIOLATED)
_38651_/X                               0.13    0.14   -0.01 (VIOLATED)
_39856_/X                               0.13    0.14   -0.01 (VIOLATED)
_38508_/X                               0.13    0.14   -0.01 (VIOLATED)
_39181_/X                               0.13    0.14   -0.01 (VIOLATED)
_37047_/X                               0.13    0.14   -0.01 (VIOLATED)
_38060_/X                               0.13    0.14   -0.01 (VIOLATED)
_39855_/X                               0.13    0.14   -0.01 (VIOLATED)
_39995_/X                               0.13    0.14   -0.01 (VIOLATED)
_42831_/X                               0.13    0.14   -0.01 (VIOLATED)
_39987_/X                               0.13    0.14   -0.01 (VIOLATED)
_39105_/X                               0.13    0.14   -0.01 (VIOLATED)
_42363_/X                               0.13    0.14   -0.01 (VIOLATED)
_36283_/X                               0.13    0.14   -0.01 (VIOLATED)
_42038_/X                               0.13    0.14   -0.01 (VIOLATED)
_39862_/X                               0.13    0.14   -0.01 (VIOLATED)
_38529_/X                               0.13    0.14   -0.01 (VIOLATED)
_41532_/X                               0.13    0.14   -0.01 (VIOLATED)
_36220_/X                               0.13    0.14   -0.01 (VIOLATED)
_41524_/X                               0.13    0.14   -0.01 (VIOLATED)
_39983_/X                               0.13    0.14   -0.01 (VIOLATED)
_38517_/X                               0.13    0.14   -0.01 (VIOLATED)
_36414_/X                               0.13    0.13   -0.00 (VIOLATED)
_37756_/X                               0.13    0.13   -0.00 (VIOLATED)
_41483_/X                               0.13    0.13   -0.00 (VIOLATED)
_42768_/X                               0.13    0.13   -0.00 (VIOLATED)
_40190_/X                               0.13    0.13   -0.00 (VIOLATED)
_41526_/X                               0.13    0.13   -0.00 (VIOLATED)
_42500_/X                               0.13    0.13   -0.00 (VIOLATED)
_38063_/X                               0.13    0.13   -0.00 (VIOLATED)
_36143_/X                               0.13    0.13   -0.00 (VIOLATED)
_41609_/X                               0.13    0.13   -0.00 (VIOLATED)
_41661_/X                               0.13    0.13   -0.00 (VIOLATED)
_37981_/X                               0.13    0.13   -0.00 (VIOLATED)
_37306_/X                               0.13    0.13   -0.00 (VIOLATED)
_39812_/X                               0.13    0.13   -0.00 (VIOLATED)
_39867_/X                               0.13    0.13   -0.00 (VIOLATED)
_36549_/X                               0.13    0.13   -0.00 (VIOLATED)
_38061_/X                               0.13    0.13   -0.00 (VIOLATED)
_42325_/X                               0.13    0.13   -0.00 (VIOLATED)
_41390_/X                               0.13    0.13   -0.00 (VIOLATED)
_41153_/X                               0.13    0.13   -0.00 (VIOLATED)


max slew violations count Typical: 813
max fanout violations count Typical: 0
max cap violations count Typical: 82

===========================================================================
report_parasitic_annotation -report_unannotated
============================================================================
Found 1 unannotated drivers.
 clk
Found 0 partially unannotated drivers.

===========================================================================
max slew violation count 813
max fanout violation count 0
max cap violation count 82
============================================================================

===========================================================================
check_setup -verbose -unconstrained_endpoints -multiple_clock -no_clock -no_input_delay -loops -generated_clocks
===========================================================================
Warning: There are 514 input ports missing set_input_delay.
  A_flat[0]
  A_flat[100]
  A_flat[101]
  A_flat[102]
  A_flat[103]
  A_flat[104]
  A_flat[105]
  A_flat[106]
  A_flat[107]
  A_flat[108]
  A_flat[109]
  A_flat[10]
  A_flat[110]
  A_flat[111]
  A_flat[112]
  A_flat[113]
  A_flat[114]
  A_flat[115]
  A_flat[116]
  A_flat[117]
  A_flat[118]
  A_flat[119]
  A_flat[11]
  A_flat[120]
  A_flat[121]
  A_flat[122]
  A_flat[123]
  A_flat[124]
  A_flat[125]
  A_flat[126]
  A_flat[127]
  A_flat[128]
  A_flat[129]
  A_flat[12]
  A_flat[130]
  A_flat[131]
  A_flat[132]
  A_flat[133]
  A_flat[134]
  A_flat[135]
  A_flat[136]
  A_flat[137]
  A_flat[138]
  A_flat[139]
  A_flat[13]
  A_flat[140]
  A_flat[141]
  A_flat[142]
  A_flat[143]
  A_flat[144]
  A_flat[145]
  A_flat[146]
  A_flat[147]
  A_flat[148]
  A_flat[149]
  A_flat[14]
  A_flat[150]
  A_flat[151]
  A_flat[152]
  A_flat[153]
  A_flat[154]
  A_flat[155]
  A_flat[156]
  A_flat[157]
  A_flat[158]
  A_flat[159]
  A_flat[15]
  A_flat[160]
  A_flat[161]
  A_flat[162]
  A_flat[163]
  A_flat[164]
  A_flat[165]
  A_flat[166]
  A_flat[167]
  A_flat[168]
  A_flat[169]
  A_flat[16]
  A_flat[170]
  A_flat[171]
  A_flat[172]
  A_flat[173]
  A_flat[174]
  A_flat[175]
  A_flat[176]
  A_flat[177]
  A_flat[178]
  A_flat[179]
  A_flat[17]
  A_flat[180]
  A_flat[181]
  A_flat[182]
  A_flat[183]
  A_flat[184]
  A_flat[185]
  A_flat[186]
  A_flat[187]
  A_flat[188]
  A_flat[189]
  A_flat[18]
  A_flat[190]
  A_flat[191]
  A_flat[192]
  A_flat[193]
  A_flat[194]
  A_flat[195]
  A_flat[196]
  A_flat[197]
  A_flat[198]
  A_flat[199]
  A_flat[19]
  A_flat[1]
  A_flat[200]
  A_flat[201]
  A_flat[202]
  A_flat[203]
  A_flat[204]
  A_flat[205]
  A_flat[206]
  A_flat[207]
  A_flat[208]
  A_flat[209]
  A_flat[20]
  A_flat[210]
  A_flat[211]
  A_flat[212]
  A_flat[213]
  A_flat[214]
  A_flat[215]
  A_flat[216]
  A_flat[217]
  A_flat[218]
  A_flat[219]
  A_flat[21]
  A_flat[220]
  A_flat[221]
  A_flat[222]
  A_flat[223]
  A_flat[224]
  A_flat[225]
  A_flat[226]
  A_flat[227]
  A_flat[228]
  A_flat[229]
  A_flat[22]
  A_flat[230]
  A_flat[231]
  A_flat[232]
  A_flat[233]
  A_flat[234]
  A_flat[235]
  A_flat[236]
  A_flat[237]
  A_flat[238]
  A_flat[239]
  A_flat[23]
  A_flat[240]
  A_flat[241]
  A_flat[242]
  A_flat[243]
  A_flat[244]
  A_flat[245]
  A_flat[246]
  A_flat[247]
  A_flat[248]
  A_flat[249]
  A_flat[24]
  A_flat[250]
  A_flat[251]
  A_flat[252]
  A_flat[253]
  A_flat[254]
  A_flat[255]
  A_flat[25]
  A_flat[26]
  A_flat[27]
  A_flat[28]
  A_flat[29]
  A_flat[2]
  A_flat[30]
  A_flat[31]
  A_flat[32]
  A_flat[33]
  A_flat[34]
  A_flat[35]
  A_flat[36]
  A_flat[37]
  A_flat[38]
  A_flat[39]
  A_flat[3]
  A_flat[40]
  A_flat[41]
  A_flat[42]
  A_flat[43]
  A_flat[44]
  A_flat[45]
  A_flat[46]
  A_flat[47]
  A_flat[48]
  A_flat[49]
  A_flat[4]
  A_flat[50]
  A_flat[51]
  A_flat[52]
  A_flat[53]
  A_flat[54]
  A_flat[55]
  A_flat[56]
  A_flat[57]
  A_flat[58]
  A_flat[59]
  A_flat[5]
  A_flat[60]
  A_flat[61]
  A_flat[62]
  A_flat[63]
  A_flat[64]
  A_flat[65]
  A_flat[66]
  A_flat[67]
  A_flat[68]
  A_flat[69]
  A_flat[6]
  A_flat[70]
  A_flat[71]
  A_flat[72]
  A_flat[73]
  A_flat[74]
  A_flat[75]
  A_flat[76]
  A_flat[77]
  A_flat[78]
  A_flat[79]
  A_flat[7]
  A_flat[80]
  A_flat[81]
  A_flat[82]
  A_flat[83]
  A_flat[84]
  A_flat[85]
  A_flat[86]
  A_flat[87]
  A_flat[88]
  A_flat[89]
  A_flat[8]
  A_flat[90]
  A_flat[91]
  A_flat[92]
  A_flat[93]
  A_flat[94]
  A_flat[95]
  A_flat[96]
  A_flat[97]
  A_flat[98]
  A_flat[99]
  A_flat[9]
  B_flat[0]
  B_flat[100]
  B_flat[101]
  B_flat[102]
  B_flat[103]
  B_flat[104]
  B_flat[105]
  B_flat[106]
  B_flat[107]
  B_flat[108]
  B_flat[109]
  B_flat[10]
  B_flat[110]
  B_flat[111]
  B_flat[112]
  B_flat[113]
  B_flat[114]
  B_flat[115]
  B_flat[116]
  B_flat[117]
  B_flat[118]
  B_flat[119]
  B_flat[11]
  B_flat[120]
  B_flat[121]
  B_flat[122]
  B_flat[123]
  B_flat[124]
  B_flat[125]
  B_flat[126]
  B_flat[127]
  B_flat[128]
  B_flat[129]
  B_flat[12]
  B_flat[130]
  B_flat[131]
  B_flat[132]
  B_flat[133]
  B_flat[134]
  B_flat[135]
  B_flat[136]
  B_flat[137]
  B_flat[138]
  B_flat[139]
  B_flat[13]
  B_flat[140]
  B_flat[141]
  B_flat[142]
  B_flat[143]
  B_flat[144]
  B_flat[145]
  B_flat[146]
  B_flat[147]
  B_flat[148]
  B_flat[149]
  B_flat[14]
  B_flat[150]
  B_flat[151]
  B_flat[152]
  B_flat[153]
  B_flat[154]
  B_flat[155]
  B_flat[156]
  B_flat[157]
  B_flat[158]
  B_flat[159]
  B_flat[15]
  B_flat[160]
  B_flat[161]
  B_flat[162]
  B_flat[163]
  B_flat[164]
  B_flat[165]
  B_flat[166]
  B_flat[167]
  B_flat[168]
  B_flat[169]
  B_flat[16]
  B_flat[170]
  B_flat[171]
  B_flat[172]
  B_flat[173]
  B_flat[174]
  B_flat[175]
  B_flat[176]
  B_flat[177]
  B_flat[178]
  B_flat[179]
  B_flat[17]
  B_flat[180]
  B_flat[181]
  B_flat[182]
  B_flat[183]
  B_flat[184]
  B_flat[185]
  B_flat[186]
  B_flat[187]
  B_flat[188]
  B_flat[189]
  B_flat[18]
  B_flat[190]
  B_flat[191]
  B_flat[192]
  B_flat[193]
  B_flat[194]
  B_flat[195]
  B_flat[196]
  B_flat[197]
  B_flat[198]
  B_flat[199]
  B_flat[19]
  B_flat[1]
  B_flat[200]
  B_flat[201]
  B_flat[202]
  B_flat[203]
  B_flat[204]
  B_flat[205]
  B_flat[206]
  B_flat[207]
  B_flat[208]
  B_flat[209]
  B_flat[20]
  B_flat[210]
  B_flat[211]
  B_flat[212]
  B_flat[213]
  B_flat[214]
  B_flat[215]
  B_flat[216]
  B_flat[217]
  B_flat[218]
  B_flat[219]
  B_flat[21]
  B_flat[220]
  B_flat[221]
  B_flat[222]
  B_flat[223]
  B_flat[224]
  B_flat[225]
  B_flat[226]
  B_flat[227]
  B_flat[228]
  B_flat[229]
  B_flat[22]
  B_flat[230]
  B_flat[231]
  B_flat[232]
  B_flat[233]
  B_flat[234]
  B_flat[235]
  B_flat[236]
  B_flat[237]
  B_flat[238]
  B_flat[239]
  B_flat[23]
  B_flat[240]
  B_flat[241]
  B_flat[242]
  B_flat[243]
  B_flat[244]
  B_flat[245]
  B_flat[246]
  B_flat[247]
  B_flat[248]
  B_flat[249]
  B_flat[24]
  B_flat[250]
  B_flat[251]
  B_flat[252]
  B_flat[253]
  B_flat[254]
  B_flat[255]
  B_flat[25]
  B_flat[26]
  B_flat[27]
  B_flat[28]
  B_flat[29]
  B_flat[2]
  B_flat[30]
  B_flat[31]
  B_flat[32]
  B_flat[33]
  B_flat[34]
  B_flat[35]
  B_flat[36]
  B_flat[37]
  B_flat[38]
  B_flat[39]
  B_flat[3]
  B_flat[40]
  B_flat[41]
  B_flat[42]
  B_flat[43]
  B_flat[44]
  B_flat[45]
  B_flat[46]
  B_flat[47]
  B_flat[48]
  B_flat[49]
  B_flat[4]
  B_flat[50]
  B_flat[51]
  B_flat[52]
  B_flat[53]
  B_flat[54]
  B_flat[55]
  B_flat[56]
  B_flat[57]
  B_flat[58]
  B_flat[59]
  B_flat[5]
  B_flat[60]
  B_flat[61]
  B_flat[62]
  B_flat[63]
  B_flat[64]
  B_flat[65]
  B_flat[66]
  B_flat[67]
  B_flat[68]
  B_flat[69]
  B_flat[6]
  B_flat[70]
  B_flat[71]
  B_flat[72]
  B_flat[73]
  B_flat[74]
  B_flat[75]
  B_flat[76]
  B_flat[77]
  B_flat[78]
  B_flat[79]
  B_flat[7]
  B_flat[80]
  B_flat[81]
  B_flat[82]
  B_flat[83]
  B_flat[84]
  B_flat[85]
  B_flat[86]
  B_flat[87]
  B_flat[88]
  B_flat[89]
  B_flat[8]
  B_flat[90]
  B_flat[91]
  B_flat[92]
  B_flat[93]
  B_flat[94]
  B_flat[95]
  B_flat[96]
  B_flat[97]
  B_flat[98]
  B_flat[99]
  B_flat[9]
  rst
  start
Warning: There are 257 unconstrained endpoints.
  C_flat[0]
  C_flat[100]
  C_flat[101]
  C_flat[102]
  C_flat[103]
  C_flat[104]
  C_flat[105]
  C_flat[106]
  C_flat[107]
  C_flat[108]
  C_flat[109]
  C_flat[10]
  C_flat[110]
  C_flat[111]
  C_flat[112]
  C_flat[113]
  C_flat[114]
  C_flat[115]
  C_flat[116]
  C_flat[117]
  C_flat[118]
  C_flat[119]
  C_flat[11]
  C_flat[120]
  C_flat[121]
  C_flat[122]
  C_flat[123]
  C_flat[124]
  C_flat[125]
  C_flat[126]
  C_flat[127]
  C_flat[128]
  C_flat[129]
  C_flat[12]
  C_flat[130]
  C_flat[131]
  C_flat[132]
  C_flat[133]
  C_flat[134]
  C_flat[135]
  C_flat[136]
  C_flat[137]
  C_flat[138]
  C_flat[139]
  C_flat[13]
  C_flat[140]
  C_flat[141]
  C_flat[142]
  C_flat[143]
  C_flat[144]
  C_flat[145]
  C_flat[146]
  C_flat[147]
  C_flat[148]
  C_flat[149]
  C_flat[14]
  C_flat[150]
  C_flat[151]
  C_flat[152]
  C_flat[153]
  C_flat[154]
  C_flat[155]
  C_flat[156]
  C_flat[157]
  C_flat[158]
  C_flat[159]
  C_flat[15]
  C_flat[160]
  C_flat[161]
  C_flat[162]
  C_flat[163]
  C_flat[164]
  C_flat[165]
  C_flat[166]
  C_flat[167]
  C_flat[168]
  C_flat[169]
  C_flat[16]
  C_flat[170]
  C_flat[171]
  C_flat[172]
  C_flat[173]
  C_flat[174]
  C_flat[175]
  C_flat[176]
  C_flat[177]
  C_flat[178]
  C_flat[179]
  C_flat[17]
  C_flat[180]
  C_flat[181]
  C_flat[182]
  C_flat[183]
  C_flat[184]
  C_flat[185]
  C_flat[186]
  C_flat[187]
  C_flat[188]
  C_flat[189]
  C_flat[18]
  C_flat[190]
  C_flat[191]
  C_flat[192]
  C_flat[193]
  C_flat[194]
  C_flat[195]
  C_flat[196]
  C_flat[197]
  C_flat[198]
  C_flat[199]
  C_flat[19]
  C_flat[1]
  C_flat[200]
  C_flat[201]
  C_flat[202]
  C_flat[203]
  C_flat[204]
  C_flat[205]
  C_flat[206]
  C_flat[207]
  C_flat[208]
  C_flat[209]
  C_flat[20]
  C_flat[210]
  C_flat[211]
  C_flat[212]
  C_flat[213]
  C_flat[214]
  C_flat[215]
  C_flat[216]
  C_flat[217]
  C_flat[218]
  C_flat[219]
  C_flat[21]
  C_flat[220]
  C_flat[221]
  C_flat[222]
  C_flat[223]
  C_flat[224]
  C_flat[225]
  C_flat[226]
  C_flat[227]
  C_flat[228]
  C_flat[229]
  C_flat[22]
  C_flat[230]
  C_flat[231]
  C_flat[232]
  C_flat[233]
  C_flat[234]
  C_flat[235]
  C_flat[236]
  C_flat[237]
  C_flat[238]
  C_flat[239]
  C_flat[23]
  C_flat[240]
  C_flat[241]
  C_flat[242]
  C_flat[243]
  C_flat[244]
  C_flat[245]
  C_flat[246]
  C_flat[247]
  C_flat[248]
  C_flat[249]
  C_flat[24]
  C_flat[250]
  C_flat[251]
  C_flat[252]
  C_flat[253]
  C_flat[254]
  C_flat[255]
  C_flat[25]
  C_flat[26]
  C_flat[27]
  C_flat[28]
  C_flat[29]
  C_flat[2]
  C_flat[30]
  C_flat[31]
  C_flat[32]
  C_flat[33]
  C_flat[34]
  C_flat[35]
  C_flat[36]
  C_flat[37]
  C_flat[38]
  C_flat[39]
  C_flat[3]
  C_flat[40]
  C_flat[41]
  C_flat[42]
  C_flat[43]
  C_flat[44]
  C_flat[45]
  C_flat[46]
  C_flat[47]
  C_flat[48]
  C_flat[49]
  C_flat[4]
  C_flat[50]
  C_flat[51]
  C_flat[52]
  C_flat[53]
  C_flat[54]
  C_flat[55]
  C_flat[56]
  C_flat[57]
  C_flat[58]
  C_flat[59]
  C_flat[5]
  C_flat[60]
  C_flat[61]
  C_flat[62]
  C_flat[63]
  C_flat[64]
  C_flat[65]
  C_flat[66]
  C_flat[67]
  C_flat[68]
  C_flat[69]
  C_flat[6]
  C_flat[70]
  C_flat[71]
  C_flat[72]
  C_flat[73]
  C_flat[74]
  C_flat[75]
  C_flat[76]
  C_flat[77]
  C_flat[78]
  C_flat[79]
  C_flat[7]
  C_flat[80]
  C_flat[81]
  C_flat[82]
  C_flat[83]
  C_flat[84]
  C_flat[85]
  C_flat[86]
  C_flat[87]
  C_flat[88]
  C_flat[89]
  C_flat[8]
  C_flat[90]
  C_flat[91]
  C_flat[92]
  C_flat[93]
  C_flat[94]
  C_flat[95]
  C_flat[96]
  C_flat[97]
  C_flat[98]
  C_flat[99]
  C_flat[9]
  done
