
===========================================================================
report_checks -unconstrained
===========================================================================
======================= Typical Corner ===================================

Startpoint: _52435_ (rising edge-triggered flip-flop clocked by core_clock)
Endpoint: _52032_ (rising edge-triggered flip-flop clocked by core_clock)
Path Group: core_clock
Path Type: max

Fanout     Cap    Slew   Delay    Time   Description
-----------------------------------------------------------------------------
                          0.00    0.00   clock core_clock (rise edge)
                          0.00    0.00   clock source latency
     1    0.01    0.00    0.00    0.00 ^ clk (in)
                                         clk (net)
                  0.00    0.00    0.00 ^ clkbuf_0_clk/A (sky130_fd_sc_hd__clkbuf_16)
     4    0.02    0.04    0.11    0.11 ^ clkbuf_0_clk/X (sky130_fd_sc_hd__clkbuf_16)
                                         clknet_0_clk (net)
                  0.04    0.00    0.11 ^ clkbuf_2_2_0_clk/A (sky130_fd_sc_hd__clkbuf_8)
     4    0.02    0.05    0.13    0.23 ^ clkbuf_2_2_0_clk/X (sky130_fd_sc_hd__clkbuf_8)
                                         clknet_2_2_0_clk (net)
                  0.05    0.00    0.23 ^ clkbuf_4_10_0_clk/A (sky130_fd_sc_hd__clkbuf_8)
    10    0.05    0.10    0.17    0.40 ^ clkbuf_4_10_0_clk/X (sky130_fd_sc_hd__clkbuf_8)
                                         clknet_4_10_0_clk (net)
                  0.10    0.00    0.40 ^ clkbuf_leaf_121_clk/A (sky130_fd_sc_hd__clkbuf_8)
     5    0.02    0.05    0.15    0.55 ^ clkbuf_leaf_121_clk/X (sky130_fd_sc_hd__clkbuf_8)
                                         clknet_leaf_121_clk (net)
                  0.05    0.00    0.55 ^ _52435_/CLK (sky130_fd_sc_hd__dfxtp_4)
     6    0.07    0.10    0.41    0.96 v _52435_/Q (sky130_fd_sc_hd__dfxtp_4)
                                         m1.B12[0] (net)
                  0.10    0.01    0.97 v clone159/A (sky130_fd_sc_hd__clkbuf_16)
     5    0.04    0.05    0.19    1.16 v clone159/X (sky130_fd_sc_hd__clkbuf_16)
                                         net930 (net)
                  0.05    0.00    1.16 v _29779_/A (sky130_fd_sc_hd__and4_1)
     3    0.01    0.05    0.16    1.31 v _29779_/X (sky130_fd_sc_hd__and4_1)
                                         _12515_ (net)
                  0.05    0.00    1.31 v _29837_/A (sky130_fd_sc_hd__or3_1)
     2    0.01    0.09    0.40    1.71 v _29837_/X (sky130_fd_sc_hd__or3_1)
                                         _12579_ (net)
                  0.09    0.00    1.71 v _29843_/A1 (sky130_fd_sc_hd__a21o_1)
     3    0.01    0.06    0.20    1.91 v _29843_/X (sky130_fd_sc_hd__a21o_1)
                                         _12585_ (net)
                  0.06    0.00    1.91 v _29845_/A2 (sky130_fd_sc_hd__a21bo_1)
     2    0.01    0.06    0.22    2.13 v _29845_/X (sky130_fd_sc_hd__a21bo_1)
                                         _12588_ (net)
                  0.06    0.00    2.13 v _29846_/C (sky130_fd_sc_hd__and3_4)
     4    0.02    0.05    0.21    2.33 v _29846_/X (sky130_fd_sc_hd__and3_4)
                                         _12589_ (net)
                  0.05    0.00    2.33 v _29853_/C (sky130_fd_sc_hd__nor3_4)
     3    0.01    0.18    0.15    2.48 ^ _29853_/Y (sky130_fd_sc_hd__nor3_4)
                                         _12596_ (net)
                  0.18    0.00    2.48 ^ rebuffer17/A (sky130_fd_sc_hd__clkbuf_1)
     2    0.01    0.07    0.13    2.61 ^ rebuffer17/X (sky130_fd_sc_hd__clkbuf_1)
                                         net788 (net)
                  0.07    0.00    2.61 ^ rebuffer18/A (sky130_fd_sc_hd__buf_4)
     1    0.01    0.04    0.12    2.73 ^ rebuffer18/X (sky130_fd_sc_hd__buf_4)
                                         net789 (net)
                  0.04    0.00    2.73 ^ _29881_/C1 (sky130_fd_sc_hd__a211oi_4)
     4    0.02    0.08    0.05    2.78 v _29881_/Y (sky130_fd_sc_hd__a211oi_4)
                                         _12627_ (net)
                  0.08    0.00    2.78 v _29962_/A (sky130_fd_sc_hd__or4_4)
     3    0.02    0.12    0.60    3.38 v _29962_/X (sky130_fd_sc_hd__or4_4)
                                         _12716_ (net)
                  0.12    0.00    3.38 v _30002_/A1 (sky130_fd_sc_hd__a21o_1)
     2    0.01    0.04    0.19    3.58 v _30002_/X (sky130_fd_sc_hd__a21o_1)
                                         _12760_ (net)
                  0.04    0.00    3.58 v _30032_/B (sky130_fd_sc_hd__and3_4)
     3    0.02    0.05    0.19    3.76 v _30032_/X (sky130_fd_sc_hd__and3_4)
                                         _12793_ (net)
                  0.05    0.00    3.76 v _30039_/A (sky130_fd_sc_hd__or2_4)
     2    0.02    0.07    0.28    4.05 v _30039_/X (sky130_fd_sc_hd__or2_4)
                                         _12801_ (net)
                  0.07    0.00    4.05 v _30050_/A (sky130_fd_sc_hd__xnor2_4)
     2    0.02    0.22    0.24    4.29 ^ _30050_/Y (sky130_fd_sc_hd__xnor2_4)
                                         _12813_ (net)
                  0.22    0.00    4.29 ^ _30075_/A (sky130_fd_sc_hd__xor2_4)
     2    0.02    0.20    0.24    4.53 ^ _30075_/X (sky130_fd_sc_hd__xor2_4)
                                         _12841_ (net)
                  0.20    0.00    4.53 ^ _30076_/B (sky130_fd_sc_hd__nand2_2)
     2    0.01    0.07    0.11    4.64 v _30076_/Y (sky130_fd_sc_hd__nand2_2)
                                         _12842_ (net)
                  0.07    0.00    4.64 v _30078_/A1 (sky130_fd_sc_hd__a211oi_4)
     4    0.02    0.31    0.33    4.97 ^ _30078_/Y (sky130_fd_sc_hd__a211oi_4)
                                         _12844_ (net)
                  0.31    0.00    4.97 ^ _30139_/A (sky130_fd_sc_hd__or4_4)
     3    0.02    0.07    0.23    5.20 ^ _30139_/X (sky130_fd_sc_hd__or4_4)
                                         _12911_ (net)
                  0.07    0.00    5.20 ^ _30140_/B1_N (sky130_fd_sc_hd__a21bo_4)
     3    0.03    0.06    0.26    5.46 v _30140_/X (sky130_fd_sc_hd__a21bo_4)
                                         _12912_ (net)
                  0.06    0.00    5.46 v _30144_/A1 (sky130_fd_sc_hd__a211o_4)
     2    0.01    0.06    0.34    5.80 v _30144_/X (sky130_fd_sc_hd__a211o_4)
                                         _12917_ (net)
                  0.06    0.00    5.80 v _30146_/A3 (sky130_fd_sc_hd__a31o_4)
     2    0.02    0.06    0.27    6.07 v _30146_/X (sky130_fd_sc_hd__a31o_4)
                                         _12919_ (net)
                  0.06    0.00    6.08 v _30154_/A1 (sky130_fd_sc_hd__a21o_4)
     2    0.02    0.06    0.23    6.31 v _30154_/X (sky130_fd_sc_hd__a21o_4)
                                         _12928_ (net)
                  0.06    0.00    6.31 v _30159_/A2 (sky130_fd_sc_hd__a21o_4)
     2    0.02    0.05    0.24    6.55 v _30159_/X (sky130_fd_sc_hd__a21o_4)
                                         _12933_ (net)
                  0.05    0.00    6.55 v _30161_/A2 (sky130_fd_sc_hd__a21o_4)
     2    0.02    0.05    0.24    6.79 v _30161_/X (sky130_fd_sc_hd__a21o_4)
                                         _12935_ (net)
                  0.05    0.00    6.79 v _30326_/A (sky130_fd_sc_hd__xor2_4)
     3    0.04    0.31    0.31    7.10 ^ _30326_/X (sky130_fd_sc_hd__xor2_4)
                                         _13117_ (net)
                  0.31    0.00    7.10 ^ _30399_/A (sky130_fd_sc_hd__xnor2_2)
     2    0.01    0.08    0.12    7.23 v _30399_/Y (sky130_fd_sc_hd__xnor2_2)
                                         _13197_ (net)
                  0.08    0.00    7.23 v _30400_/C1 (sky130_fd_sc_hd__a311o_1)
     3    0.01    0.08    0.32    7.54 v _30400_/X (sky130_fd_sc_hd__a311o_1)
                                         _13198_ (net)
                  0.08    0.00    7.54 v _30554_/B (sky130_fd_sc_hd__and3_1)
     1    0.00    0.04    0.17    7.72 v _30554_/X (sky130_fd_sc_hd__and3_1)
                                         _13367_ (net)
                  0.04    0.00    7.72 v _30556_/A (sky130_fd_sc_hd__or2_1)
     1    0.00    0.05    0.22    7.94 v _30556_/X (sky130_fd_sc_hd__or2_1)
                                         _13369_ (net)
                  0.05    0.00    7.94 v _30557_/A (sky130_fd_sc_hd__clkbuf_1)
     1    0.00    0.03    0.09    8.03 v _30557_/X (sky130_fd_sc_hd__clkbuf_1)
                                         _00322_ (net)
                  0.03    0.00    8.03 v _52032_/D (sky130_fd_sc_hd__dfrtp_4)
                                  8.03   data arrival time

                         10.00   10.00   clock core_clock (rise edge)
                          0.00   10.00   clock source latency
     1    0.01    0.00    0.00   10.00 ^ clk (in)
                                         clk (net)
                  0.00    0.00   10.00 ^ clkbuf_0_clk/A (sky130_fd_sc_hd__clkbuf_16)
     4    0.02    0.04    0.11   10.11 ^ clkbuf_0_clk/X (sky130_fd_sc_hd__clkbuf_16)
                                         clknet_0_clk (net)
                  0.04    0.00   10.11 ^ clkbuf_2_0_0_clk/A (sky130_fd_sc_hd__clkbuf_8)
     4    0.02    0.05    0.13   10.23 ^ clkbuf_2_0_0_clk/X (sky130_fd_sc_hd__clkbuf_8)
                                         clknet_2_0_0_clk (net)
                  0.05    0.00   10.23 ^ clkbuf_4_0_0_clk/A (sky130_fd_sc_hd__clkbuf_8)
    16    0.06    0.12    0.19   10.42 ^ clkbuf_4_0_0_clk/X (sky130_fd_sc_hd__clkbuf_8)
                                         clknet_4_0_0_clk (net)
                  0.12    0.00   10.42 ^ clkbuf_leaf_163_clk/A (sky130_fd_sc_hd__clkbuf_8)
     5    0.02    0.05    0.16   10.58 ^ clkbuf_leaf_163_clk/X (sky130_fd_sc_hd__clkbuf_8)
                                         clknet_leaf_163_clk (net)
                  0.05    0.00   10.58 ^ _52032_/CLK (sky130_fd_sc_hd__dfrtp_4)
                          0.00   10.58   clock reconvergence pessimism
                         -0.11   10.47   library setup time
                                 10.47   data required time
-----------------------------------------------------------------------------
                                 10.47   data required time
                                 -8.03   data arrival time
-----------------------------------------------------------------------------
                                  2.44   slack (MET)




===========================================================================
report_checks --slack_max -0.01
============================================================================
======================= Typical Corner ===================================

No paths found.


===========================================================================
 report_check_types -max_slew -max_cap -max_fanout -violators
============================================================================
======================= Typical Corner ===================================


max slew violations count Typical: 0
max fanout violations count Typical: 0
max cap violations count Typical: 0

===========================================================================
report_parasitic_annotation -report_unannotated
============================================================================
Found 130 unannotated drivers.
 clkload0/Y
 clkload1/Y
 clkload10/Y
 clkload100/Y
 clkload101/Y
 clkload102/Y
 clkload103/Y
 clkload104/Y
 clkload105/Y
 clkload106/Y
 clkload107/Y
 clkload108/Y
 clkload109/Y
 clkload11/X
 clkload110/Y
 clkload111/Y
 clkload112/Y
 clkload113/X
 clkload114/Y
 clkload115/Y
 clkload116/X
 clkload117/Y
 clkload118/Y
 clkload119/X
 clkload12/Y
 clkload120/X
 clkload121/X
 clkload122/Y
 clkload123/Y
 clkload124/Y
 clkload125/Y
 clkload13/X
 clkload14/Y
 clkload15/Y
 clkload16/Y
 clkload17/Y
 clkload18/Y
 clkload19/Y
 clkload2/Y
 clkload20/Y
 clkload21/Y
 clkload22/Y
 clkload23/Y
 clkload24/Y
 clkload25/Y
 clkload26/Y
 clkload27/Y
 clkload28/X
 clkload29/Y
 clkload3/Y
 clkload30/X
 clkload31/X
 clkload32/Y
 clkload33/X
 clkload34/Y
 clkload35/Y
 clkload36/Y
 clkload37/X
 clkload38/Y
 clkload39/Y
 clkload4/Y
 clkload40/Y
 clkload41/Y
 clkload42/Y
 clkload43/Y
 clkload44/Y
 clkload45/Y
 clkload46/Y
 clkload47/Y
 clkload48/Y
 clkload49/Y
 clkload5/Y
 clkload50/X
 clkload51/Y
 clkload52/Y
 clkload53/Y
 clkload54/Y
 clkload55/Y
 clkload56/Y
 clkload57/Y
 clkload58/Y
 clkload59/Y
 clkload6/Y
 clkload60/Y
 clkload61/Y
 clkload62/Y
 clkload63/Y
 clkload64/Y
 clkload65/Y
 clkload66/Y
 clkload67/Y
 clkload68/Y
 clkload69/Y
 clkload7/Y
 clkload70/Y
 clkload71/Y
 clkload72/Y
 clkload73/X
 clkload74/X
 clkload75/Y
 clkload76/Y
 clkload77/Y
 clkload78/Y
 clkload79/Y
 clkload8/Y
 clkload80/Y
 clkload81/X
 clkload82/Y
 clkload83/Y
 clkload84/Y
 clkload85/Y
 clkload86/Y
 clkload87/Y
 clkload88/Y
 clkload89/Y
 clkload9/Y
 clkload90/Y
 clkload91/X
 clkload92/Y
 clkload93/Y
 clkload94/Y
 clkload95/Y
 clkload96/Y
 clkload97/Y
 clkload98/Y
 clkload99/Y
 clone9/X
 rebuffer10/X
 rebuffer67/X
 rebuffer8/X
Found 5053 partially unannotated drivers.
 A_flat[161]
 A_flat[164]
 A_flat[212]
 A_flat[29]
 A_flat[32]
 A_flat[42]
 A_flat[95]
 clk
 rst
 _25986_/Y
 _25994_/X
 _25998_/Y
 _26007_/X
 _26029_/X
 _26087_/Y
 _26122_/Y
 _26139_/X
 _26140_/X
 _26142_/X
 _26146_/Y
 _26154_/Y
 _26165_/Y
 _26177_/X
 _26180_/Y
 _26182_/X
 _26189_/X
 _26203_/Y
 _26204_/X
 _26206_/Y
 _26211_/Y
 _26214_/X
 _26217_/X
 _26219_/Y
 _26224_/X
 _26226_/X
 _26228_/X
 _26233_/Y
 _26243_/X
 _26256_/Y
 _26301_/Y
 _26304_/Y
 _26314_/Y
 _26330_/X
 _26334_/Y
 _26344_/X
 _26349_/X
 _26352_/X
 _26365_/X
 _26368_/X
 _26369_/Y
 _26371_/Y
 _26373_/X
 _26376_/Y
 _26378_/Y
 _26382_/X
 _26383_/Y
 _26402_/Y
 _26404_/X
 _26405_/X
 _26417_/Y
 _26419_/X
 _26420_/Y
 _26424_/X
 _26425_/Y
 _26437_/Y
 _26440_/Y
 _26463_/Y
 _26467_/X
 _26472_/Y
 _26486_/Y
 _26490_/X
 _26491_/Y
 _26493_/Y
 _26499_/Y
 _26511_/X
 _26514_/X
 _26523_/Y
 _26531_/X
 _26537_/X
 _26552_/X
 _26555_/Y
 _26556_/X
 _26557_/Y
 _26563_/X
 _26570_/Y
 _26579_/Y
 _26582_/X
 _26590_/Y
 _26596_/X
 _26603_/Y
 _26604_/Y
 _26618_/X
 _26619_/X
 _26620_/Y
 _26633_/X
 _26651_/X
 _26655_/X
 _26658_/X
 _26666_/X
 _26670_/X
 _26674_/X
 _26680_/Y
 _26684_/X
 _26691_/Y
 _26704_/Y
 _26710_/Y
 _26711_/Y
 _26712_/Y
 _26721_/X
 _26725_/X
 _26737_/Y
 _26740_/Y
 _26756_/Y
 _26761_/X
 _26764_/X
 _26772_/X
 _26779_/Y
 _26791_/Y
 _26792_/X
 _26794_/Y
 _26798_/Y
 _26800_/Y
 _26818_/X
 _26825_/Y
 _26832_/Y
 _26843_/X
 _26844_/Y
 _26860_/X
 _26884_/X
 _26886_/Y
 _26891_/X
 _26892_/X
 _26893_/X
 _26911_/Y
 _26915_/X
 _26931_/Y
 _26946_/Y
 _26990_/X
 _27027_/X
 _27044_/Y
 _27045_/X
 _27074_/X
 _27080_/Y
 _27101_/X
 _27102_/X
 _27104_/Y
 _27112_/X
 _27128_/X
 _27133_/X
 _27143_/X
 _27147_/X
 _27151_/X
 _27152_/Y
 _27153_/X
 _27163_/X
 _27168_/X
 _27171_/Y
 _27179_/X
 _27197_/Y
 _27202_/X
 _27203_/Y
 _27219_/Y
 _27225_/Y
 _27229_/Y
 _27255_/X
 _27269_/Y
 _27275_/Y
 _27279_/Y
 _27298_/Y
 _27333_/Y
 _27337_/Y
 _27346_/Y
 _27353_/X
 _27358_/X
 _27373_/X
 _27374_/X
 _27381_/Y
 _27393_/Y
 _27395_/Y
 _27397_/X
 _27408_/Y
 _27414_/Y
 _27420_/Y
 _27423_/Y
 _27424_/X
 _27425_/X
 _27427_/Y
 _27436_/Y
 _27437_/Y
 _27467_/X
 _27469_/X
 _27512_/Y
 _27513_/X
 _27520_/Y
 _27539_/X
 _27559_/Y
 _27566_/X
 _27567_/Y
 _27568_/Y
 _27580_/Y
 _27588_/Y
 _27617_/Y
 _27618_/X
 _27632_/Y
 _27642_/Y
 _27645_/Y
 _27648_/X
 _27649_/Y
 _27654_/Y
 _27655_/X
 _27656_/Y
 _27659_/Y
 _27660_/X
 _27663_/Y
 _27664_/Y
 _27667_/X
 _27674_/Y
 _27678_/X
 _27682_/Y
 _27687_/X
 _27693_/X
 _27694_/Y
 _27704_/X
 _27737_/X
 _27741_/Y
 _27742_/Y
 _27757_/Y
 _27761_/X
 _27774_/X
 _27777_/Y
 _27783_/Y
 _27787_/X
 _27789_/Y
 _27793_/X
 _27795_/X
 _27796_/X
 _27797_/X
 _27800_/X
 _27810_/Y
 _27812_/Y
 _27814_/X
 _27816_/Y
 _27822_/Y
 _27829_/Y
 _27832_/Y
 _27833_/Y
 _27839_/X
 _27840_/X
 _27843_/Y
 _27846_/Y
 _27848_/Y
 _27850_/X
 _27853_/Y
 _27863_/X
 _27864_/Y
 _27869_/Y
 _27870_/X
 _27871_/Y
 _27880_/X
 _27882_/Y
 _27886_/X
 _27888_/X
 _27889_/X
 _27904_/Y
 _27934_/Y
 _27935_/X
 _27936_/X
 _27951_/Y
 _27957_/X
 _27973_/X
 _27974_/Y
 _27978_/X
 _27984_/Y
 _27989_/X
 _28001_/Y
 _28006_/X
 _28007_/X
 _28009_/Y
 _28014_/X
 _28022_/Y
 _28026_/Y
 _28034_/Y
 _28038_/X
 _28042_/X
 _28043_/X
 _28047_/Y
 _28050_/X
 _28053_/Y
 _28054_/X
 _28057_/X
 _28058_/X
 _28062_/Y
 _28067_/Y
 _28068_/X
 _28073_/X
 _28075_/Y
 _28076_/X
 _28101_/Y
 _28103_/X
 _28117_/Y
 _28119_/X
 _28120_/Y
 _28122_/X
 _28138_/X
 _28146_/Y
 _28152_/Y
 _28166_/Y
 _28171_/X
 _28179_/X
 _28183_/X
 _28184_/Y
 _28201_/X
 _28211_/X
 _28224_/Y
 _28232_/X
 _28234_/X
 _28238_/Y
 _28242_/Y
 _28254_/Y
 _28266_/X
 _28274_/X
 _28279_/X
 _28292_/Y
 _28297_/X
 _28298_/Y
 _28300_/X
 _28301_/X
 _28302_/Y
 _28314_/X
 _28316_/Y
 _28319_/Y
 _28337_/Y
 _28342_/X
 _28343_/X
 _28352_/Y
 _28358_/Y
 _28364_/X
 _28368_/Y
 _28381_/X
 _28402_/X
 _28406_/X
 _28408_/Y
 _28420_/Y
 _28425_/X
 _28451_/Y
 _28461_/Y
 _28463_/X
 _28472_/X
 _28487_/Y
 _28496_/Y
 _28497_/X
 _28511_/X
 _28512_/X
 _28522_/Y
 _28526_/X
 _28529_/X
 _28574_/Y
 _28590_/X
 _28601_/Y
 _28616_/Y
 _28621_/X
 _28647_/X
 _28651_/Y
 _28654_/X
 _28664_/Y
 _28671_/Y
 _28675_/Y
 _28683_/Y
 _28704_/X
 _28708_/Y
 _28711_/X
 _28713_/X
 _28716_/Y
 _28720_/Y
 _28722_/Y
 _28724_/X
 _28732_/X
 _28735_/Y
 _28740_/X
 _28742_/Y
 _28743_/X
 _28745_/Y
 _28793_/X
 _28799_/Y
 _28808_/X
 _28832_/X
 _28859_/Y
 _28861_/X
 _28871_/Y
 _28874_/Y
 _28875_/Y
 _28876_/Y
 _28877_/Y
 _28883_/Y
 _28884_/Y
 _28954_/X
 _28956_/X
 _28957_/X
 _28958_/X
 _28963_/X
 _28968_/X
 _28974_/X
 _28975_/X
 _28976_/X
 _28978_/Y
 _28984_/X
 _28985_/Y
 _28986_/X
 _28987_/X
 _28992_/X
 _28995_/X
 _28997_/X
 _28998_/X
 _29000_/Y
 _29002_/X
 _29003_/X
 _29004_/X
 _29005_/X
 _29006_/X
 _29008_/X
 _29009_/X
 _29011_/X
 _29013_/X
 _29014_/X
 _29016_/X
 _29017_/X
 _29018_/X
 _29020_/X
 _29027_/X
 _29028_/X
 _29032_/Y
 _29036_/Y
 _29040_/X
 _29041_/X
 _29042_/Y
 _29049_/X
 _29053_/X
 _29054_/X
 _29055_/X
 _29057_/Y
 _29064_/X
 _29066_/X
 _29070_/Y
 _29078_/X
 _29079_/X
 _29082_/X
 _29083_/X
 _29085_/X
 _29089_/X
 _29090_/X
 _29091_/X
 _29092_/X
 _29093_/X
 _29097_/Y
 _29104_/Y
 _29105_/X
 _29106_/Y
 _29109_/X
 _29112_/X
 _29114_/X
 _29116_/Y
 _29119_/Y
 _29124_/X
 _29127_/X
 _29129_/Y
 _29132_/Y
 _29139_/X
 _29140_/X
 _29141_/Y
 _29142_/X
 _29147_/Y
 _29148_/X
 _29149_/X
 _29151_/X
 _29152_/Y
 _29153_/X
 _29154_/X
 _29155_/X
 _29157_/Y
 _29158_/X
 _29159_/X
 _29160_/Y
 _29161_/Y
 _29164_/X
 _29165_/X
 _29166_/Y
 _29169_/X
 _29170_/X
 _29171_/X
 _29174_/X
 _29177_/X
 _29179_/X
 _29182_/X
 _29185_/X
 _29186_/X
 _29187_/X
 _29190_/Y
 _29192_/X
 _29194_/X
 _29195_/X
 _29200_/Y
 _29205_/X
 _29206_/X
 _29207_/X
 _29209_/X
 _29210_/X
 _29211_/Y
 _29213_/X
 _29216_/Y
 _29219_/X
 _29220_/X
 _29223_/Y
 _29228_/X
 _29229_/X
 _29231_/X
 _29232_/Y
 _29234_/Y
 _29243_/X
 _29248_/X
 _29249_/X
 _29254_/Y
 _29258_/X
 _29262_/X
 _29264_/X
 _29266_/Y
 _29271_/X
 _29289_/X
 _29292_/Y
 _29293_/X
 _29302_/Y
 _29310_/Y
 _29324_/Y
 _29329_/X
 _29331_/X
 _29333_/X
 _29334_/X
 _29338_/X
 _29341_/Y
 _29354_/X
 _29355_/X
 _29356_/X
 _29358_/X
 _29359_/X
 _29361_/X
 _29362_/X
 _29363_/X
 _29366_/X
 _29367_/X
 _29368_/X
 _29372_/X
 _29373_/X
 _29376_/X
 _29377_/X
 _29384_/X
 _29389_/X
 _29390_/X
 _29391_/X
 _29393_/X
 _29394_/X
 _29396_/Y
 _29398_/X
 _29399_/Y
 _29401_/X
 _29404_/Y
 _29407_/X
 _29412_/Y
 _29418_/Y
 _29424_/X
 _29427_/Y
 _29428_/X
 _29429_/X
 _29430_/X
 _29431_/X
 _29432_/X
 _29433_/X
 _29435_/Y
 _29436_/X
 _29437_/X
 _29438_/X
 _29439_/X
 _29440_/X
 _29441_/X
 _29443_/X
 _29444_/X
 _29445_/X
 _29450_/X
 _29451_/X
 _29452_/X
 _29454_/X
 _29456_/X
 _29461_/Y
 _29463_/Y
 _29467_/X
 _29468_/Y
 _29469_/X
 _29479_/X
 _29482_/X
 _29488_/X
 _29491_/X
 _29492_/X
 _29497_/X
 _29505_/X
 _29506_/X
 _29521_/X
 _29522_/Y
 _29526_/X
 _29527_/X
 _29538_/X
 _29540_/Y
 _29543_/Y
 _29544_/Y
 _29546_/X
 _29549_/X
 _29550_/X
 _29554_/Y
 _29566_/X
 _29575_/Y
 _29586_/X
 _29587_/X
 _29596_/X
 _29597_/X
 _29600_/X
 _29610_/X
 _29613_/Y
 _29614_/X
 _29615_/Y
 _29621_/Y
 _29631_/Y
 _29634_/Y
 _29637_/X
 _29644_/Y
 _29646_/X
 _29649_/X
 _29650_/Y
 _29651_/Y
 _29655_/X
 _29659_/X
 _29671_/Y
 _29675_/Y
 _29680_/Y
 _29682_/X
 _29684_/Y
 _29685_/X
 _29692_/Y
 _29693_/Y
 _29696_/X
 _29698_/X
 _29709_/X
 _29710_/Y
 _29730_/X
 _29732_/Y
 _29733_/Y
 _29742_/Y
 _29746_/X
 _29748_/Y
 _29756_/Y
 _29760_/X
 _29761_/Y
 _29771_/X
 _29779_/X
 _29786_/Y
 _29795_/X
 _29799_/Y
 _29812_/Y
 _29814_/Y
 _29818_/Y
 _29827_/X
 _29840_/Y
 _29848_/X
 _29864_/Y
 _29873_/Y
 _29885_/Y
 _29889_/Y
 _29897_/Y
 _29898_/X
 _29900_/X
 _29906_/Y
 _29911_/Y
 _29913_/X
 _29915_/Y
 _29929_/Y
 _29931_/Y
 _29956_/X
 _29960_/X
 _29963_/Y
 _29964_/Y
 _29969_/Y
 _29975_/Y
 _29980_/Y
 _29981_/X
 _29989_/Y
 _29990_/Y
 _29994_/X
 _30004_/Y
 _30008_/Y
 _30009_/X
 _30010_/X
 _30014_/X
 _30015_/X
 _30017_/X
 _30019_/Y
 _30020_/X
 _30024_/Y
 _30026_/X
 _30035_/Y
 _30049_/X
 _30051_/X
 _30052_/Y
 _30055_/X
 _30056_/X
 _30061_/X
 _30087_/X
 _30088_/Y
 _30089_/Y
 _30094_/X
 _30096_/Y
 _30103_/X
 _30109_/X
 _30110_/X
 _30111_/X
 _30112_/Y
 _30119_/X
 _30120_/X
 _30166_/X
 _30167_/X
 _30176_/X
 _30183_/X
 _30184_/Y
 _30185_/X
 _30187_/X
 _30204_/X
 _30208_/X
 _30211_/Y
 _30212_/X
 _30214_/Y
 _30219_/X
 _30225_/Y
 _30227_/Y
 _30228_/Y
 _30231_/X
 _30232_/X
 _30233_/X
 _30237_/Y
 _30238_/X
 _30244_/X
 _30248_/X
 _30249_/X
 _30250_/X
 _30257_/X
 _30261_/Y
 _30265_/Y
 _30268_/Y
 _30274_/X
 _30290_/X
 _30291_/X
 _30292_/X
 _30297_/Y
 _30307_/X
 _30308_/Y
 _30310_/Y
 _30330_/X
 _30335_/Y
 _30339_/Y
 _30341_/X
 _30343_/Y
 _30344_/X
 _30349_/X
 _30351_/X
 _30354_/Y
 _30357_/Y
 _30360_/Y
 _30362_/X
 _30364_/Y
 _30371_/Y
 _30377_/Y
 _30382_/X
 _30384_/Y
 _30411_/X
 _30415_/X
 _30419_/X
 _30427_/X
 _30431_/X
 _30434_/X
 _30445_/Y
 _30451_/Y
 _30455_/X
 _30460_/X
 _30465_/Y
 _30467_/X
 _30468_/X
 _30469_/X
 _30475_/Y
 _30479_/X
 _30480_/Y
 _30483_/X
 _30501_/X
 _30505_/Y
 _30506_/X
 _30507_/X
 _30511_/X
 _30516_/X
 _30525_/Y
 _30528_/Y
 _30530_/Y
 _30531_/Y
 _30540_/Y
 _30562_/Y
 _30574_/X
 _30577_/X
 _30583_/Y
 _30592_/X
 _30630_/Y
 _30655_/Y
 _30700_/X
 _30703_/Y
 _30713_/Y
 _30721_/Y
 _30761_/Y
 _30763_/Y
 _30779_/Y
 _30785_/Y
 _30790_/Y
 _30795_/X
 _30801_/X
 _30807_/X
 _30829_/Y
 _30854_/Y
 _30861_/Y
 _30870_/X
 _30881_/X
 _30896_/X
 _30902_/X
 _30905_/X
 _30921_/Y
 _30926_/X
 _30928_/X
 _30931_/Y
 _30938_/Y
 _30942_/Y
 _30943_/Y
 _30949_/X
 _30950_/X
 _30952_/Y
 _30953_/X
 _30955_/Y
 _30962_/X
 _30963_/X
 _30969_/Y
 _30978_/X
 _30979_/Y
 _30987_/X
 _31023_/X
 _31024_/Y
 _31043_/Y
 _31045_/Y
 _31048_/X
 _31051_/Y
 _31063_/X
 _31075_/Y
 _31082_/X
 _31089_/X
 _31101_/Y
 _31106_/Y
 _31110_/Y
 _31114_/Y
 _31122_/X
 _31124_/Y
 _31125_/X
 _31134_/X
 _31148_/X
 _31162_/X
 _31169_/X
 _31173_/X
 _31184_/X
 _31190_/Y
 _31191_/X
 _31192_/X
 _31193_/X
 _31196_/Y
 _31200_/Y
 _31204_/X
 _31205_/Y
 _31207_/X
 _31209_/Y
 _31221_/Y
 _31229_/Y
 _31237_/Y
 _31239_/Y
 _31240_/X
 _31242_/Y
 _31244_/X
 _31245_/Y
 _31248_/Y
 _31257_/Y
 _31270_/X
 _31280_/Y
 _31286_/Y
 _31289_/X
 _31298_/Y
 _31317_/Y
 _31330_/X
 _31355_/Y
 _31374_/X
 _31379_/X
 _31380_/Y
 _31383_/Y
 _31384_/X
 _31385_/X
 _31386_/X
 _31388_/Y
 _31392_/Y
 _31395_/Y
 _31401_/X
 _31410_/X
 _31446_/Y
 _31451_/Y
 _31455_/Y
 _31457_/Y
 _31462_/Y
 _31478_/Y
 _31493_/Y
 _31497_/Y
 _31498_/X
 _31500_/Y
 _31501_/Y
 _31511_/Y
 _31517_/X
 _31525_/Y
 _31526_/Y
 _31539_/X
 _31540_/X
 _31542_/Y
 _31550_/Y
 _31570_/Y
 _31575_/X
 _31579_/X
 _31583_/Y
 _31585_/X
 _31586_/Y
 _31592_/X
 _31593_/Y
 _31595_/X
 _31605_/X
 _31606_/X
 _31656_/X
 _31700_/X
 _31714_/X
 _31716_/X
 _31719_/X
 _31726_/X
 _31735_/Y
 _31742_/Y
 _31746_/X
 _31748_/X
 _31752_/X
 _31756_/Y
 _31758_/X
 _31759_/X
 _31763_/X
 _31766_/Y
 _31777_/Y
 _31781_/Y
 _31791_/X
 _31797_/X
 _31809_/Y
 _31811_/X
 _31812_/Y
 _31822_/Y
 _31826_/Y
 _31830_/Y
 _31834_/X
 _31839_/X
 _31862_/Y
 _31870_/X
 _31873_/Y
 _31885_/Y
 _31898_/Y
 _31899_/Y
 _31901_/Y
 _31902_/Y
 _31928_/Y
 _31949_/Y
 _31959_/Y
 _31971_/Y
 _31972_/Y
 _31974_/Y
 _31976_/X
 _31990_/Y
 _32042_/X
 _32060_/X
 _32062_/X
 _32065_/Y
 _32067_/Y
 _32075_/Y
 _32079_/Y
 _32083_/X
 _32084_/Y
 _32085_/X
 _32086_/X
 _32098_/X
 _32100_/X
 _32101_/Y
 _32110_/Y
 _32111_/Y
 _32122_/Y
 _32128_/X
 _32135_/Y
 _32136_/X
 _32140_/Y
 _32141_/X
 _32154_/Y
 _32155_/X
 _32157_/Y
 _32184_/Y
 _32189_/X
 _32190_/Y
 _32196_/Y
 _32201_/Y
 _32204_/X
 _32212_/Y
 _32218_/X
 _32220_/X
 _32224_/Y
 _32228_/Y
 _32232_/Y
 _32236_/X
 _32237_/X
 _32238_/X
 _32243_/Y
 _32247_/Y
 _32253_/X
 _32257_/X
 _32260_/X
 _32265_/Y
 _32266_/X
 _32267_/Y
 _32268_/Y
 _32276_/Y
 _32285_/X
 _32289_/X
 _32297_/Y
 _32302_/Y
 _32308_/Y
 _32318_/X
 _32326_/X
 _32327_/X
 _32329_/Y
 _32330_/Y
 _32333_/X
 _32334_/Y
 _32345_/Y
 _32346_/X
 _32351_/Y
 _32360_/X
 _32361_/Y
 _32363_/Y
 _32365_/X
 _32368_/Y
 _32374_/X
 _32375_/Y
 _32381_/Y
 _32387_/X
 _32388_/X
 _32390_/Y
 _32391_/X
 _32393_/Y
 _32396_/X
 _32400_/Y
 _32402_/X
 _32404_/X
 _32406_/X
 _32409_/Y
 _32415_/X
 _32416_/Y
 _32417_/X
 _32423_/Y
 _32428_/X
 _32429_/Y
 _32440_/Y
 _32452_/Y
 _32459_/Y
 _32460_/X
 _32465_/Y
 _32468_/X
 _32469_/X
 _32471_/Y
 _32479_/X
 _32484_/X
 _32485_/Y
 _32487_/X
 _32491_/X
 _32494_/Y
 _32506_/X
 _32519_/Y
 _32525_/X
 _32529_/X
 _32533_/X
 _32534_/X
 _32537_/X
 _32539_/Y
 _32545_/Y
 _32549_/X
 _32550_/Y
 _32551_/X
 _32552_/Y
 _32554_/Y
 _32558_/Y
 _32564_/X
 _32578_/X
 _32579_/Y
 _32580_/Y
 _32584_/X
 _32587_/X
 _32590_/X
 _32591_/X
 _32595_/X
 _32599_/X
 _32604_/X
 _32607_/Y
 _32611_/Y
 _32615_/X
 _32616_/Y
 _32620_/Y
 _32621_/X
 _32628_/Y
 _32633_/X
 _32634_/Y
 _32636_/X
 _32648_/X
 _32658_/X
 _32664_/X
 _32666_/X
 _32670_/X
 _32676_/Y
 _32680_/X
 _32682_/Y
 _32684_/Y
 _32687_/Y
 _32694_/X
 _32695_/Y
 _32701_/X
 _32719_/X
 _32733_/Y
 _32734_/Y
 _32738_/Y
 _32747_/X
 _32749_/X
 _32752_/Y
 _32764_/Y
 _32768_/X
 _32781_/X
 _32782_/Y
 _32815_/X
 _32816_/X
 _32823_/X
 _32824_/Y
 _32830_/X
 _32839_/Y
 _32843_/X
 _32845_/X
 _32854_/X
 _32855_/Y
 _32856_/X
 _32870_/Y
 _32885_/X
 _32892_/X
 _32893_/Y
 _32894_/Y
 _32895_/X
 _32896_/Y
 _32913_/Y
 _32921_/Y
 _32922_/Y
 _32926_/X
 _32927_/X
 _32943_/X
 _32949_/Y
 _32950_/X
 _32952_/Y
 _32953_/X
 _32954_/Y
 _32968_/Y
 _32986_/X
 _33000_/Y
 _33004_/X
 _33016_/Y
 _33025_/X
 _33032_/Y
 _33042_/X
 _33056_/X
 _33099_/Y
 _33104_/X
 _33111_/X
 _33121_/Y
 _33123_/X
 _33129_/X
 _33136_/Y
 _33137_/X
 _33150_/X
 _33152_/X
 _33155_/X
 _33165_/X
 _33168_/Y
 _33176_/X
 _33183_/Y
 _33187_/X
 _33198_/X
 _33200_/Y
 _33204_/X
 _33213_/Y
 _33218_/Y
 _33219_/X
 _33220_/Y
 _33222_/Y
 _33226_/Y
 _33230_/Y
 _33237_/X
 _33239_/X
 _33240_/Y
 _33241_/X
 _33243_/X
 _33246_/Y
 _33250_/Y
 _33252_/X
 _33254_/Y
 _33255_/X
 _33261_/Y
 _33263_/X
 _33264_/X
 _33268_/Y
 _33272_/Y
 _33274_/Y
 _33290_/Y
 _33291_/X
 _33304_/Y
 _33313_/Y
 _33320_/X
 _33321_/Y
 _33336_/Y
 _33337_/Y
 _33339_/Y
 _33363_/X
 _33368_/Y
 _33374_/Y
 _33375_/X
 _33385_/Y
 _33392_/Y
 _33398_/Y
 _33404_/X
 _33413_/Y
 _33416_/Y
 _33423_/Y
 _33426_/X
 _33428_/Y
 _33434_/Y
 _33455_/X
 _33494_/Y
 _33502_/X
 _33549_/Y
 _33551_/X
 _33577_/X
 _33583_/Y
 _33596_/X
 _33605_/Y
 _33626_/X
 _33634_/Y
 _33636_/X
 _33637_/Y
 _33640_/Y
 _33641_/Y
 _33654_/Y
 _33655_/X
 _33656_/Y
 _33660_/Y
 _33666_/X
 _33670_/Y
 _33675_/Y
 _33680_/X
 _33681_/Y
 _33682_/X
 _33686_/X
 _33698_/X
 _33702_/Y
 _33739_/Y
 _33743_/Y
 _33758_/Y
 _33761_/Y
 _33769_/X
 _33775_/Y
 _33788_/X
 _33797_/Y
 _33814_/Y
 _33819_/X
 _33820_/X
 _33826_/Y
 _33855_/Y
 _33863_/X
 _33870_/X
 _33872_/X
 _33877_/Y
 _33879_/Y
 _33881_/X
 _33882_/X
 _33885_/X
 _33889_/Y
 _33897_/Y
 _33908_/X
 _33910_/Y
 _33921_/X
 _33922_/X
 _33930_/Y
 _33931_/Y
 _33937_/Y
 _33939_/X
 _33947_/Y
 _33955_/Y
 _33989_/Y
 _34014_/Y
 _34024_/X
 _34035_/X
 _34041_/Y
 _34047_/Y
 _34051_/Y
 _34060_/Y
 _34097_/Y
 _34102_/X
 _34113_/Y
 _34117_/X
 _34119_/Y
 _34121_/Y
 _34127_/Y
 _34131_/X
 _34142_/X
 _34170_/Y
 _34184_/X
 _34194_/Y
 _34195_/X
 _34201_/X
 _34240_/X
 _34245_/Y
 _34257_/X
 _34258_/Y
 _34261_/Y
 _34262_/X
 _34265_/Y
 _34276_/X
 _34315_/Y
 _34316_/Y
 _34331_/Y
 _34338_/Y
 _34339_/X
 _34346_/Y
 _34349_/Y
 _34350_/X
 _34358_/Y
 _34374_/X
 _34376_/Y
 _34380_/X
 _34381_/X
 _34388_/Y
 _34389_/X
 _34391_/Y
 _34394_/X
 _34396_/Y
 _34398_/Y
 _34405_/X
 _34421_/X
 _34422_/X
 _34424_/Y
 _34428_/X
 _34452_/X
 _34453_/Y
 _34458_/Y
 _34468_/Y
 _34477_/Y
 _34478_/X
 _34481_/X
 _34490_/X
 _34491_/X
 _34500_/X
 _34506_/X
 _34530_/X
 _34539_/X
 _34565_/X
 _34567_/X
 _34577_/X
 _34585_/Y
 _34591_/Y
 _34601_/X
 _34604_/Y
 _34610_/Y
 _34627_/X
 _34638_/X
 _34640_/X
 _34643_/Y
 _34645_/Y
 _34651_/Y
 _34675_/X
 _34680_/Y
 _34684_/Y
 _34686_/Y
 _34687_/X
 _34689_/X
 _34691_/X
 _34694_/Y
 _34699_/Y
 _34701_/Y
 _34706_/Y
 _34723_/X
 _34738_/X
 _34753_/Y
 _34763_/X
 _34764_/Y
 _34767_/X
 _34779_/Y
 _34780_/Y
 _34781_/Y
 _34784_/Y
 _34790_/Y
 _34792_/X
 _34810_/Y
 _34812_/Y
 _34818_/Y
 _34821_/Y
 _34828_/Y
 _34834_/X
 _34839_/X
 _34840_/Y
 _34847_/Y
 _34856_/Y
 _34859_/Y
 _34865_/Y
 _34872_/Y
 _34873_/X
 _34874_/X
 _34933_/X
 _34935_/X
 _34936_/X
 _34947_/X
 _34948_/X
 _34959_/X
 _34981_/X
 _34992_/X
 _35003_/X
 _35014_/X
 _35036_/X
 _35047_/X
 _35058_/X
 _35059_/X
 _35081_/X
 _35103_/X
 _35114_/X
 _35125_/X
 _35136_/X
 _35147_/X
 _35158_/X
 _35169_/X
 _35180_/X
 _35202_/X
 _35219_/X
 _35220_/Y
 _35221_/X
 _35224_/X
 _35225_/X
 _35232_/X
 _35242_/X
 _35245_/X
 _35248_/X
 _35253_/X
 _35273_/X
 _35274_/X
 _35276_/X
 _35279_/X
 _35286_/X
 _35287_/X
 _35290_/X
 _35293_/X
 _35294_/X
 _35301_/X
 _35308_/X
 _35315_/X
 _35318_/X
 _35319_/X
 _35325_/X
 _35330_/X
 _35332_/X
 _35338_/X
 _35346_/X
 _35352_/X
 _35381_/X
 _35383_/X
 _35384_/X
 _35385_/X
 _35388_/X
 _35397_/X
 _35403_/X
 _35406_/X
 _35409_/X
 _35412_/X
 _35413_/X
 _35416_/X
 _35420_/X
 _35423_/X
 _35426_/X
 _35429_/X
 _35432_/X
 _35438_/X
 _35449_/X
 _35452_/X
 _35458_/X
 _35464_/X
 _35467_/X
 _35470_/X
 _35480_/X
 _35481_/X
 _35484_/X
 _35492_/X
 _35499_/X
 _35502_/X
 _35505_/X
 _35508_/X
 _35509_/X
 _35512_/X
 _35513_/X
 _35516_/X
 _35522_/X
 _35544_/X
 _35545_/X
 _35560_/X
 _35569_/X
 _35577_/X
 _35580_/X
 _35585_/X
 _35586_/X
 _35589_/X
 _35592_/X
 _35595_/X
 _35598_/X
 _35601_/X
 _35604_/X
 _35608_/X
 _35609_/X
 _35612_/X
 _35615_/X
 _35633_/X
 _35645_/X
 _35648_/X
 _35657_/X
 _35668_/X
 _35669_/X
 _35674_/X
 _35675_/X
 _35687_/X
 _35693_/X
 _35696_/X
 _35716_/X
 _35728_/X
 _35731_/X
 _35734_/X
 _35735_/X
 _35739_/X
 _35743_/X
 _35770_/X
 _35771_/X
 _35777_/X
 _35783_/X
 _35789_/X
 _35792_/X
 _35795_/X
 _35798_/X
 _35799_/X
 _35802_/X
 _35803_/X
 _35806_/X
 _35809_/X
 _35812_/X
 _35818_/X
 _35821_/X
 _35830_/X
 _35835_/X
 _35841_/X
 _35847_/X
 _35859_/X
 _35863_/X
 _35866_/X
 _35867_/X
 _35870_/X
 _35876_/X
 _35879_/X
 _35895_/X
 _35899_/X
 _35930_/X
 _35931_/X
 _35934_/X
 _35940_/X
 _35943_/X
 _35946_/X
 _35949_/X
 _35952_/X
 _35955_/X
 _35956_/X
 _35957_/X
 _35959_/X
 _35962_/X
 _35963_/X
 _35966_/X
 _35969_/X
 _35972_/X
 _35975_/X
 _35978_/X
 _35981_/X
 _35984_/X
 _35987_/X
 _35991_/X
 _35995_/X
 _35998_/X
 _35999_/X
 _36001_/X
 _36003_/X
 _36006_/X
 _36007_/X
 _36012_/X
 _36013_/X
 _36016_/X
 _36019_/X
 _36022_/X
 _36025_/X
 _36034_/X
 _36037_/X
 _36040_/X
 _36049_/Y
 _36050_/X
 _36051_/X
 _36052_/X
 _36055_/X
 _36056_/X
 _36058_/X
 _36059_/X
 _36065_/X
 _36066_/X
 _36067_/X
 _36068_/X
 _36069_/X
 _36071_/X
 _36073_/X
 _36074_/X
 _36076_/X
 _36077_/X
 _36078_/X
 _36080_/X
 _36081_/X
 _36082_/X
 _36083_/X
 _36084_/X
 _36087_/X
 _36089_/X
 _36090_/X
 _36092_/X
 _36095_/X
 _36096_/X
 _36097_/X
 _36099_/X
 _36102_/X
 _36105_/X
 _36106_/X
 _36107_/X
 _36108_/X
 _36110_/X
 _36111_/X
 _36112_/X
 _36113_/X
 _36114_/X
 _36115_/X
 _36116_/Y
 _36117_/X
 _36118_/X
 _36119_/X
 _36120_/X
 _36121_/X
 _36124_/X
 _36126_/X
 _36127_/X
 _36128_/X
 _36134_/Y
 _36137_/X
 _36138_/X
 _36139_/X
 _36142_/Y
 _36143_/X
 _36144_/X
 _36146_/X
 _36147_/X
 _36148_/Y
 _36151_/X
 _36152_/X
 _36153_/X
 _36157_/X
 _36159_/X
 _36161_/X
 _36162_/X
 _36163_/X
 _36164_/X
 _36166_/X
 _36167_/X
 _36169_/X
 _36170_/X
 _36171_/X
 _36172_/X
 _36173_/X
 _36175_/X
 _36176_/X
 _36177_/X
 _36178_/X
 _36182_/X
 _36183_/X
 _36184_/X
 _36185_/X
 _36186_/X
 _36188_/X
 _36190_/X
 _36191_/X
 _36202_/X
 _36205_/X
 _36207_/Y
 _36208_/Y
 _36219_/X
 _36220_/X
 _36222_/X
 _36224_/X
 _36226_/X
 _36227_/X
 _36228_/X
 _36236_/X
 _36237_/Y
 _36238_/Y
 _36239_/X
 _36240_/X
 _36241_/X
 _36242_/X
 _36243_/X
 _36244_/X
 _36245_/X
 _36246_/X
 _36247_/X
 _36248_/X
 _36249_/X
 _36250_/X
 _36251_/X
 _36252_/X
 _36254_/X
 _36255_/X
 _36256_/X
 _36257_/X
 _36259_/X
 _36260_/X
 _36265_/X
 _36266_/X
 _36268_/Y
 _36276_/X
 _36278_/Y
 _36279_/X
 _36280_/X
 _36281_/X
 _36282_/X
 _36283_/X
 _36284_/X
 _36285_/X
 _36288_/X
 _36292_/X
 _36298_/Y
 _36301_/X
 _36302_/X
 _36303_/X
 _36306_/Y
 _36310_/Y
 _36311_/X
 _36326_/X
 _36330_/X
 _36343_/X
 _36344_/Y
 _36348_/Y
 _36349_/Y
 _36350_/X
 _36351_/X
 _36352_/X
 _36354_/X
 _36356_/X
 _36357_/X
 _36359_/X
 _36360_/X
 _36361_/X
 _36362_/X
 _36363_/X
 _36364_/X
 _36365_/X
 _36368_/X
 _36369_/X
 _36370_/X
 _36377_/X
 _36378_/X
 _36379_/X
 _36380_/X
 _36381_/X
 _36383_/X
 _36384_/X
 _36385_/X
 _36386_/X
 _36387_/X
 _36388_/X
 _36389_/X
 _36391_/X
 _36393_/X
 _36401_/X
 _36402_/X
 _36403_/X
 _36412_/X
 _36413_/X
 _36414_/X
 _36415_/X
 _36416_/X
 _36417_/X
 _36419_/X
 _36420_/X
 _36422_/X
 _36423_/X
 _36424_/X
 _36425_/X
 _36426_/X
 _36429_/X
 _36431_/X
 _36434_/X
 _36443_/X
 _36444_/X
 _36447_/X
 _36450_/X
 _36451_/X
 _36452_/X
 _36453_/X
 _36457_/X
 _36458_/X
 _36459_/X
 _36460_/X
 _36461_/X
 _36467_/X
 _36468_/X
 _36471_/X
 _36495_/X
 _36496_/X
 _36501_/X
 _36508_/Y
 _36511_/X
 _36512_/X
 _36513_/X
 _36516_/X
 _36521_/Y
 _36525_/Y
 _36528_/Y
 _36530_/X
 _36542_/X
 _36543_/X
 _36544_/X
 _36546_/X
 _36547_/X
 _36549_/X
 _36550_/X
 _36554_/X
 _36555_/X
 _36563_/X
 _36564_/X
 _36566_/X
 _36584_/X
 _36588_/X
 _36589_/X
 _36591_/X
 _36592_/X
 _36593_/X
 _36596_/X
 _36597_/X
 _36599_/X
 _36600_/X
 _36601_/X
 _36602_/X
 _36603_/X
 _36604_/X
 _36607_/X
 _36608_/X
 _36612_/X
 _36614_/X
 _36615_/X
 _36616_/X
 _36617_/X
 _36618_/X
 _36620_/X
 _36621_/X
 _36629_/X
 _36630_/X
 _36631_/X
 _36632_/X
 _36633_/X
 _36634_/X
 _36636_/X
 _36637_/X
 _36638_/X
 _36639_/X
 _36640_/Y
 _36642_/X
 _36643_/X
 _36644_/X
 _36645_/X
 _36659_/Y
 _36675_/X
 _36676_/X
 _36677_/X
 _36678_/X
 _36679_/X
 _36680_/X
 _36682_/Y
 _36686_/X
 _36687_/X
 _36688_/X
 _36689_/X
 _36690_/X
 _36691_/X
 _36692_/X
 _36693_/X
 _36694_/X
 _36695_/X
 _36696_/X
 _36697_/X
 _36698_/X
 _36699_/X
 _36700_/X
 _36702_/X
 _36707_/X
 _36708_/X
 _36712_/X
 _36713_/X
 _36738_/Y
 _36752_/Y
 _36753_/X
 _36755_/X
 _36759_/X
 _36762_/X
 _36765_/Y
 _36768_/Y
 _36773_/X
 _36787_/X
 _36788_/X
 _36789_/X
 _36790_/X
 _36797_/X
 _36799_/X
 _36800_/X
 _36806_/X
 _36807_/X
 _36815_/X
 _36827_/X
 _36829_/Y
 _36830_/X
 _36839_/X
 _36867_/X
 _36868_/Y
 _36871_/X
 _36882_/X
 _36883_/X
 _36885_/X
 _36886_/Y
 _36887_/X
 _36888_/Y
 _36892_/Y
 _36896_/X
 _36908_/X
 _36912_/Y
 _36914_/X
 _36939_/Y
 _36942_/X
 _36944_/X
 _36975_/Y
 _36979_/X
 _36983_/Y
 _36990_/X
 _36991_/Y
 _36992_/X
 _36994_/X
 _36995_/Y
 _37000_/Y
 _37007_/X
 _37009_/X
 _37011_/X
 _37036_/X
 _37042_/Y
 _37044_/X
 _37045_/X
 _37046_/X
 _37047_/X
 _37083_/Y
 _37091_/Y
 _37098_/X
 _37100_/X
 _37103_/Y
 _37105_/Y
 _37111_/X
 _37112_/X
 _37113_/X
 _37148_/X
 _37153_/X
 _37155_/Y
 _37156_/X
 _37159_/Y
 _37160_/Y
 _37166_/X
 _37211_/X
 _37214_/Y
 _37226_/X
 _37232_/Y
 _37237_/Y
 _37239_/Y
 _37240_/X
 _37248_/X
 _37250_/X
 _37252_/Y
 _37267_/X
 _37268_/X
 _37269_/Y
 _37272_/Y
 _37273_/X
 _37274_/X
 _37275_/X
 _37276_/X
 _37277_/X
 _37280_/X
 _37282_/Y
 _37288_/Y
 _37289_/X
 _37290_/X
 _37296_/Y
 _37305_/X
 _37306_/X
 _37308_/Y
 _37332_/X
 _37335_/X
 _37336_/X
 _37341_/X
 _37363_/X
 _37365_/X
 _37367_/X
 _37390_/X
 _37391_/Y
 _37392_/X
 _37393_/X
 _37395_/X
 _37431_/Y
 _37433_/X
 _37434_/X
 _37435_/X
 _37436_/X
 _37442_/X
 _37448_/X
 _37449_/X
 _37450_/X
 _37453_/X
 _37454_/X
 _37455_/X
 _37462_/X
 _37463_/X
 _37464_/X
 _37465_/X
 _37466_/X
 _37467_/X
 _37468_/X
 _37469_/X
 _37470_/X
 _37471_/X
 _37472_/X
 _37475_/Y
 _37476_/X
 _37492_/X
 _37493_/X
 _37497_/X
 _37504_/X
 _37505_/X
 _37506_/X
 _37519_/Y
 _37520_/Y
 _37521_/X
 _37523_/X
 _37524_/X
 _37525_/X
 _37526_/X
 _37527_/X
 _37532_/X
 _37533_/X
 _37534_/X
 _37537_/X
 _37539_/X
 _37540_/X
 _37543_/X
 _37551_/X
 _37554_/X
 _37555_/X
 _37573_/Y
 _37574_/X
 _37575_/X
 _37590_/X
 _37591_/X
 _37592_/X
 _37594_/X
 _37596_/X
 _37626_/Y
 _37633_/Y
 _37665_/X
 _37669_/X
 _37670_/X
 _37671_/X
 _37682_/Y
 _37711_/X
 _37723_/X
 _37730_/X
 _37747_/X
 _37756_/X
 _37757_/X
 _37766_/X
 _37771_/X
 _37772_/X
 _37776_/Y
 _37778_/X
 _37780_/X
 _37784_/X
 _37787_/X
 _37788_/X
 _37805_/X
 _37806_/X
 _37807_/X
 _37811_/X
 _37826_/X
 _37827_/X
 _37832_/Y
 _37849_/X
 _37850_/X
 _37853_/X
 _37855_/X
 _37856_/X
 _37859_/X
 _37860_/X
 _37863_/X
 _37864_/Y
 _37865_/X
 _37866_/X
 _37875_/X
 _37876_/X
 _37878_/X
 _37883_/X
 _37886_/X
 _37888_/X
 _37902_/X
 _37903_/X
 _37909_/X
 _37910_/X
 _37911_/X
 _37912_/X
 _37916_/X
 _37917_/X
 _37919_/X
 _37920_/X
 _37921_/X
 _37932_/X
 _37935_/X
 _37939_/X
 _37940_/X
 _37941_/X
 _37942_/X
 _37943_/X
 _37945_/X
 _37946_/X
 _37947_/X
 _37948_/X
 _37949_/X
 _37950_/X
 _37952_/X
 _37953_/X
 _37954_/X
 _37957_/X
 _37958_/X
 _37960_/Y
 _37963_/X
 _37965_/Y
 _37966_/X
 _37967_/X
 _37968_/X
 _37969_/X
 _37970_/X
 _37971_/X
 _37972_/Y
 _37973_/X
 _37974_/X
 _37975_/X
 _37976_/X
 _37979_/X
 _37980_/X
 _37981_/X
 _37982_/X
 _37987_/X
 _37988_/X
 _37989_/X
 _37990_/X
 _37991_/X
 _37993_/X
 _37994_/X
 _37996_/X
 _38001_/X
 _38002_/X
 _38004_/X
 _38005_/X
 _38006_/X
 _38009_/X
 _38012_/Y
 _38015_/X
 _38016_/X
 _38018_/X
 _38019_/X
 _38021_/X
 _38023_/X
 _38024_/X
 _38025_/X
 _38026_/X
 _38027_/X
 _38028_/X
 _38030_/X
 _38042_/X
 _38044_/X
 _38057_/Y
 _38059_/X
 _38060_/X
 _38061_/X
 _38063_/X
 _38064_/X
 _38066_/X
 _38074_/X
 _38077_/X
 _38078_/X
 _38079_/X
 _38080_/X
 _38081_/X
 _38082_/X
 _38084_/X
 _38087_/X
 _38090_/X
 _38102_/X
 _38104_/Y
 _38105_/X
 _38106_/X
 _38118_/X
 _38125_/Y
 _38129_/X
 _38133_/X
 _38148_/X
 _38152_/Y
 _38154_/X
 _38155_/X
 _38156_/X
 _38157_/X
 _38158_/X
 _38159_/X
 _38163_/X
 _38164_/X
 _38167_/X
 _38168_/X
 _38169_/X
 _38170_/X
 _38172_/X
 _38173_/X
 _38174_/X
 _38175_/X
 _38176_/X
 _38179_/X
 _38180_/X
 _38190_/X
 _38191_/X
 _38192_/X
 _38193_/X
 _38194_/X
 _38196_/X
 _38197_/X
 _38198_/X
 _38206_/X
 _38207_/X
 _38217_/X
 _38218_/X
 _38219_/X
 _38220_/X
 _38224_/X
 _38225_/X
 _38228_/X
 _38229_/X
 _38233_/X
 _38234_/Y
 _38235_/X
 _38258_/X
 _38260_/Y
 _38261_/X
 _38263_/Y
 _38266_/Y
 _38267_/Y
 _38277_/Y
 _38291_/X
 _38292_/X
 _38295_/X
 _38296_/Y
 _38300_/Y
 _38303_/X
 _38306_/X
 _38308_/X
 _38312_/X
 _38315_/X
 _38316_/X
 _38324_/X
 _38340_/X
 _38341_/X
 _38343_/X
 _38357_/X
 _38360_/X
 _38363_/X
 _38367_/X
 _38368_/X
 _38369_/X
 _38377_/Y
 _38378_/X
 _38379_/X
 _38389_/X
 _38397_/X
 _38403_/X
 _38404_/X
 _38416_/X
 _38427_/X
 _38428_/X
 _38429_/X
 _38435_/Y
 _38442_/X
 _38453_/Y
 _38459_/Y
 _38469_/Y
 _38471_/X
 _38474_/X
 _38481_/X
 _38488_/X
 _38500_/X
 _38501_/Y
 _38502_/X
 _38505_/X
 _38506_/X
 _38508_/X
 _38511_/X
 _38514_/X
 _38515_/X
 _38517_/X
 _38520_/X
 _38525_/X
 _38528_/X
 _38529_/X
 _38531_/X
 _38532_/X
 _38551_/X
 _38552_/X
 _38566_/X
 _38594_/X
 _38595_/X
 _38597_/X
 _38598_/Y
 _38607_/Y
 _38608_/Y
 _38617_/X
 _38618_/X
 _38619_/Y
 _38633_/Y
 _38649_/X
 _38651_/X
 _38662_/X
 _38664_/Y
 _38668_/X
 _38669_/X
 _38688_/X
 _38700_/Y
 _38726_/X
 _38741_/X
 _38742_/Y
 _38744_/Y
 _38763_/X
 _38767_/Y
 _38769_/Y
 _38770_/X
 _38782_/X
 _38783_/X
 _38785_/Y
 _38792_/Y
 _38796_/X
 _38800_/Y
 _38811_/X
 _38813_/Y
 _38815_/Y
 _38820_/X
 _38822_/X
 _38844_/Y
 _38846_/Y
 _38852_/Y
 _38863_/X
 _38875_/X
 _38881_/Y
 _38889_/X
 _38890_/X
 _38891_/X
 _38892_/X
 _38935_/X
 _38944_/X
 _38946_/X
 _38952_/X
 _38956_/X
 _38965_/Y
 _38966_/Y
 _38967_/Y
 _38974_/Y
 _38977_/X
 _38993_/Y
 _38994_/X
 _38995_/X
 _39030_/X
 _39036_/X
 _39039_/X
 _39040_/X
 _39051_/X
 _39070_/Y
 _39072_/X
 _39074_/X
 _39097_/Y
 _39104_/X
 _39105_/X
 _39126_/X
 _39157_/X
 _39163_/X
 _39176_/X
 _39178_/X
 _39181_/X
 _39182_/X
 _39193_/Y
 _39194_/X
 _39198_/X
 _39219_/Y
 _39223_/Y
 _39227_/X
 _39232_/X
 _39234_/X
 _39235_/X
 _39241_/X
 _39258_/Y
 _39265_/Y
 _39272_/X
 _39285_/X
 _39353_/X
 _39354_/X
 _39394_/X
 _39402_/X
 _39403_/X
 _39404_/X
 _39405_/X
 _39409_/X
 _39432_/Y
 _39435_/X
 _39437_/X
 _39440_/X
 _39448_/X
 _39452_/Y
 _39454_/X
 _39458_/X
 _39467_/X
 _39471_/Y
 _39480_/X
 _39485_/X
 _39486_/X
 _39504_/Y
 _39507_/X
 _39513_/X
 _39519_/Y
 _39523_/Y
 _39530_/Y
 _39534_/X
 _39537_/X
 _39538_/X
 _39543_/X
 _39549_/X
 _39557_/X
 _39562_/X
 _39563_/X
 _39571_/X
 _39574_/X
 _39579_/X
 _39602_/X
 _39606_/X
 _39607_/X
 _39608_/X
 _39610_/X
 _39611_/X
 _39612_/X
 _39614_/X
 _39616_/X
 _39617_/X
 _39619_/X
 _39624_/X
 _39625_/X
 _39626_/X
 _39627_/X
 _39628_/X
 _39630_/X
 _39631_/X
 _39639_/Y
 _39640_/X
 _39641_/X
 _39643_/X
 _39644_/X
 _39645_/X
 _39647_/X
 _39649_/X
 _39654_/X
 _39655_/X
 _39657_/X
 _39658_/X
 _39659_/X
 _39662_/X
 _39663_/X
 _39671_/X
 _39672_/X
 _39673_/X
 _39675_/X
 _39676_/X
 _39679_/X
 _39684_/X
 _39690_/X
 _39691_/X
 _39693_/X
 _39695_/X
 _39696_/X
 _39698_/X
 _39700_/X
 _39705_/X
 _39706_/X
 _39710_/X
 _39715_/Y
 _39716_/Y
 _39718_/X
 _39719_/X
 _39720_/X
 _39721_/X
 _39723_/X
 _39724_/X
 _39725_/X
 _39727_/X
 _39728_/X
 _39737_/X
 _39738_/X
 _39739_/X
 _39740_/X
 _39742_/X
 _39743_/X
 _39745_/X
 _39747_/X
 _39748_/X
 _39751_/X
 _39752_/X
 _39753_/X
 _39758_/X
 _39764_/X
 _39765_/Y
 _39768_/X
 _39773_/X
 _39781_/Y
 _39792_/X
 _39798_/X
 _39799_/X
 _39809_/X
 _39810_/X
 _39811_/X
 _39812_/X
 _39814_/X
 _39815_/X
 _39816_/X
 _39817_/X
 _39818_/X
 _39821_/X
 _39822_/X
 _39825_/X
 _39826_/X
 _39827_/X
 _39828_/X
 _39829_/X
 _39830_/X
 _39832_/X
 _39833_/X
 _39834_/X
 _39835_/X
 _39837_/X
 _39838_/X
 _39840_/X
 _39841_/X
 _39842_/X
 _39845_/X
 _39847_/X
 _39855_/X
 _39856_/X
 _39857_/X
 _39858_/X
 _39860_/X
 _39861_/X
 _39862_/X
 _39863_/X
 _39865_/X
 _39867_/X
 _39870_/X
 _39871_/X
 _39882_/X
 _39885_/X
 _39890_/X
 _39913_/X
 _39917_/X
 _39918_/X
 _39920_/Y
 _39921_/X
 _39948_/X
 _39949_/Y
 _39950_/X
 _39951_/X
 _39952_/X
 _39953_/X
 _39963_/X
 _39973_/X
 _39978_/X
 _39979_/X
 _39983_/X
 _39986_/X
 _39987_/X
 _39994_/X
 _39995_/X
 _40015_/X
 _40016_/X
 _40018_/X
 _40019_/X
 _40033_/X
 _40035_/X
 _40042_/X
 _40043_/X
 _40044_/X
 _40045_/X
 _40055_/X
 _40075_/X
 _40076_/X
 _40081_/X
 _40082_/X
 _40083_/X
 _40084_/X
 _40086_/X
 _40093_/X
 _40094_/X
 _40098_/X
 _40099_/X
 _40129_/X
 _40130_/X
 _40151_/Y
 _40157_/X
 _40159_/X
 _40166_/Y
 _40189_/X
 _40190_/X
 _40199_/X
 _40201_/X
 _40219_/X
 _40221_/Y
 _40233_/X
 _40243_/X
 _40244_/Y
 _40297_/Y
 _40302_/X
 _40360_/Y
 _40362_/X
 _40365_/X
 _40366_/X
 _40393_/X
 _40404_/Y
 _40406_/Y
 _40420_/X
 _40422_/X
 _40432_/Y
 _40435_/X
 _40457_/X
 _40460_/Y
 _40462_/X
 _40479_/X
 _40514_/X
 _40538_/Y
 _40539_/X
 _40545_/X
 _40546_/X
 _40563_/Y
 _40580_/Y
 _40583_/Y
 _40590_/X
 _40594_/Y
 _40595_/Y
 _40596_/X
 _40608_/X
 _40617_/X
 _40619_/X
 _40626_/Y
 _40635_/Y
 _40637_/X
 _40640_/Y
 _40642_/Y
 _40643_/X
 _40649_/Y
 _40667_/X
 _40683_/X
 _40690_/X
 _40691_/X
 _40703_/X
 _40715_/Y
 _40718_/X
 _40720_/X
 _40740_/X
 _40741_/X
 _40742_/X
 _40744_/Y
 _40745_/X
 _40750_/Y
 _40759_/X
 _40783_/X
 _40802_/X
 _40807_/Y
 _40824_/X
 _40827_/X
 _40829_/X
 _40832_/X
 _40843_/X
 _40846_/X
 _40863_/X
 _40871_/X
 _40872_/Y
 _40876_/X
 _40879_/X
 _40883_/X
 _40916_/Y
 _40920_/X
 _40932_/X
 _40934_/X
 _40981_/Y
 _40982_/X
 _41005_/X
 _41013_/X
 _41029_/X
 _41031_/X
 _41035_/X
 _41046_/X
 _41049_/X
 _41057_/X
 _41059_/X
 _41061_/X
 _41077_/Y
 _41079_/X
 _41080_/Y
 _41081_/X
 _41083_/X
 _41086_/X
 _41087_/X
 _41095_/X
 _41098_/Y
 _41100_/X
 _41102_/X
 _41103_/X
 _41106_/X
 _41113_/X
 _41115_/X
 _41117_/X
 _41119_/X
 _41124_/Y
 _41130_/Y
 _41132_/X
 _41133_/Y
 _41138_/X
 _41139_/X
 _41144_/X
 _41153_/X
 _41156_/X
 _41161_/Y
 _41173_/Y
 _41176_/X
 _41185_/Y
 _41187_/Y
 _41188_/X
 _41189_/Y
 _41190_/X
 _41192_/X
 _41193_/X
 _41196_/X
 _41198_/X
 _41209_/X
 _41215_/X
 _41221_/X
 _41224_/X
 _41225_/X
 _41250_/X
 _41262_/X
 _41266_/X
 _41267_/X
 _41268_/X
 _41270_/X
 _41272_/X
 _41273_/X
 _41274_/X
 _41275_/X
 _41276_/X
 _41278_/X
 _41279_/X
 _41280_/X
 _41283_/X
 _41284_/X
 _41287_/X
 _41288_/X
 _41291_/X
 _41292_/X
 _41293_/X
 _41294_/X
 _41295_/X
 _41296_/X
 _41297_/X
 _41299_/X
 _41300_/X
 _41301_/X
 _41302_/X
 _41306_/X
 _41313_/X
 _41314_/X
 _41317_/X
 _41321_/Y
 _41322_/X
 _41323_/X
 _41324_/X
 _41325_/X
 _41326_/X
 _41328_/X
 _41331_/X
 _41337_/X
 _41338_/X
 _41340_/X
 _41341_/X
 _41343_/X
 _41345_/X
 _41346_/X
 _41347_/X
 _41348_/Y
 _41349_/X
 _41351_/X
 _41359_/Y
 _41362_/X
 _41363_/X
 _41364_/X
 _41366_/X
 _41368_/X
 _41369_/X
 _41375_/X
 _41376_/X
 _41377_/X
 _41381_/X
 _41385_/X
 _41386_/Y
 _41387_/Y
 _41389_/X
 _41390_/X
 _41391_/X
 _41393_/X
 _41394_/Y
 _41395_/X
 _41398_/Y
 _41405_/X
 _41406_/X
 _41407_/X
 _41408_/X
 _41410_/X
 _41412_/X
 _41414_/X
 _41415_/X
 _41418_/X
 _41419_/X
 _41420_/X
 _41421_/X
 _41423_/X
 _41425_/X
 _41464_/X
 _41467_/X
 _41472_/Y
 _41474_/X
 _41475_/X
 _41476_/X
 _41477_/X
 _41478_/X
 _41479_/X
 _41481_/X
 _41482_/X
 _41483_/X
 _41484_/X
 _41485_/X
 _41486_/X
 _41487_/X
 _41490_/X
 _41491_/X
 _41492_/X
 _41495_/X
 _41496_/X
 _41497_/X
 _41498_/X
 _41499_/X
 _41500_/X
 _41502_/X
 _41503_/X
 _41504_/X
 _41506_/X
 _41507_/X
 _41508_/X
 _41512_/X
 _41513_/X
 _41514_/X
 _41517_/X
 _41524_/X
 _41525_/X
 _41526_/X
 _41527_/X
 _41528_/X
 _41530_/X
 _41531_/X
 _41532_/X
 _41533_/X
 _41538_/X
 _41540_/X
 _41541_/X
 _41554_/X
 _41557_/X
 _41558_/X
 _41561_/X
 _41562_/X
 _41564_/X
 _41591_/X
 _41592_/Y
 _41593_/X
 _41594_/X
 _41604_/X
 _41605_/Y
 _41607_/X
 _41609_/X
 _41610_/X
 _41624_/X
 _41625_/X
 _41644_/Y
 _41660_/X
 _41661_/X
 _41684_/X
 _41685_/X
 _41686_/X
 _41687_/X
 _41688_/X
 _41690_/X
 _41705_/X
 _41711_/X
 _41713_/X
 _41714_/X
 _41716_/X
 _41723_/X
 _41745_/Y
 _41747_/X
 _41748_/X
 _41752_/X
 _41754_/X
 _41755_/X
 _41767_/X
 _41796_/Y
 _41800_/X
 _41806_/X
 _41808_/X
 _41810_/X
 _41821_/X
 _41827_/X
 _41849_/X
 _41855_/X
 _41859_/X
 _41867_/X
 _41869_/X
 _41890_/X
 _41929_/Y
 _41940_/X
 _41944_/Y
 _41945_/Y
 _41952_/X
 _41953_/X
 _41972_/X
 _41975_/Y
 _41986_/Y
 _41988_/X
 _42001_/Y
 _42011_/Y
 _42018_/X
 _42035_/Y
 _42037_/X
 _42038_/X
 _42041_/X
 _42048_/Y
 _42050_/Y
 _42054_/X
 _42055_/X
 _42059_/Y
 _42072_/X
 _42074_/Y
 _42075_/Y
 _42076_/Y
 _42080_/Y
 _42082_/Y
 _42093_/X
 _42105_/Y
 _42108_/X
 _42110_/X
 _42118_/Y
 _42121_/Y
 _42123_/Y
 _42127_/Y
 _42129_/Y
 _42131_/X
 _42147_/X
 _42150_/Y
 _42166_/X
 _42167_/Y
 _42169_/Y
 _42170_/X
 _42176_/Y
 _42180_/X
 _42181_/X
 _42188_/X
 _42191_/X
 _42193_/X
 _42198_/X
 _42203_/Y
 _42210_/X
 _42212_/Y
 _42214_/X
 _42216_/Y
 _42219_/X
 _42220_/X
 _42221_/X
 _42222_/Y
 _42230_/X
 _42231_/X
 _42234_/X
 _42235_/Y
 _42247_/X
 _42249_/X
 _42253_/Y
 _42268_/X
 _42269_/Y
 _42270_/Y
 _42273_/X
 _42286_/Y
 _42291_/X
 _42296_/X
 _42314_/X
 _42317_/Y
 _42318_/X
 _42321_/X
 _42324_/Y
 _42325_/X
 _42326_/X
 _42327_/X
 _42341_/Y
 _42345_/X
 _42362_/X
 _42363_/X
 _42365_/X
 _42377_/Y
 _42381_/X
 _42399_/X
 _42400_/Y
 _42407_/X
 _42413_/Y
 _42420_/Y
 _42433_/X
 _42484_/X
 _42493_/X
 _42496_/X
 _42497_/X
 _42500_/X
 _42501_/X
 _42512_/X
 _42544_/X
 _42546_/X
 _42552_/X
 _42554_/Y
 _42560_/X
 _42562_/X
 _42594_/X
 _42603_/X
 _42635_/Y
 _42639_/X
 _42655_/Y
 _42656_/X
 _42678_/X
 _42679_/X
 _42680_/Y
 _42711_/X
 _42727_/X
 _42729_/X
 _42730_/X
 _42744_/X
 _42752_/X
 _42756_/Y
 _42757_/X
 _42759_/Y
 _42762_/X
 _42764_/X
 _42765_/X
 _42768_/X
 _42769_/X
 _42777_/X
 _42780_/Y
 _42784_/Y
 _42785_/X
 _42787_/X
 _42790_/X
 _42798_/X
 _42810_/Y
 _42812_/Y
 _42822_/X
 _42826_/X
 _42831_/X
 _42834_/X
 _42844_/Y
 _42854_/Y
 _42856_/Y
 _42865_/Y
 _42870_/Y
 _42872_/X
 _42892_/X
 _42895_/X
 _42906_/X
 _42923_/X
 _42925_/X
 _42926_/Y
 _42927_/X
 _42928_/X
 _42929_/X
 _42935_/X
 _42938_/X
 _42939_/X
 _42940_/X
 _42943_/X
 _42944_/X
 _42945_/X
 _42948_/X
 _42949_/X
 _42950_/X
 _42954_/Y
 _42960_/X
 _42965_/Y
 _42966_/X
 _42967_/X
 _42972_/X
 _42973_/X
 _42977_/X
 _42978_/X
 _42979_/X
 _42981_/X
 _42983_/X
 _42984_/X
 _42985_/X
 _42986_/X
 _42987_/X
 _42991_/X
 _42992_/X
 _42994_/X
 _42995_/X
 _42996_/X
 _42997_/X
 _42999_/X
 _43001_/X
 _43002_/X
 _43007_/Y
 _43010_/Y
 _43015_/X
 _43017_/X
 _43026_/X
 _43030_/X
 _43033_/Y
 _43034_/X
 _43035_/Y
 _43037_/X
 _43040_/X
 _43041_/X
 _43051_/X
 _43052_/X
 _43053_/X
 _43054_/X
 _43058_/X
 _43059_/X
 _43062_/X
 _43066_/X
 _43067_/X
 _43068_/X
 _43069_/X
 _43070_/X
 _43072_/X
 _43075_/Y
 _43078_/Y
 _43082_/Y
 _43092_/X
 _43097_/Y
 _43099_/X
 _43100_/X
 _43104_/X
 _43109_/X
 _43116_/X
 _43117_/X
 _43118_/X
 _43119_/X
 _43120_/X
 _43128_/X
 _43129_/X
 _43130_/X
 _43131_/X
 _43135_/X
 _43136_/X
 _43137_/X
 _43138_/X
 _43141_/Y
 _43142_/X
 _43145_/X
 _43146_/X
 _43148_/X
 _43149_/X
 _43150_/X
 _43155_/X
 _43156_/X
 _43158_/X
 _43165_/X
 _43166_/X
 _43167_/X
 _43168_/X
 _43169_/X
 _43171_/X
 _43174_/X
 _43175_/X
 _43178_/X
 _43185_/X
 _43187_/X
 _43189_/X
 _43190_/X
 _43191_/X
 _43193_/X
 _43196_/X
 _43197_/X
 _43198_/X
 _43199_/X
 _43203_/Y
 _43204_/X
 _43214_/X
 _43231_/X
 _43233_/X
 _43236_/X
 _43242_/X
 _43247_/X
 _43252_/Y
 _43254_/X
 _43255_/X
 _43259_/X
 _43268_/Y
 _43271_/X
 _43281_/X
 _43291_/Y
 _43298_/X
 _43301_/X
 _43305_/X
 _43308_/Y
 _43314_/X
 _43322_/X
 _43338_/X
 _43339_/X
 _43340_/X
 _43341_/X
 _43342_/X
 _43344_/X
 _43345_/X
 _43346_/X
 _43349_/X
 _43350_/X
 _43353_/X
 _43354_/X
 _43358_/X
 _43359_/X
 _43366_/X
 _43367_/X
 _43370_/X
 _43372_/X
 _43374_/X
 _43375_/X
 _43376_/X
 _43380_/X
 _43389_/X
 _43394_/Y
 _43409_/Y
 _43411_/X
 _43412_/X
 _43413_/X
 _43414_/X
 _43415_/X
 _43419_/X
 _43420_/X
 _43421_/X
 _43422_/X
 _43423_/X
 _43434_/X
 _43468_/X
 _43474_/X
 _43475_/Y
 _43476_/X
 _43478_/X
 _43479_/X
 _43483_/X
 _43498_/X
 _43503_/X
 _43507_/X
 _43524_/X
 _43525_/X
 _43538_/X
 _43541_/X
 _43545_/X
 _43564_/X
 _43565_/X
 _43566_/X
 _43581_/Y
 _43606_/X
 _43610_/Y
 _43615_/X
 _43616_/X
 _43618_/X
 _43621_/X
 _43630_/Y
 _43641_/Y
 _43653_/X
 _43658_/X
 _43665_/X
 _43667_/X
 _43679_/Y
 _43683_/Y
 _43692_/Y
 _43693_/X
 _43700_/X
 _43713_/X
 _43719_/Y
 _43723_/X
 _43724_/X
 _43730_/Y
 _43733_/Y
 _43737_/X
 _43744_/Y
 _43749_/X
 _43757_/X
 _43760_/Y
 _43763_/X
 _43766_/Y
 _43775_/Y
 _43778_/X
 _43779_/Y
 _43792_/X
 _43793_/Y
 _43794_/X
 _43813_/X
 _43814_/Y
 _43825_/X
 _43835_/Y
 _43842_/Y
 _43843_/X
 _43854_/Y
 _43855_/Y
 _43860_/X
 _43863_/X
 _43864_/X
 _43873_/X
 _43886_/Y
 _43887_/Y
 _43889_/X
 _43893_/X
 _43894_/X
 _43896_/Y
 _43907_/X
 _43914_/Y
 _43922_/X
 _43938_/X
 _43943_/Y
 _43944_/Y
 _43954_/Y
 _43960_/X
 _43963_/X
 _43983_/X
 _43989_/X
 _43998_/Y
 _44000_/Y
 _44006_/Y
 _44010_/Y
 _44042_/X
 _44047_/Y
 _44051_/X
 _44064_/X
 _44079_/Y
 _44090_/Y
 _44103_/X
 _44130_/Y
 _44135_/X
 _44159_/X
 _44160_/X
 _44163_/X
 _44165_/X
 _44167_/Y
 _44176_/X
 _44180_/X
 _44181_/X
 _44188_/X
 _44199_/Y
 _44213_/X
 _44221_/X
 _44228_/X
 _44229_/X
 _44246_/X
 _44255_/X
 _44260_/X
 _44263_/X
 _44264_/Y
 _44271_/Y
 _44298_/Y
 _44308_/X
 _44316_/X
 _44329_/X
 _44345_/Y
 _44374_/X
 _44376_/X
 _44378_/Y
 _44385_/X
 _44386_/X
 _44388_/X
 _44403_/X
 _44413_/Y
 _44414_/X
 _44415_/X
 _44417_/X
 _44429_/X
 _44436_/X
 _44440_/Y
 _44442_/X
 _44444_/X
 _44447_/X
 _44450_/X
 _44457_/X
 _44459_/X
 _44462_/Y
 _44464_/Y
 _44465_/X
 _44469_/X
 _44479_/X
 _44481_/X
 _44487_/X
 _44495_/Y
 _44496_/Y
 _44498_/Y
 _44504_/Y
 _44513_/Y
 _44527_/X
 _44553_/X
 _44558_/X
 _44564_/X
 _44581_/X
 _44587_/X
 _44592_/X
 _44599_/X
 _44600_/X
 _44602_/Y
 _44607_/Y
 _44614_/Y
 _44618_/X
 _44625_/Y
 _44628_/Y
 _44637_/Y
 _44648_/Y
 _44658_/Y
 _44662_/X
 _44674_/X
 _44716_/X
 _44717_/X
 _44718_/X
 _44750_/X
 _44757_/Y
 _44765_/Y
 _44772_/X
 _44779_/Y
 _44783_/Y
 _44785_/X
 _44800_/X
 _44801_/Y
 _44803_/X
 _44814_/Y
 _44822_/Y
 _44826_/Y
 _44831_/X
 _44837_/Y
 _44852_/Y
 _44861_/Y
 _44870_/Y
 _44871_/Y
 _44875_/X
 _44883_/Y
 _44884_/X
 _44886_/Y
 _44887_/Y
 _44901_/Y
 _44904_/X
 _44909_/Y
 _44921_/Y
 _44943_/Y
 _44946_/X
 _44962_/X
 _44972_/X
 _44973_/Y
 _44975_/X
 _44981_/Y
 _44987_/Y
 _44988_/X
 _44990_/Y
 _45001_/Y
 _45012_/X
 _45013_/Y
 _45028_/X
 _45031_/X
 _45064_/X
 _45073_/Y
 _45074_/X
 _45079_/Y
 _45105_/X
 _45126_/Y
 _45127_/Y
 _45128_/Y
 _45139_/X
 _45141_/X
 _45145_/Y
 _45146_/X
 _45149_/Y
 _45150_/X
 _45162_/X
 _45189_/X
 _45212_/Y
 _45219_/X
 _45220_/Y
 _45256_/Y
 _45259_/X
 _45260_/Y
 _45275_/X
 _45278_/Y
 _45300_/Y
 _45304_/Y
 _45325_/X
 _45334_/Y
 _45352_/Y
 _45359_/X
 _45365_/Y
 _45366_/Y
 _45374_/Y
 _45383_/X
 _45385_/X
 _45407_/X
 _45416_/X
 _45420_/Y
 _45430_/Y
 _45432_/Y
 _45462_/X
 _45469_/X
 _45470_/X
 _45471_/X
 _45474_/Y
 _45501_/X
 _45518_/Y
 _45524_/X
 _45531_/Y
 _45538_/X
 _45547_/X
 _45556_/Y
 _45557_/Y
 _45564_/Y
 _45579_/X
 _45588_/Y
 _45594_/X
 _45634_/X
 _45650_/X
 _45654_/X
 _45673_/X
 _45675_/Y
 _45687_/X
 _45708_/Y
 _45743_/X
 _45744_/Y
 _45750_/Y
 _45761_/X
 _45776_/X
 _45790_/Y
 _45829_/X
 _45836_/X
 _45838_/X
 _45847_/X
 _45855_/Y
 _45856_/Y
 _45860_/Y
 _45867_/Y
 _45874_/Y
 _45882_/Y
 _45884_/Y
 _45893_/Y
 _45910_/Y
 _45914_/Y
 _45915_/Y
 _45932_/X
 _45951_/Y
 _45968_/Y
 _46013_/X
 _46017_/X
 _46019_/X
 _46030_/Y
 _46042_/Y
 _46054_/X
 _46058_/Y
 _46061_/X
 _46063_/X
 _46072_/Y
 _46079_/X
 _46090_/Y
 _46101_/Y
 _46103_/Y
 _46115_/X
 _46119_/Y
 _46130_/Y
 _46137_/Y
 _46151_/Y
 _46168_/X
 _46172_/X
 _46183_/X
 _46184_/Y
 _46187_/Y
 _46202_/Y
 _46206_/Y
 _46218_/X
 _46232_/Y
 _46245_/Y
 _46248_/Y
 _46256_/Y
 _46264_/X
 _46268_/Y
 _46275_/X
 _46295_/X
 _46308_/Y
 _46311_/X
 _46327_/X
 _46339_/Y
 _46349_/X
 _46362_/Y
 _46368_/Y
 _46374_/X
 _46389_/Y
 _46414_/X
 _46416_/Y
 _46432_/Y
 _46457_/Y
 _46461_/Y
 _46467_/X
 _46471_/X
 _46482_/Y
 _46484_/Y
 _46486_/X
 _46496_/Y
 _46507_/X
 _46510_/Y
 _46559_/Y
 _46561_/Y
 _46578_/X
 _46619_/X
 _46623_/X
 _46642_/Y
 _46655_/Y
 _46678_/Y
 _46711_/Y
 _46714_/X
 _46740_/Y
 _46745_/X
 _46783_/X
 _46793_/Y
 _46794_/X
 _46800_/X
 _46817_/X
 _46818_/Y
 _46854_/Y
 _46858_/X
 _46870_/Y
 _46883_/Y
 _46888_/X
 _46904_/X
 _46913_/Y
 _46915_/X
 _46923_/X
 _46934_/Y
 _46937_/X
 _46939_/X
 _46949_/X
 _46959_/X
 _47086_/X
 _47102_/Y
 _47105_/Y
 _47110_/X
 _47118_/Y
 _47123_/X
 _47127_/X
 _47136_/X
 _47193_/Y
 _47250_/Y
 _47282_/Y
 _47298_/Y
 _47340_/Y
 _47355_/Y
 _47372_/Y
 _47385_/X
 _47392_/Y
 _47400_/Y
 _47402_/Y
 _47404_/Y
 _47406_/X
 _47411_/Y
 _47414_/Y
 _47459_/X
 _47478_/X
 _47489_/X
 _47493_/X
 _47497_/Y
 _47498_/Y
 _47501_/Y
 _47512_/Y
 _47519_/X
 _47520_/X
 _47534_/Y
 _47540_/Y
 _47546_/X
 _47547_/Y
 _47549_/X
 _47555_/Y
 _47557_/Y
 _47562_/X
 _47566_/Y
 _47570_/X
 _47578_/X
 _47593_/X
 _47594_/Y
 _47596_/X
 _47613_/X
 _47618_/Y
 _47620_/Y
 _47627_/Y
 _47629_/Y
 _47633_/X
 _47635_/X
 _47645_/Y
 _47653_/X
 _47658_/X
 _47676_/Y
 _47693_/X
 _47711_/Y
 _47717_/X
 _47721_/Y
 _47731_/X
 _47745_/Y
 _47747_/Y
 _47762_/Y
 _47771_/X
 _47772_/Y
 _47792_/Y
 _47794_/Y
 _47808_/Y
 _47816_/X
 _47835_/X
 _47837_/X
 _47839_/X
 _47842_/Y
 _47863_/Y
 _47878_/Y
 _47880_/X
 _47890_/Y
 _47891_/X
 _47933_/X
 _47948_/Y
 _47950_/Y
 _47961_/X
 _47977_/Y
 _47982_/Y
 _47987_/X
 _47994_/Y
 _47999_/Y
 _48000_/X
 _48002_/Y
 _48011_/Y
 _48012_/Y
 _48016_/X
 _48022_/X
 _48037_/X
 _48040_/X
 _48049_/X
 _48052_/Y
 _48073_/X
 _48082_/X
 _48096_/X
 _48098_/X
 _48102_/X
 _48106_/Y
 _48117_/X
 _48119_/Y
 _48122_/Y
 _48135_/X
 _48149_/X
 _48163_/Y
 _48180_/Y
 _48183_/X
 _48194_/Y
 _48202_/Y
 _48211_/X
 _48250_/Y
 _48251_/X
 _48258_/Y
 _48263_/X
 _48264_/Y
 _48269_/Y
 _48311_/X
 _48326_/Y
 _48331_/X
 _48333_/X
 _48336_/Y
 _48354_/X
 _48384_/Y
 _48420_/X
 _48422_/Y
 _48447_/Y
 _48454_/X
 _48464_/Y
 _48473_/Y
 _48476_/X
 _48479_/X
 _48543_/X
 _48544_/Y
 _48566_/X
 _48599_/X
 _48644_/Y
 _48751_/X
 _48752_/Y
 _48764_/Y
 _48805_/Y
 _48813_/X
 _48818_/Y
 _48853_/Y
 _48854_/Y
 _48859_/X
 _48883_/X
 _48937_/X
 _48940_/X
 _48941_/X
 _48942_/X
 _48943_/X
 _48944_/Y
 _48945_/X
 _48947_/X
 _48949_/X
 _48950_/X
 _48953_/X
 _48955_/X
 _48956_/X
 _48957_/X
 _48958_/X
 _48959_/X
 _48960_/X
 _48961_/X
 _48962_/X
 _48963_/X
 _48965_/X
 _48971_/X
 _48972_/X
 _48973_/X
 _48974_/X
 _48975_/X
 _48976_/X
 _48978_/X
 _48979_/X
 _48980_/X
 _48981_/X
 _48982_/Y
 _48983_/X
 _48984_/Y
 _48985_/X
 _48986_/X
 _48987_/X
 _48988_/X
 _48989_/X
 _48990_/X
 _48992_/X
 _48993_/X
 _48996_/X
 _48998_/X
 _48999_/X
 _49000_/X
 _49001_/X
 _49004_/X
 _49006_/X
 _49008_/X
 _49009_/X
 _49011_/X
 _49014_/X
 _49016_/Y
 _49017_/X
 _49018_/X
 _49021_/Y
 _49024_/X
 _49025_/X
 _49026_/X
 _49029_/X
 _49030_/X
 _49032_/X
 _49033_/X
 _49036_/X
 _49037_/X
 _49038_/Y
 _49041_/X
 _49042_/X
 _49043_/X
 _49047_/X
 _49049_/X
 _49051_/X
 _49052_/X
 _49053_/X
 _49056_/X
 _49057_/X
 _49058_/X
 _49059_/X
 _49060_/X
 _49061_/Y
 _49064_/Y
 _49065_/X
 _49072_/X
 _49074_/X
 _49075_/Y
 _49078_/Y
 _49085_/X
 _49086_/X
 _49087_/X
 _49088_/X
 _49089_/X
 _49090_/X
 _49091_/X
 _49092_/X
 _49093_/X
 _49094_/X
 _49095_/X
 _49096_/X
 _49097_/X
 _49099_/X
 _49100_/X
 _49102_/X
 _49106_/X
 _49107_/X
 _49108_/X
 _49109_/X
 _49111_/X
 _49112_/X
 _49120_/X
 _49121_/X
 _49123_/X
 _49124_/X
 _49126_/X
 _49131_/X
 _49136_/X
 _49137_/X
 _49144_/X
 _49145_/Y
 _49153_/X
 _49154_/X
 _49158_/Y
 _49159_/X
 _49160_/Y
 _49162_/X
 _49163_/Y
 _49167_/X
 _49168_/Y
 _49169_/X
 _49170_/Y
 _49173_/Y
 _49180_/Y
 _49183_/Y
 _49188_/X
 _49193_/X
 _49196_/Y
 _49204_/X
 _49210_/X
 _49216_/X
 _49217_/X
 _49218_/X
 _49219_/X
 _49221_/X
 _49222_/X
 _49223_/Y
 _49224_/X
 _49232_/Y
 _49234_/X
 _49237_/Y
 _49239_/X
 _49240_/X
 _49244_/X
 _49245_/Y
 _49251_/X
 _49252_/X
 _49255_/X
 _49256_/X
 _49261_/Y
 _49268_/X
 _49269_/X
 _49271_/X
 _49273_/X
 _49278_/X
 _49279_/X
 _49280_/X
 _49281_/X
 _49282_/X
 _49296_/X
 _49300_/Y
 _49305_/Y
 _49307_/X
 _49310_/X
 _49314_/Y
 _49317_/X
 _49318_/Y
 _49327_/X
 _49333_/X
 _49334_/X
 _49335_/X
 _49336_/X
 _49337_/X
 _49344_/X
 _49350_/X
 _49353_/Y
 _49356_/Y
 _49360_/X
 _49366_/X
 _49369_/X
 _49376_/X
 _49377_/Y
 _49381_/Y
 _49382_/X
 _49384_/X
 _49385_/Y
 _49396_/Y
 _49401_/X
 _49402_/X
 _49412_/Y
 _49416_/X
 _49420_/Y
 _49422_/Y
 _49430_/Y
 _49433_/Y
 _49436_/X
 _49444_/X
 _49464_/X
 _49465_/X
 _49466_/X
 _49471_/X
 _49472_/X
 _49480_/X
 _49481_/X
 _49483_/X
 _49486_/X
 _49487_/X
 _49488_/X
 _49501_/X
 _49503_/X
 _49504_/X
 _49509_/X
 _49519_/X
 _49520_/Y
 _49524_/Y
 _49525_/X
 _49526_/Y
 _49530_/Y
 _49532_/X
 _49535_/X
 _49536_/X
 _49552_/X
 _49553_/X
 _49554_/Y
 _49562_/Y
 _49566_/Y
 _49574_/X
 _49575_/X
 _49596_/Y
 _49597_/X
 _49600_/Y
 _49601_/X
 _49602_/Y
 _49603_/X
 _49604_/Y
 _49608_/X
 _49610_/X
 _49612_/Y
 _49615_/X
 _49624_/X
 _49631_/X
 _49639_/X
 _49641_/X
 _49647_/Y
 _49648_/Y
 _49654_/Y
 _49655_/Y
 _49656_/X
 _49660_/X
 _49661_/X
 _49675_/X
 _49679_/Y
 _49680_/Y
 _49682_/X
 _49686_/Y
 _49690_/Y
 _49691_/Y
 _49693_/X
 _49695_/Y
 _49699_/Y
 _49700_/X
 _49706_/Y
 _49713_/Y
 _49716_/X
 _49719_/Y
 _49720_/Y
 _49722_/Y
 _49727_/Y
 _49729_/Y
 _49733_/X
 _49734_/X
 _49738_/X
 _49740_/Y
 _49743_/Y
 _49747_/X
 _49748_/Y
 _49768_/Y
 _49775_/Y
 _49781_/X
 _49783_/X
 _49799_/X
 _49800_/Y
 _49809_/Y
 _49812_/Y
 _49826_/Y
 _49832_/X
 _49833_/X
 _49839_/Y
 _49848_/Y
 _49859_/X
 _49868_/Y
 _49872_/X
 _49873_/X
 _49875_/X
 _49884_/Y
 _49889_/X
 _49891_/X
 _49899_/Y
 _49933_/X
 _49943_/Y
 _49948_/Y
 _49951_/Y
 _49953_/Y
 _49962_/Y
 _49967_/X
 _49968_/X
 _49976_/X
 _49991_/X
 _49994_/Y
 _49999_/Y
 _50000_/Y
 _50001_/X
 _50003_/Y
 _50010_/Y
 _50012_/X
 _50037_/X
 _50042_/X
 _50055_/Y
 _50056_/X
 _50058_/Y
 _50065_/X
 _50069_/X
 _50076_/X
 _50077_/Y
 _50102_/Y
 _50104_/Y
 _50113_/X
 _50115_/X
 _50116_/X
 _50129_/X
 _50139_/X
 _50154_/X
 _50168_/X
 _50175_/X
 _50177_/Y
 _50182_/X
 _50199_/X
 _50200_/X
 _50201_/X
 _50205_/X
 _50208_/X
 _50225_/X
 _50230_/X
 _50240_/X
 _50247_/X
 _50267_/X
 _50272_/Y
 _50276_/Y
 _50284_/X
 _50290_/Y
 _50294_/Y
 _50298_/X
 _50301_/Y
 _50305_/Y
 _50313_/X
 _50317_/X
 _50319_/X
 _50321_/X
 _50323_/X
 _50326_/Y
 _50330_/Y
 _50332_/X
 _50334_/Y
 _50335_/X
 _50340_/X
 _50342_/X
 _50344_/Y
 _50347_/Y
 _50349_/X
 _50351_/Y
 _50353_/Y
 _50362_/X
 _50380_/X
 _50400_/X
 _50401_/X
 _50408_/Y
 _50411_/X
 _50412_/X
 _50419_/X
 _50426_/X
 _50429_/X
 _50440_/X
 _50441_/X
 _50442_/X
 _50445_/X
 _50451_/Y
 _50470_/X
 _50479_/Y
 _50485_/Y
 _50488_/Y
 _50492_/X
 _50493_/X
 _50495_/X
 _50498_/X
 _50504_/Y
 _50505_/X
 _50507_/X
 _50514_/Y
 _50518_/X
 _50522_/Y
 _50526_/Y
 _50528_/Y
 _50529_/Y
 _50534_/Y
 _50535_/Y
 _50543_/Y
 _50551_/X
 _50554_/X
 _50583_/X
 _50590_/X
 _50637_/X
 _50638_/Y
 _50641_/X
 _50659_/Y
 _50691_/X
 _50707_/X
 _50728_/X
 _50747_/Y
 _50752_/X
 _50759_/Y
 _50762_/X
 _50764_/X
 _50766_/X
 _50776_/X
 _50777_/Y
 _50779_/Y
 _50783_/X
 _50803_/X
 _50813_/Y
 _50855_/X
 _50856_/Y
 _50858_/Y
 _50872_/X
 _50873_/Y
 _50877_/X
 _50879_/Y
 _50887_/X
 _50897_/X
 _50899_/X
 _50912_/Y
 _50918_/Y
 _50925_/Y
 _50926_/X
 _50927_/Y
 _50935_/Y
 _50943_/X
 _50948_/X
 _50949_/Y
 _50965_/X
 _50966_/Y
 _50971_/X
 _50972_/X
 _50973_/X
 _50974_/Y
 _50976_/X
 _50984_/X
 _50989_/X
 _51048_/Y
 _51060_/X
 _51079_/X
 _51082_/X
 _51085_/Y
 _51100_/X
 _51103_/Y
 _51105_/Y
 _51106_/X
 _51107_/Y
 _51128_/Y
 _51132_/X
 _51134_/X
 _51157_/X
 _51159_/X
 _51160_/X
 _51164_/X
 _51170_/X
 _51184_/X
 _51186_/Y
 _51192_/Y
 _51201_/X
 _51206_/Y
 _51224_/X
 _51226_/Y
 _51236_/Y
 _51246_/Y
 _51249_/Y
 _51251_/Y
 _51270_/X
 _51281_/X
 _51282_/Y
 _51283_/X
 _51290_/Y
 _51298_/Y
 _51316_/Y
 _51333_/X
 _51350_/X
 _51356_/X
 _51357_/X
 _51370_/X
 _51383_/Y
 _51384_/X
 _51396_/Y
 _51412_/X
 _51415_/X
 _51427_/Y
 _51436_/Y
 _51448_/X
 _51453_/X
 _51465_/X
 _51469_/Y
 _51513_/X
 _51555_/Y
 _51577_/X
 _51585_/Y
 _51597_/X
 _51609_/X
 _51630_/X
 _51634_/Y
 _51653_/X
 _51711_/Y
 _51714_/Y
 _51716_/Y
 _51721_/X
 _51741_/X
 _51747_/Y
 _51753_/X
 _51764_/Y
 _51768_/Y
 _51772_/X
 _51789_/X
 _51791_/X
 _51793_/X
 _51813_/X
 _51815_/Y
 _51819_/Y
 _51822_/Y
 _51824_/Y
 _51865_/X
 _51867_/X
 _51875_/Y
 _51877_/Y
 _51878_/Y
 _51887_/Y
 _51888_/Y
 _51894_/Y
 _51896_/Y
 _51903_/X
 _51920_/Y
 _51924_/Y
 _51942_/X
 _51960_/Y
 _51965_/Y
 _51973_/Q
 _51974_/Q
 _51977_/Q
 _51980_/Q
 _51981_/Q
 _51982_/Q
 _51984_/Q
 _51985_/Q
 _51989_/Q
 _51993_/Q
 _51994_/Q
 _51995_/Q
 _51996_/Q
 _51997_/Q
 _51998_/Q
 _51999_/Q
 _52000_/Q
 _52001_/Q
 _52003_/Q
 _52004_/Q
 _52005_/Q
 _52006_/Q
 _52007_/Q
 _52008_/Q
 _52009_/Q
 _52010_/Q
 _52011_/Q
 _52012_/Q
 _52013_/Q
 _52014_/Q
 _52015_/Q
 _52017_/Q
 _52018_/Q
 _52019_/Q
 _52020_/Q
 _52021_/Q
 _52022_/Q
 _52023_/Q
 _52024_/Q
 _52025_/Q
 _52026_/Q
 _52027_/Q
 _52028_/Q
 _52029_/Q
 _52030_/Q
 _52031_/Q
 _52032_/Q
 _52033_/Q
 _52034_/Q
 _52035_/Q
 _52038_/Q
 _52039_/Q
 _52041_/Q
 _52042_/Q
 _52043_/Q
 _52044_/Q
 _52045_/Q
 _52046_/Q
 _52047_/Q
 _52048_/Q
 _52049_/Q
 _52050_/Q
 _52051_/Q
 _52053_/Q
 _52054_/Q
 _52055_/Q
 _52056_/Q
 _52059_/Q
 _52060_/Q
 _52061_/Q
 _52062_/Q
 _52063_/Q
 _52065_/Q
 _52066_/Q
 _52067_/Q
 _52070_/Q
 _52071_/Q
 _52072_/Q
 _52073_/Q
 _52074_/Q
 _52075_/Q
 _52077_/Q
 _52078_/Q
 _52086_/Q
 _52092_/Q
 _52094_/Q
 _52095_/Q
 _52097_/Q
 _52109_/Q
 _52136_/Q
 _52138_/Q
 _52139_/Q
 _52140_/Q
 _52165_/Q
 _52171_/Q
 _52172_/Q
 _52173_/Q
 _52174_/Q
 _52181_/Q
 _52182_/Q
 _52184_/Q
 _52187_/Q
 _52194_/Q
 _52226_/Q
 _52227_/Q
 _52228_/Q
 _52229_/Q
 _52230_/Q
 _52231_/Q
 _52232_/Q
 _52233_/Q
 _52235_/Q
 _52236_/Q
 _52237_/Q
 _52242_/Q
 _52245_/Q
 _52246_/Q
 _52247_/Q
 _52248_/Q
 _52249_/Q
 _52250_/Q
 _52252_/Q
 _52253_/Q
 _52254_/Q
 _52255_/Q
 _52259_/Q
 _52263_/Q
 _52265_/Q
 _52268_/Q
 _52269_/Q
 _52270_/Q
 _52272_/Q
 _52274_/Q
 _52275_/Q
 _52277_/Q
 _52278_/Q
 _52279_/Q
 _52280_/Q
 _52284_/Q
 _52285_/Q
 _52286_/Q
 _52287_/Q
 _52290_/Q
 _52293_/Q
 _52294_/Q
 _52295_/Q
 _52296_/Q
 _52297_/Q
 _52298_/Q
 _52304_/Q
 _52305_/Q
 _52306_/Q
 _52309_/Q
 _52310_/Q
 _52312_/Q
 _52313_/Q
 _52314_/Q
 _52315_/Q
 _52316_/Q
 _52317_/Q
 _52318_/Q
 _52321_/Q
 _52322_/Q
 _52323_/Q
 _52324_/Q
 _52325_/Q
 _52326_/Q
 _52328_/Q
 _52331_/Q
 _52332_/Q
 _52333_/Q
 _52334_/Q
 _52336_/Q
 _52337_/Q
 _52338_/Q
 _52339_/Q
 _52340_/Q
 _52341_/Q
 _52342_/Q
 _52345_/Q
 _52346_/Q
 _52347_/Q
 _52348_/Q
 _52350_/Q
 _52351_/Q
 _52352_/Q
 _52353_/Q
 _52354_/Q
 _52355_/Q
 _52356_/Q
 _52357_/Q
 _52360_/Q
 _52361_/Q
 _52364_/Q
 _52365_/Q
 _52370_/Q
 _52371_/Q
 _52373_/Q
 _52374_/Q
 _52375_/Q
 _52380_/Q
 _52382_/Q
 _52383_/Q
 _52387_/Q
 _52390_/Q
 _52392_/Q
 _52394_/Q
 _52395_/Q
 _52396_/Q
 _52397_/Q
 _52399_/Q
 _52402_/Q
 _52403_/Q
 _52404_/Q
 _52405_/Q
 _52407_/Q
 _52410_/Q
 _52411_/Q
 _52412_/Q
 _52414_/Q
 _52415_/Q
 _52416_/Q
 _52417_/Q
 _52418_/Q
 _52422_/Q
 _52423_/Q
 _52424_/Q
 _52428_/Q
 _52429_/Q
 _52431_/Q
 _52432_/Q
 _52433_/Q
 _52434_/Q
 _52440_/Q
 _52443_/Q
 _52444_/Q
 _52446_/Q
 _52449_/Q
 _52452_/Q
 _52454_/Q
 _52456_/Q
 _52458_/Q
 _52459_/Q
 _52460_/Q
 _52461_/Q
 _52462_/Q
 _52463_/Q
 _52464_/Q
 _52465_/Q
 _52466_/Q
 _52467_/Q
 _52472_/Q
 _52473_/Q
 _52474_/Q
 _52477_/Q
 _52480_/Q
 _52482_/Q
 clkbuf_0_clk/X
 clkbuf_2_0_0_clk/X
 clkbuf_2_1_0_clk/X
 clkbuf_2_2_0_clk/X
 clkbuf_2_3_0_clk/X
 clkbuf_4_0_0_clk/X
 clkbuf_4_10_0_clk/X
 clkbuf_4_11_0_clk/X
 clkbuf_4_12_0_clk/X
 clkbuf_4_13_0_clk/X
 clkbuf_4_14_0_clk/X
 clkbuf_4_15_0_clk/X
 clkbuf_4_1_0_clk/X
 clkbuf_4_2_0_clk/X
 clkbuf_4_3_0_clk/X
 clkbuf_4_4_0_clk/X
 clkbuf_4_5_0_clk/X
 clkbuf_4_6_0_clk/X
 clkbuf_4_7_0_clk/X
 clkbuf_4_8_0_clk/X
 clkbuf_4_9_0_clk/X
 clkbuf_leaf_0_clk/X
 clkbuf_leaf_102_clk/X
 clkbuf_leaf_106_clk/X
 clkbuf_leaf_107_clk/X
 clkbuf_leaf_110_clk/X
 clkbuf_leaf_118_clk/X
 clkbuf_leaf_13_clk/X
 clkbuf_leaf_143_clk/X
 clkbuf_leaf_144_clk/X
 clkbuf_leaf_147_clk/X
 clkbuf_leaf_153_clk/X
 clkbuf_leaf_157_clk/X
 clkbuf_leaf_160_clk/X
 clkbuf_leaf_165_clk/X
 clkbuf_leaf_17_clk/X
 clkbuf_leaf_18_clk/X
 clkbuf_leaf_22_clk/X
 clkbuf_leaf_32_clk/X
 clkbuf_leaf_33_clk/X
 clkbuf_leaf_35_clk/X
 clkbuf_leaf_36_clk/X
 clkbuf_leaf_37_clk/X
 clkbuf_leaf_39_clk/X
 clkbuf_leaf_3_clk/X
 clkbuf_leaf_40_clk/X
 clkbuf_leaf_42_clk/X
 clkbuf_leaf_43_clk/X
 clkbuf_leaf_44_clk/X
 clkbuf_leaf_45_clk/X
 clkbuf_leaf_46_clk/X
 clkbuf_leaf_47_clk/X
 clkbuf_leaf_49_clk/X
 clkbuf_leaf_50_clk/X
 clkbuf_leaf_58_clk/X
 clkbuf_leaf_59_clk/X
 clkbuf_leaf_63_clk/X
 clkbuf_leaf_67_clk/X
 clkbuf_leaf_7_clk/X
 clkbuf_leaf_91_clk/X
 clone10/X
 clone122/X
 clone125/X
 clone139/X
 clone147/X
 clone159/X
 clone161/X
 clone201/X
 clone202/X
 clone204/X
 clone67/X
 clone70/X
 clone77/X
 input10/X
 input103/X
 input105/X
 input106/X
 input107/X
 input108/X
 input109/X
 input130/X
 input132/X
 input133/X
 input135/X
 input15/X
 input157/X
 input158/X
 input159/X
 input16/X
 input160/X
 input161/X
 input162/X
 input163/X
 input17/X
 input18/X
 input180/X
 input181/X
 input187/X
 input188/X
 input189/X
 input193/X
 input198/X
 input199/X
 input200/X
 input202/X
 input203/X
 input204/X
 input205/X
 input206/X
 input208/X
 input209/X
 input21/X
 input211/X
 input214/X
 input230/X
 input231/X
 input233/X
 input239/X
 input246/X
 input249/X
 input252/X
 input257/X
 input258/X
 input268/X
 input27/X
 input28/X
 input31/X
 input344/X
 input356/X
 input358/X
 input359/X
 input360/X
 input361/X
 input362/X
 input363/X
 input364/X
 input365/X
 input366/X
 input368/X
 input369/X
 input370/X
 input371/X
 input372/X
 input374/X
 input375/X
 input376/X
 input377/X
 input378/X
 input379/X
 input38/X
 input380/X
 input381/X
 input382/X
 input383/X
 input384/X
 input385/X
 input386/X
 input387/X
 input388/X
 input389/X
 input39/X
 input390/X
 input391/X
 input393/X
 input394/X
 input395/X
 input396/X
 input397/X
 input398/X
 input399/X
 input400/X
 input401/X
 input402/X
 input403/X
 input404/X
 input405/X
 input406/X
 input407/X
 input408/X
 input409/X
 input410/X
 input413/X
 input414/X
 input415/X
 input417/X
 input418/X
 input419/X
 input42/X
 input420/X
 input421/X
 input422/X
 input423/X
 input424/X
 input425/X
 input426/X
 input427/X
 input428/X
 input429/X
 input430/X
 input431/X
 input432/X
 input433/X
 input434/X
 input436/X
 input437/X
 input438/X
 input439/X
 input44/X
 input440/X
 input441/X
 input442/X
 input443/X
 input444/X
 input445/X
 input446/X
 input447/X
 input448/X
 input449/X
 input451/X
 input452/X
 input453/X
 input455/X
 input458/X
 input46/X
 input461/X
 input463/X
 input464/X
 input465/X
 input467/X
 input468/X
 input470/X
 input472/X
 input473/X
 input476/X
 input479/X
 input48/X
 input486/X
 input487/X
 input488/X
 input49/X
 input50/X
 input51/X
 input52/X
 input54/X
 input56/X
 input58/X
 input60/X
 input69/X
 input71/X
 input79/X
 input82/X
 input88/X
 input91/X
 input94/X
 output518/X
 output529/X
 output531/X
 output534/X
 output536/X
 output538/X
 output540/X
 output543/X
 output545/X
 output551/X
 output554/X
 output556/X
 output559/X
 output560/X
 output562/X
 output569/X
 output571/X
 output576/X
 output579/X
 output582/X
 output585/X
 output587/X
 output590/X
 output593/X
 output596/X
 output601/X
 output602/X
 output604/X
 output607/X
 output612/X
 output616/X
 output618/X
 output621/X
 output623/X
 output624/X
 output625/X
 output628/X
 output630/X
 output633/X
 output635/X
 output639/X
 output644/X
 output650/X
 output652/X
 output653/X
 output655/X
 output658/X
 output659/X
 output661/X
 output664/X
 output666/X
 output670/X
 output672/X
 output675/X
 output677/X
 output680/X
 output681/X
 output683/X
 output686/X
 output689/X
 output691/X
 output695/X
 output697/X
 output700/X
 output702/X
 output706/X
 output711/X
 output714/X
 output717/X
 output720/X
 output722/X
 output728/X
 output731/X
 output733/X
 output737/X
 output742/X
 output744/X
 output748/X
 output753/X
 output756/X
 output759/X
 output762/X
 output764/X
 output767/X
 output769/X
 rebuffer1/X
 rebuffer102/X
 rebuffer106/X
 rebuffer12/X
 rebuffer127/X
 rebuffer141/X
 rebuffer145/X
 rebuffer15/X
 rebuffer173/X
 rebuffer175/X
 rebuffer189/X
 rebuffer19/X
 rebuffer190/X
 rebuffer191/X
 rebuffer199/X
 rebuffer207/X
 rebuffer24/X
 rebuffer40/X
 rebuffer51/X
 rebuffer52/X
 rebuffer6/X
 rebuffer62/X
 rebuffer63/X
 rebuffer64/X
 rebuffer87/X
 rebuffer97/X
 split126/X
 split226/X
 split8/X
 wire771/X

===========================================================================
max slew violation count 0
max fanout violation count 0
max cap violation count 0
============================================================================

===========================================================================
check_setup -verbose -unconstrained_endpoints -multiple_clock -no_clock -no_input_delay -loops -generated_clocks
===========================================================================
Warning: There are 514 input ports missing set_input_delay.
  A_flat[0]
  A_flat[100]
  A_flat[101]
  A_flat[102]
  A_flat[103]
  A_flat[104]
  A_flat[105]
  A_flat[106]
  A_flat[107]
  A_flat[108]
  A_flat[109]
  A_flat[10]
  A_flat[110]
  A_flat[111]
  A_flat[112]
  A_flat[113]
  A_flat[114]
  A_flat[115]
  A_flat[116]
  A_flat[117]
  A_flat[118]
  A_flat[119]
  A_flat[11]
  A_flat[120]
  A_flat[121]
  A_flat[122]
  A_flat[123]
  A_flat[124]
  A_flat[125]
  A_flat[126]
  A_flat[127]
  A_flat[128]
  A_flat[129]
  A_flat[12]
  A_flat[130]
  A_flat[131]
  A_flat[132]
  A_flat[133]
  A_flat[134]
  A_flat[135]
  A_flat[136]
  A_flat[137]
  A_flat[138]
  A_flat[139]
  A_flat[13]
  A_flat[140]
  A_flat[141]
  A_flat[142]
  A_flat[143]
  A_flat[144]
  A_flat[145]
  A_flat[146]
  A_flat[147]
  A_flat[148]
  A_flat[149]
  A_flat[14]
  A_flat[150]
  A_flat[151]
  A_flat[152]
  A_flat[153]
  A_flat[154]
  A_flat[155]
  A_flat[156]
  A_flat[157]
  A_flat[158]
  A_flat[159]
  A_flat[15]
  A_flat[160]
  A_flat[161]
  A_flat[162]
  A_flat[163]
  A_flat[164]
  A_flat[165]
  A_flat[166]
  A_flat[167]
  A_flat[168]
  A_flat[169]
  A_flat[16]
  A_flat[170]
  A_flat[171]
  A_flat[172]
  A_flat[173]
  A_flat[174]
  A_flat[175]
  A_flat[176]
  A_flat[177]
  A_flat[178]
  A_flat[179]
  A_flat[17]
  A_flat[180]
  A_flat[181]
  A_flat[182]
  A_flat[183]
  A_flat[184]
  A_flat[185]
  A_flat[186]
  A_flat[187]
  A_flat[188]
  A_flat[189]
  A_flat[18]
  A_flat[190]
  A_flat[191]
  A_flat[192]
  A_flat[193]
  A_flat[194]
  A_flat[195]
  A_flat[196]
  A_flat[197]
  A_flat[198]
  A_flat[199]
  A_flat[19]
  A_flat[1]
  A_flat[200]
  A_flat[201]
  A_flat[202]
  A_flat[203]
  A_flat[204]
  A_flat[205]
  A_flat[206]
  A_flat[207]
  A_flat[208]
  A_flat[209]
  A_flat[20]
  A_flat[210]
  A_flat[211]
  A_flat[212]
  A_flat[213]
  A_flat[214]
  A_flat[215]
  A_flat[216]
  A_flat[217]
  A_flat[218]
  A_flat[219]
  A_flat[21]
  A_flat[220]
  A_flat[221]
  A_flat[222]
  A_flat[223]
  A_flat[224]
  A_flat[225]
  A_flat[226]
  A_flat[227]
  A_flat[228]
  A_flat[229]
  A_flat[22]
  A_flat[230]
  A_flat[231]
  A_flat[232]
  A_flat[233]
  A_flat[234]
  A_flat[235]
  A_flat[236]
  A_flat[237]
  A_flat[238]
  A_flat[239]
  A_flat[23]
  A_flat[240]
  A_flat[241]
  A_flat[242]
  A_flat[243]
  A_flat[244]
  A_flat[245]
  A_flat[246]
  A_flat[247]
  A_flat[248]
  A_flat[249]
  A_flat[24]
  A_flat[250]
  A_flat[251]
  A_flat[252]
  A_flat[253]
  A_flat[254]
  A_flat[255]
  A_flat[25]
  A_flat[26]
  A_flat[27]
  A_flat[28]
  A_flat[29]
  A_flat[2]
  A_flat[30]
  A_flat[31]
  A_flat[32]
  A_flat[33]
  A_flat[34]
  A_flat[35]
  A_flat[36]
  A_flat[37]
  A_flat[38]
  A_flat[39]
  A_flat[3]
  A_flat[40]
  A_flat[41]
  A_flat[42]
  A_flat[43]
  A_flat[44]
  A_flat[45]
  A_flat[46]
  A_flat[47]
  A_flat[48]
  A_flat[49]
  A_flat[4]
  A_flat[50]
  A_flat[51]
  A_flat[52]
  A_flat[53]
  A_flat[54]
  A_flat[55]
  A_flat[56]
  A_flat[57]
  A_flat[58]
  A_flat[59]
  A_flat[5]
  A_flat[60]
  A_flat[61]
  A_flat[62]
  A_flat[63]
  A_flat[64]
  A_flat[65]
  A_flat[66]
  A_flat[67]
  A_flat[68]
  A_flat[69]
  A_flat[6]
  A_flat[70]
  A_flat[71]
  A_flat[72]
  A_flat[73]
  A_flat[74]
  A_flat[75]
  A_flat[76]
  A_flat[77]
  A_flat[78]
  A_flat[79]
  A_flat[7]
  A_flat[80]
  A_flat[81]
  A_flat[82]
  A_flat[83]
  A_flat[84]
  A_flat[85]
  A_flat[86]
  A_flat[87]
  A_flat[88]
  A_flat[89]
  A_flat[8]
  A_flat[90]
  A_flat[91]
  A_flat[92]
  A_flat[93]
  A_flat[94]
  A_flat[95]
  A_flat[96]
  A_flat[97]
  A_flat[98]
  A_flat[99]
  A_flat[9]
  B_flat[0]
  B_flat[100]
  B_flat[101]
  B_flat[102]
  B_flat[103]
  B_flat[104]
  B_flat[105]
  B_flat[106]
  B_flat[107]
  B_flat[108]
  B_flat[109]
  B_flat[10]
  B_flat[110]
  B_flat[111]
  B_flat[112]
  B_flat[113]
  B_flat[114]
  B_flat[115]
  B_flat[116]
  B_flat[117]
  B_flat[118]
  B_flat[119]
  B_flat[11]
  B_flat[120]
  B_flat[121]
  B_flat[122]
  B_flat[123]
  B_flat[124]
  B_flat[125]
  B_flat[126]
  B_flat[127]
  B_flat[128]
  B_flat[129]
  B_flat[12]
  B_flat[130]
  B_flat[131]
  B_flat[132]
  B_flat[133]
  B_flat[134]
  B_flat[135]
  B_flat[136]
  B_flat[137]
  B_flat[138]
  B_flat[139]
  B_flat[13]
  B_flat[140]
  B_flat[141]
  B_flat[142]
  B_flat[143]
  B_flat[144]
  B_flat[145]
  B_flat[146]
  B_flat[147]
  B_flat[148]
  B_flat[149]
  B_flat[14]
  B_flat[150]
  B_flat[151]
  B_flat[152]
  B_flat[153]
  B_flat[154]
  B_flat[155]
  B_flat[156]
  B_flat[157]
  B_flat[158]
  B_flat[159]
  B_flat[15]
  B_flat[160]
  B_flat[161]
  B_flat[162]
  B_flat[163]
  B_flat[164]
  B_flat[165]
  B_flat[166]
  B_flat[167]
  B_flat[168]
  B_flat[169]
  B_flat[16]
  B_flat[170]
  B_flat[171]
  B_flat[172]
  B_flat[173]
  B_flat[174]
  B_flat[175]
  B_flat[176]
  B_flat[177]
  B_flat[178]
  B_flat[179]
  B_flat[17]
  B_flat[180]
  B_flat[181]
  B_flat[182]
  B_flat[183]
  B_flat[184]
  B_flat[185]
  B_flat[186]
  B_flat[187]
  B_flat[188]
  B_flat[189]
  B_flat[18]
  B_flat[190]
  B_flat[191]
  B_flat[192]
  B_flat[193]
  B_flat[194]
  B_flat[195]
  B_flat[196]
  B_flat[197]
  B_flat[198]
  B_flat[199]
  B_flat[19]
  B_flat[1]
  B_flat[200]
  B_flat[201]
  B_flat[202]
  B_flat[203]
  B_flat[204]
  B_flat[205]
  B_flat[206]
  B_flat[207]
  B_flat[208]
  B_flat[209]
  B_flat[20]
  B_flat[210]
  B_flat[211]
  B_flat[212]
  B_flat[213]
  B_flat[214]
  B_flat[215]
  B_flat[216]
  B_flat[217]
  B_flat[218]
  B_flat[219]
  B_flat[21]
  B_flat[220]
  B_flat[221]
  B_flat[222]
  B_flat[223]
  B_flat[224]
  B_flat[225]
  B_flat[226]
  B_flat[227]
  B_flat[228]
  B_flat[229]
  B_flat[22]
  B_flat[230]
  B_flat[231]
  B_flat[232]
  B_flat[233]
  B_flat[234]
  B_flat[235]
  B_flat[236]
  B_flat[237]
  B_flat[238]
  B_flat[239]
  B_flat[23]
  B_flat[240]
  B_flat[241]
  B_flat[242]
  B_flat[243]
  B_flat[244]
  B_flat[245]
  B_flat[246]
  B_flat[247]
  B_flat[248]
  B_flat[249]
  B_flat[24]
  B_flat[250]
  B_flat[251]
  B_flat[252]
  B_flat[253]
  B_flat[254]
  B_flat[255]
  B_flat[25]
  B_flat[26]
  B_flat[27]
  B_flat[28]
  B_flat[29]
  B_flat[2]
  B_flat[30]
  B_flat[31]
  B_flat[32]
  B_flat[33]
  B_flat[34]
  B_flat[35]
  B_flat[36]
  B_flat[37]
  B_flat[38]
  B_flat[39]
  B_flat[3]
  B_flat[40]
  B_flat[41]
  B_flat[42]
  B_flat[43]
  B_flat[44]
  B_flat[45]
  B_flat[46]
  B_flat[47]
  B_flat[48]
  B_flat[49]
  B_flat[4]
  B_flat[50]
  B_flat[51]
  B_flat[52]
  B_flat[53]
  B_flat[54]
  B_flat[55]
  B_flat[56]
  B_flat[57]
  B_flat[58]
  B_flat[59]
  B_flat[5]
  B_flat[60]
  B_flat[61]
  B_flat[62]
  B_flat[63]
  B_flat[64]
  B_flat[65]
  B_flat[66]
  B_flat[67]
  B_flat[68]
  B_flat[69]
  B_flat[6]
  B_flat[70]
  B_flat[71]
  B_flat[72]
  B_flat[73]
  B_flat[74]
  B_flat[75]
  B_flat[76]
  B_flat[77]
  B_flat[78]
  B_flat[79]
  B_flat[7]
  B_flat[80]
  B_flat[81]
  B_flat[82]
  B_flat[83]
  B_flat[84]
  B_flat[85]
  B_flat[86]
  B_flat[87]
  B_flat[88]
  B_flat[89]
  B_flat[8]
  B_flat[90]
  B_flat[91]
  B_flat[92]
  B_flat[93]
  B_flat[94]
  B_flat[95]
  B_flat[96]
  B_flat[97]
  B_flat[98]
  B_flat[99]
  B_flat[9]
  rst
  start
Warning: There are 257 unconstrained endpoints.
  C_flat[0]
  C_flat[100]
  C_flat[101]
  C_flat[102]
  C_flat[103]
  C_flat[104]
  C_flat[105]
  C_flat[106]
  C_flat[107]
  C_flat[108]
  C_flat[109]
  C_flat[10]
  C_flat[110]
  C_flat[111]
  C_flat[112]
  C_flat[113]
  C_flat[114]
  C_flat[115]
  C_flat[116]
  C_flat[117]
  C_flat[118]
  C_flat[119]
  C_flat[11]
  C_flat[120]
  C_flat[121]
  C_flat[122]
  C_flat[123]
  C_flat[124]
  C_flat[125]
  C_flat[126]
  C_flat[127]
  C_flat[128]
  C_flat[129]
  C_flat[12]
  C_flat[130]
  C_flat[131]
  C_flat[132]
  C_flat[133]
  C_flat[134]
  C_flat[135]
  C_flat[136]
  C_flat[137]
  C_flat[138]
  C_flat[139]
  C_flat[13]
  C_flat[140]
  C_flat[141]
  C_flat[142]
  C_flat[143]
  C_flat[144]
  C_flat[145]
  C_flat[146]
  C_flat[147]
  C_flat[148]
  C_flat[149]
  C_flat[14]
  C_flat[150]
  C_flat[151]
  C_flat[152]
  C_flat[153]
  C_flat[154]
  C_flat[155]
  C_flat[156]
  C_flat[157]
  C_flat[158]
  C_flat[159]
  C_flat[15]
  C_flat[160]
  C_flat[161]
  C_flat[162]
  C_flat[163]
  C_flat[164]
  C_flat[165]
  C_flat[166]
  C_flat[167]
  C_flat[168]
  C_flat[169]
  C_flat[16]
  C_flat[170]
  C_flat[171]
  C_flat[172]
  C_flat[173]
  C_flat[174]
  C_flat[175]
  C_flat[176]
  C_flat[177]
  C_flat[178]
  C_flat[179]
  C_flat[17]
  C_flat[180]
  C_flat[181]
  C_flat[182]
  C_flat[183]
  C_flat[184]
  C_flat[185]
  C_flat[186]
  C_flat[187]
  C_flat[188]
  C_flat[189]
  C_flat[18]
  C_flat[190]
  C_flat[191]
  C_flat[192]
  C_flat[193]
  C_flat[194]
  C_flat[195]
  C_flat[196]
  C_flat[197]
  C_flat[198]
  C_flat[199]
  C_flat[19]
  C_flat[1]
  C_flat[200]
  C_flat[201]
  C_flat[202]
  C_flat[203]
  C_flat[204]
  C_flat[205]
  C_flat[206]
  C_flat[207]
  C_flat[208]
  C_flat[209]
  C_flat[20]
  C_flat[210]
  C_flat[211]
  C_flat[212]
  C_flat[213]
  C_flat[214]
  C_flat[215]
  C_flat[216]
  C_flat[217]
  C_flat[218]
  C_flat[219]
  C_flat[21]
  C_flat[220]
  C_flat[221]
  C_flat[222]
  C_flat[223]
  C_flat[224]
  C_flat[225]
  C_flat[226]
  C_flat[227]
  C_flat[228]
  C_flat[229]
  C_flat[22]
  C_flat[230]
  C_flat[231]
  C_flat[232]
  C_flat[233]
  C_flat[234]
  C_flat[235]
  C_flat[236]
  C_flat[237]
  C_flat[238]
  C_flat[239]
  C_flat[23]
  C_flat[240]
  C_flat[241]
  C_flat[242]
  C_flat[243]
  C_flat[244]
  C_flat[245]
  C_flat[246]
  C_flat[247]
  C_flat[248]
  C_flat[249]
  C_flat[24]
  C_flat[250]
  C_flat[251]
  C_flat[252]
  C_flat[253]
  C_flat[254]
  C_flat[255]
  C_flat[25]
  C_flat[26]
  C_flat[27]
  C_flat[28]
  C_flat[29]
  C_flat[2]
  C_flat[30]
  C_flat[31]
  C_flat[32]
  C_flat[33]
  C_flat[34]
  C_flat[35]
  C_flat[36]
  C_flat[37]
  C_flat[38]
  C_flat[39]
  C_flat[3]
  C_flat[40]
  C_flat[41]
  C_flat[42]
  C_flat[43]
  C_flat[44]
  C_flat[45]
  C_flat[46]
  C_flat[47]
  C_flat[48]
  C_flat[49]
  C_flat[4]
  C_flat[50]
  C_flat[51]
  C_flat[52]
  C_flat[53]
  C_flat[54]
  C_flat[55]
  C_flat[56]
  C_flat[57]
  C_flat[58]
  C_flat[59]
  C_flat[5]
  C_flat[60]
  C_flat[61]
  C_flat[62]
  C_flat[63]
  C_flat[64]
  C_flat[65]
  C_flat[66]
  C_flat[67]
  C_flat[68]
  C_flat[69]
  C_flat[6]
  C_flat[70]
  C_flat[71]
  C_flat[72]
  C_flat[73]
  C_flat[74]
  C_flat[75]
  C_flat[76]
  C_flat[77]
  C_flat[78]
  C_flat[79]
  C_flat[7]
  C_flat[80]
  C_flat[81]
  C_flat[82]
  C_flat[83]
  C_flat[84]
  C_flat[85]
  C_flat[86]
  C_flat[87]
  C_flat[88]
  C_flat[89]
  C_flat[8]
  C_flat[90]
  C_flat[91]
  C_flat[92]
  C_flat[93]
  C_flat[94]
  C_flat[95]
  C_flat[96]
  C_flat[97]
  C_flat[98]
  C_flat[99]
  C_flat[9]
  done
