
63. Printing statistics.

=== sys4 ===

   Number of wires:              26251
   Number of wire bits:          27016
   Number of public wires:         266
   Number of public wire bits:    1031
   Number of memories:               0
   Number of memory bits:            0
   Number of processes:              0
   Number of cells:              26501
     sky130_fd_sc_hd__a2111oi_2      1
     sky130_fd_sc_hd__a211o_2      164
     sky130_fd_sc_hd__a211oi_2     266
     sky130_fd_sc_hd__a21bo_2      244
     sky130_fd_sc_hd__a21boi_2      18
     sky130_fd_sc_hd__a21o_2       950
     sky130_fd_sc_hd__a21oi_2      766
     sky130_fd_sc_hd__a221o_2       63
     sky130_fd_sc_hd__a22o_2       746
     sky130_fd_sc_hd__a22oi_2      846
     sky130_fd_sc_hd__a2bb2o_2      20
     sky130_fd_sc_hd__a2bb2oi_2      6
     sky130_fd_sc_hd__a311o_2       14
     sky130_fd_sc_hd__a311oi_2       1
     sky130_fd_sc_hd__a31o_2       443
     sky130_fd_sc_hd__a31oi_2       38
     sky130_fd_sc_hd__a32o_2        76
     sky130_fd_sc_hd__a41o_2         2
     sky130_fd_sc_hd__and2_2       877
     sky130_fd_sc_hd__and2b_2      694
     sky130_fd_sc_hd__and3_2       737
     sky130_fd_sc_hd__and3b_2       13
     sky130_fd_sc_hd__and4_2      1170
     sky130_fd_sc_hd__and4b_2       64
     sky130_fd_sc_hd__and4bb_2     275
     sky130_fd_sc_hd__buf_1       2107
     sky130_fd_sc_hd__dfrtp_2      260
     sky130_fd_sc_hd__dfxtp_2      256
     sky130_fd_sc_hd__inv_2        580
     sky130_fd_sc_hd__mux2_2       528
     sky130_fd_sc_hd__nand2_2     2494
     sky130_fd_sc_hd__nand3_2      653
     sky130_fd_sc_hd__nand3b_2       3
     sky130_fd_sc_hd__nand4_2      207
     sky130_fd_sc_hd__nor2_2      2224
     sky130_fd_sc_hd__nor2b_2        4
     sky130_fd_sc_hd__nor3_2       329
     sky130_fd_sc_hd__nor3b_2       29
     sky130_fd_sc_hd__nor4_2        31
     sky130_fd_sc_hd__o211a_2      301
     sky130_fd_sc_hd__o211ai_2     140
     sky130_fd_sc_hd__o21a_2       457
     sky130_fd_sc_hd__o21ai_2      521
     sky130_fd_sc_hd__o21ba_2      189
     sky130_fd_sc_hd__o21bai_2     116
     sky130_fd_sc_hd__o221a_2       20
     sky130_fd_sc_hd__o22a_2       120
     sky130_fd_sc_hd__o22ai_2       58
     sky130_fd_sc_hd__o2bb2a_2     345
     sky130_fd_sc_hd__o2bb2ai_2     19
     sky130_fd_sc_hd__o31a_2        30
     sky130_fd_sc_hd__o31ai_2       19
     sky130_fd_sc_hd__o32a_2        17
     sky130_fd_sc_hd__o32ai_2        5
     sky130_fd_sc_hd__o41a_2        16
     sky130_fd_sc_hd__or2_2       1024
     sky130_fd_sc_hd__or2b_2       426
     sky130_fd_sc_hd__or3_2        561
     sky130_fd_sc_hd__or3b_2        58
     sky130_fd_sc_hd__or4_2         42
     sky130_fd_sc_hd__or4b_2        11
     sky130_fd_sc_hd__or4bb_2        3
     sky130_fd_sc_hd__xnor2_2     2785
     sky130_fd_sc_hd__xor2_2      1019

   Chip area for module '\sys4': 253511.888000

