
===========================================================================
 report_power
============================================================================
======================= Fastest Corner ===================================

Group                  Internal  Switching    Leakage      Total
                          Power      Power      Power      Power (Watts)
----------------------------------------------------------------
Sequential             4.46e-03   5.98e-03   1.06e-06   1.04e-02   2.6%
Combinational          1.22e-01   2.62e-01   2.47e-07   3.84e-01  96.2%
Clock                  2.49e-03   2.30e-03   8.40e-08   4.79e-03   1.2%
Macro                  0.00e+00   0.00e+00   0.00e+00   0.00e+00   0.0%
Pad                    0.00e+00   0.00e+00   0.00e+00   0.00e+00   0.0%
----------------------------------------------------------------
Total                  1.29e-01   2.70e-01   1.39e-06   3.99e-01 100.0%
                          32.4%      67.6%       0.0%

======================= Slowest Corner ===================================

Group                  Internal  Switching    Leakage      Total
                          Power      Power      Power      Power (Watts)
----------------------------------------------------------------
Sequential             3.04e-03   4.00e-03   9.20e-06   7.05e-03   2.6%
Combinational          8.15e-02   1.76e-01   1.31e-04   2.57e-01  96.1%
Clock                  1.76e-03   1.52e-03   2.75e-06   3.28e-03   1.2%
Macro                  0.00e+00   0.00e+00   0.00e+00   0.00e+00   0.0%
Pad                    0.00e+00   0.00e+00   0.00e+00   0.00e+00   0.0%
----------------------------------------------------------------
Total                  8.63e-02   1.81e-01   1.43e-04   2.68e-01 100.0%
                          32.3%      67.7%       0.1%

======================= Typical Corner ===================================

Group                  Internal  Switching    Leakage      Total
                          Power      Power      Power      Power (Watts)
----------------------------------------------------------------
Sequential             3.87e-03   5.08e-03   1.06e-06   8.95e-03   2.6%
Combinational          1.08e-01   2.23e-01   1.00e-07   3.31e-01  96.2%
Clock                  2.17e-03   1.94e-03   7.77e-08   4.11e-03   1.2%
Macro                  0.00e+00   0.00e+00   0.00e+00   0.00e+00   0.0%
Pad                    0.00e+00   0.00e+00   0.00e+00   0.00e+00   0.0%
----------------------------------------------------------------
Total                  1.14e-01   2.30e-01   1.24e-06   3.44e-01 100.0%
                          33.3%      66.7%       0.0%

