
===========================================================================
 report_power
============================================================================
======================= Fastest Corner ===================================

Group                  Internal  Switching    Leakage      Total
                          Power      Power      Power      Power (Watts)
----------------------------------------------------------------
Sequential             4.46e-03   5.10e-03   1.06e-06   9.57e-03   2.6%
Combinational          1.22e-01   2.32e-01   2.47e-07   3.54e-01  96.2%
Clock                  2.48e-03   2.03e-03   8.40e-08   4.52e-03   1.2%
Macro                  0.00e+00   0.00e+00   0.00e+00   0.00e+00   0.0%
Pad                    0.00e+00   0.00e+00   0.00e+00   0.00e+00   0.0%
----------------------------------------------------------------
Total                  1.29e-01   2.39e-01   1.39e-06   3.68e-01 100.0%
                          35.0%      65.0%       0.0%

======================= Slowest Corner ===================================

Group                  Internal  Switching    Leakage      Total
                          Power      Power      Power      Power (Watts)
----------------------------------------------------------------
Sequential             3.05e-03   3.41e-03   9.20e-06   6.46e-03   2.6%
Combinational          8.16e-02   1.56e-01   1.31e-04   2.37e-01  96.1%
Clock                  1.76e-03   1.34e-03   2.75e-06   3.10e-03   1.3%
Macro                  0.00e+00   0.00e+00   0.00e+00   0.00e+00   0.0%
Pad                    0.00e+00   0.00e+00   0.00e+00   0.00e+00   0.0%
----------------------------------------------------------------
Total                  8.64e-02   1.60e-01   1.43e-04   2.47e-01 100.0%
                          35.0%      65.0%       0.1%

======================= Typical Corner ===================================

Group                  Internal  Switching    Leakage      Total
                          Power      Power      Power      Power (Watts)
----------------------------------------------------------------
Sequential             3.88e-03   4.33e-03   1.06e-06   8.21e-03   2.6%
Combinational          1.08e-01   1.97e-01   1.00e-07   3.06e-01  96.2%
Clock                  2.16e-03   1.71e-03   7.77e-08   3.88e-03   1.2%
Macro                  0.00e+00   0.00e+00   0.00e+00   0.00e+00   0.0%
Pad                    0.00e+00   0.00e+00   0.00e+00   0.00e+00   0.0%
----------------------------------------------------------------
Total                  1.14e-01   2.04e-01   1.24e-06   3.18e-01 100.0%
                          36.0%      64.0%       0.0%

