
===========================================================================
report_checks -unconstrained
===========================================================================
======================= Typical Corner ===================================

Startpoint: _52233_ (rising edge-triggered flip-flop clocked by core_clock)
Endpoint: _52032_ (rising edge-triggered flip-flop clocked by core_clock)
Path Group: core_clock
Path Type: max

Fanout     Cap    Slew   Delay    Time   Description
-----------------------------------------------------------------------------
                          0.00    0.00   clock core_clock (rise edge)
                          0.00    0.00   clock source latency
     1    0.07    0.00    0.00    0.00 ^ clk (in)
                                         clk (net)
                  0.00    0.00    0.00 ^ clkbuf_0_clk/A (sky130_fd_sc_hd__clkbuf_16)
     4    0.06    0.08    0.14    0.14 ^ clkbuf_0_clk/X (sky130_fd_sc_hd__clkbuf_16)
                                         clknet_0_clk (net)
                  0.08    0.00    0.14 ^ clkbuf_2_2_0_clk/A (sky130_fd_sc_hd__clkbuf_8)
     4    0.06    0.11    0.19    0.33 ^ clkbuf_2_2_0_clk/X (sky130_fd_sc_hd__clkbuf_8)
                                         clknet_2_2_0_clk (net)
                  0.11    0.00    0.33 ^ clkbuf_4_8_0_clk/A (sky130_fd_sc_hd__clkbuf_8)
    13    0.10    0.18    0.25    0.58 ^ clkbuf_4_8_0_clk/X (sky130_fd_sc_hd__clkbuf_8)
                                         clknet_4_8_0_clk (net)
                  0.18    0.01    0.59 ^ clkbuf_leaf_125_clk/A (sky130_fd_sc_hd__clkbuf_8)
     5    0.01    0.04    0.17    0.76 ^ clkbuf_leaf_125_clk/X (sky130_fd_sc_hd__clkbuf_8)
                                         clknet_leaf_125_clk (net)
                  0.04    0.00    0.76 ^ _52233_/CLK (sky130_fd_sc_hd__dfxtp_1)
     7    0.02    0.21    0.42    1.18 ^ _52233_/Q (sky130_fd_sc_hd__dfxtp_1)
                                         m0.A11[6] (net)
                  0.21    0.00    1.18 ^ _28963_/A (sky130_fd_sc_hd__buf_4)
    10    0.06    0.16    0.25    1.43 ^ _28963_/X (sky130_fd_sc_hd__buf_4)
                                         _11617_ (net)
                  0.16    0.00    1.43 ^ _28964_/A (sky130_fd_sc_hd__clkbuf_4)
    10    0.04    0.12    0.23    1.66 ^ _28964_/X (sky130_fd_sc_hd__clkbuf_4)
                                         _11619_ (net)
                  0.12    0.00    1.66 ^ _28970_/A (sky130_fd_sc_hd__clkbuf_4)
    10    0.04    0.12    0.21    1.87 ^ _28970_/X (sky130_fd_sc_hd__clkbuf_4)
                                         _11625_ (net)
                  0.12    0.00    1.87 ^ _29103_/A2_N (sky130_fd_sc_hd__o2bb2a_1)
     1    0.00    0.06    0.23    2.11 v _29103_/X (sky130_fd_sc_hd__o2bb2a_1)
                                         _11771_ (net)
                  0.06    0.00    2.11 v _29104_/B (sky130_fd_sc_hd__nor2_2)
     2    0.02    0.28    0.24    2.35 ^ _29104_/Y (sky130_fd_sc_hd__nor2_2)
                                         _11773_ (net)
                  0.28    0.00    2.35 ^ _29117_/A (sky130_fd_sc_hd__xor2_4)
     2    0.02    0.19    0.23    2.58 ^ _29117_/X (sky130_fd_sc_hd__xor2_4)
                                         _11787_ (net)
                  0.19    0.00    2.58 ^ _29118_/B (sky130_fd_sc_hd__nand2_1)
     2    0.01    0.09    0.11    2.69 v _29118_/Y (sky130_fd_sc_hd__nand2_1)
                                         _11788_ (net)
                  0.09    0.00    2.69 v _29120_/A2 (sky130_fd_sc_hd__a21o_2)
     5    0.02    0.07    0.27    2.96 v _29120_/X (sky130_fd_sc_hd__a21o_2)
                                         _11790_ (net)
                  0.07    0.00    2.96 v _29709_/A (sky130_fd_sc_hd__and3_2)
     2    0.03    0.09    0.24    3.21 v _29709_/X (sky130_fd_sc_hd__and3_2)
                                         _12438_ (net)
                  0.09    0.00    3.21 v _29713_/A1 (sky130_fd_sc_hd__o211a_1)
     2    0.01    0.07    0.27    3.49 v _29713_/X (sky130_fd_sc_hd__o211a_1)
                                         _12442_ (net)
                  0.07    0.00    3.49 v _29714_/C (sky130_fd_sc_hd__or3_2)
     3    0.01    0.11    0.47    3.96 v _29714_/X (sky130_fd_sc_hd__or3_2)
                                         _12444_ (net)
                  0.11    0.00    3.96 v _29800_/A1 (sky130_fd_sc_hd__a211o_1)
     2    0.01    0.09    0.33    4.29 v _29800_/X (sky130_fd_sc_hd__a211o_1)
                                         _12538_ (net)
                  0.09    0.00    4.29 v _29926_/A2 (sky130_fd_sc_hd__a21o_1)
     2    0.01    0.04    0.20    4.49 v _29926_/X (sky130_fd_sc_hd__a21o_1)
                                         _12677_ (net)
                  0.04    0.00    4.49 v _29932_/A2 (sky130_fd_sc_hd__a211o_1)
     3    0.01    0.07    0.31    4.80 v _29932_/X (sky130_fd_sc_hd__a211o_1)
                                         _12683_ (net)
                  0.07    0.00    4.80 v _29933_/C (sky130_fd_sc_hd__and3_1)
     2    0.01    0.06    0.20    5.00 v _29933_/X (sky130_fd_sc_hd__and3_1)
                                         _12684_ (net)
                  0.06    0.00    5.00 v _29936_/A1 (sky130_fd_sc_hd__o211a_1)
     2    0.01    0.05    0.24    5.24 v _29936_/X (sky130_fd_sc_hd__o211a_1)
                                         _12688_ (net)
                  0.05    0.00    5.24 v _29937_/C (sky130_fd_sc_hd__or3_2)
     3    0.01    0.11    0.47    5.71 v _29937_/X (sky130_fd_sc_hd__or3_2)
                                         _12689_ (net)
                  0.11    0.00    5.71 v _30001_/A1 (sky130_fd_sc_hd__a211o_1)
     2    0.01    0.06    0.29    6.00 v _30001_/X (sky130_fd_sc_hd__a211o_1)
                                         _12759_ (net)
                  0.06    0.00    6.00 v _30141_/C (sky130_fd_sc_hd__and3_1)
     2    0.01    0.05    0.19    6.19 v _30141_/X (sky130_fd_sc_hd__and3_1)
                                         _12913_ (net)
                  0.05    0.00    6.19 v _30144_/B1 (sky130_fd_sc_hd__a211o_1)
     2    0.01    0.07    0.29    6.49 v _30144_/X (sky130_fd_sc_hd__a211o_1)
                                         _12917_ (net)
                  0.07    0.00    6.49 v _30146_/A3 (sky130_fd_sc_hd__a31o_2)
     2    0.02    0.08    0.30    6.79 v _30146_/X (sky130_fd_sc_hd__a31o_2)
                                         _12919_ (net)
                  0.08    0.00    6.79 v _30154_/A1 (sky130_fd_sc_hd__a21o_2)
     2    0.02    0.07    0.24    7.03 v _30154_/X (sky130_fd_sc_hd__a21o_2)
                                         _12928_ (net)
                  0.07    0.00    7.03 v _30159_/A1 (sky130_fd_sc_hd__a21o_1)
     2    0.02    0.10    0.22    7.25 v _30159_/X (sky130_fd_sc_hd__a21o_1)
                                         _12933_ (net)
                  0.10    0.00    7.25 v _30161_/A2 (sky130_fd_sc_hd__a21o_2)
     2    0.02    0.07    0.27    7.53 v _30161_/X (sky130_fd_sc_hd__a21o_2)
                                         _12935_ (net)
                  0.07    0.00    7.53 v _30326_/A (sky130_fd_sc_hd__xor2_4)
     3    0.03    0.26    0.28    7.81 ^ _30326_/X (sky130_fd_sc_hd__xor2_4)
                                         _13117_ (net)
                  0.26    0.01    7.81 ^ _30399_/B (sky130_fd_sc_hd__xnor2_1)
     2    0.01    0.08    0.12    7.94 v _30399_/Y (sky130_fd_sc_hd__xnor2_1)
                                         _13197_ (net)
                  0.08    0.00    7.94 v _30400_/C1 (sky130_fd_sc_hd__a311o_1)
     3    0.01    0.08    0.31    8.24 v _30400_/X (sky130_fd_sc_hd__a311o_1)
                                         _13198_ (net)
                  0.08    0.00    8.24 v _30554_/B (sky130_fd_sc_hd__and3_1)
     1    0.00    0.03    0.17    8.41 v _30554_/X (sky130_fd_sc_hd__and3_1)
                                         _13367_ (net)
                  0.03    0.00    8.41 v _30556_/A (sky130_fd_sc_hd__or2_1)
     1    0.00    0.05    0.21    8.62 v _30556_/X (sky130_fd_sc_hd__or2_1)
                                         _13369_ (net)
                  0.05    0.00    8.62 v _30557_/A (sky130_fd_sc_hd__clkbuf_1)
     1    0.00    0.03    0.09    8.71 v _30557_/X (sky130_fd_sc_hd__clkbuf_1)
                                         _00322_ (net)
                  0.03    0.00    8.71 v _52032_/D (sky130_fd_sc_hd__dfrtp_4)
                                  8.71   data arrival time

                         10.00   10.00   clock core_clock (rise edge)
                          0.00   10.00   clock source latency
     1    0.07    0.00    0.00   10.00 ^ clk (in)
                                         clk (net)
                  0.00    0.00   10.00 ^ clkbuf_0_clk/A (sky130_fd_sc_hd__clkbuf_16)
     4    0.06    0.08    0.14   10.14 ^ clkbuf_0_clk/X (sky130_fd_sc_hd__clkbuf_16)
                                         clknet_0_clk (net)
                  0.08    0.00   10.14 ^ clkbuf_2_0_0_clk/A (sky130_fd_sc_hd__clkbuf_8)
     4    0.06    0.11    0.19   10.34 ^ clkbuf_2_0_0_clk/X (sky130_fd_sc_hd__clkbuf_8)
                                         clknet_2_0_0_clk (net)
                  0.11    0.00   10.34 ^ clkbuf_4_0_0_clk/A (sky130_fd_sc_hd__clkbuf_8)
    16    0.12    0.21    0.27   10.61 ^ clkbuf_4_0_0_clk/X (sky130_fd_sc_hd__clkbuf_8)
                                         clknet_4_0_0_clk (net)
                  0.21    0.01   10.62 ^ clkbuf_leaf_163_clk/A (sky130_fd_sc_hd__clkbuf_8)
     5    0.02    0.05    0.19   10.80 ^ clkbuf_leaf_163_clk/X (sky130_fd_sc_hd__clkbuf_8)
                                         clknet_leaf_163_clk (net)
                  0.05    0.00   10.80 ^ _52032_/CLK (sky130_fd_sc_hd__dfrtp_4)
                          0.00   10.80   clock reconvergence pessimism
                         -0.10   10.70   library setup time
                                 10.70   data required time
-----------------------------------------------------------------------------
                                 10.70   data required time
                                 -8.71   data arrival time
-----------------------------------------------------------------------------
                                  1.99   slack (MET)




===========================================================================
report_checks --slack_max -0.01
============================================================================
======================= Typical Corner ===================================

No paths found.


===========================================================================
 report_check_types -max_slew -max_cap -max_fanout -violators
============================================================================
======================= Typical Corner ===================================


max slew violations count Typical: 0
max fanout violations count Typical: 0
max cap violations count Typical: 0

===========================================================================
report_parasitic_annotation -report_unannotated
============================================================================
Found 126 unannotated drivers.
 clkload0/Y
 clkload1/Y
 clkload10/Y
 clkload100/Y
 clkload101/Y
 clkload102/Y
 clkload103/Y
 clkload104/Y
 clkload105/Y
 clkload106/Y
 clkload107/Y
 clkload108/Y
 clkload109/Y
 clkload11/X
 clkload110/Y
 clkload111/Y
 clkload112/Y
 clkload113/X
 clkload114/Y
 clkload115/Y
 clkload116/X
 clkload117/Y
 clkload118/Y
 clkload119/X
 clkload12/Y
 clkload120/X
 clkload121/X
 clkload122/Y
 clkload123/Y
 clkload124/Y
 clkload125/Y
 clkload13/X
 clkload14/Y
 clkload15/Y
 clkload16/Y
 clkload17/Y
 clkload18/Y
 clkload19/Y
 clkload2/Y
 clkload20/Y
 clkload21/Y
 clkload22/Y
 clkload23/Y
 clkload24/Y
 clkload25/Y
 clkload26/Y
 clkload27/Y
 clkload28/X
 clkload29/Y
 clkload3/Y
 clkload30/X
 clkload31/X
 clkload32/Y
 clkload33/X
 clkload34/Y
 clkload35/Y
 clkload36/Y
 clkload37/X
 clkload38/Y
 clkload39/Y
 clkload4/Y
 clkload40/Y
 clkload41/Y
 clkload42/Y
 clkload43/Y
 clkload44/Y
 clkload45/Y
 clkload46/Y
 clkload47/Y
 clkload48/Y
 clkload49/Y
 clkload5/Y
 clkload50/X
 clkload51/Y
 clkload52/Y
 clkload53/Y
 clkload54/Y
 clkload55/Y
 clkload56/Y
 clkload57/Y
 clkload58/Y
 clkload59/Y
 clkload6/Y
 clkload60/Y
 clkload61/Y
 clkload62/Y
 clkload63/Y
 clkload64/Y
 clkload65/Y
 clkload66/Y
 clkload67/Y
 clkload68/Y
 clkload69/Y
 clkload7/Y
 clkload70/Y
 clkload71/Y
 clkload72/Y
 clkload73/X
 clkload74/X
 clkload75/Y
 clkload76/Y
 clkload77/Y
 clkload78/Y
 clkload79/Y
 clkload8/Y
 clkload80/Y
 clkload81/X
 clkload82/Y
 clkload83/Y
 clkload84/Y
 clkload85/Y
 clkload86/Y
 clkload87/Y
 clkload88/Y
 clkload89/Y
 clkload9/Y
 clkload90/Y
 clkload91/X
 clkload92/Y
 clkload93/Y
 clkload94/Y
 clkload95/Y
 clkload96/Y
 clkload97/Y
 clkload98/Y
 clkload99/Y
Found 0 partially unannotated drivers.

===========================================================================
max slew violation count 0
max fanout violation count 0
max cap violation count 0
============================================================================

===========================================================================
check_setup -verbose -unconstrained_endpoints -multiple_clock -no_clock -no_input_delay -loops -generated_clocks
===========================================================================
Warning: There are 514 input ports missing set_input_delay.
  A_flat[0]
  A_flat[100]
  A_flat[101]
  A_flat[102]
  A_flat[103]
  A_flat[104]
  A_flat[105]
  A_flat[106]
  A_flat[107]
  A_flat[108]
  A_flat[109]
  A_flat[10]
  A_flat[110]
  A_flat[111]
  A_flat[112]
  A_flat[113]
  A_flat[114]
  A_flat[115]
  A_flat[116]
  A_flat[117]
  A_flat[118]
  A_flat[119]
  A_flat[11]
  A_flat[120]
  A_flat[121]
  A_flat[122]
  A_flat[123]
  A_flat[124]
  A_flat[125]
  A_flat[126]
  A_flat[127]
  A_flat[128]
  A_flat[129]
  A_flat[12]
  A_flat[130]
  A_flat[131]
  A_flat[132]
  A_flat[133]
  A_flat[134]
  A_flat[135]
  A_flat[136]
  A_flat[137]
  A_flat[138]
  A_flat[139]
  A_flat[13]
  A_flat[140]
  A_flat[141]
  A_flat[142]
  A_flat[143]
  A_flat[144]
  A_flat[145]
  A_flat[146]
  A_flat[147]
  A_flat[148]
  A_flat[149]
  A_flat[14]
  A_flat[150]
  A_flat[151]
  A_flat[152]
  A_flat[153]
  A_flat[154]
  A_flat[155]
  A_flat[156]
  A_flat[157]
  A_flat[158]
  A_flat[159]
  A_flat[15]
  A_flat[160]
  A_flat[161]
  A_flat[162]
  A_flat[163]
  A_flat[164]
  A_flat[165]
  A_flat[166]
  A_flat[167]
  A_flat[168]
  A_flat[169]
  A_flat[16]
  A_flat[170]
  A_flat[171]
  A_flat[172]
  A_flat[173]
  A_flat[174]
  A_flat[175]
  A_flat[176]
  A_flat[177]
  A_flat[178]
  A_flat[179]
  A_flat[17]
  A_flat[180]
  A_flat[181]
  A_flat[182]
  A_flat[183]
  A_flat[184]
  A_flat[185]
  A_flat[186]
  A_flat[187]
  A_flat[188]
  A_flat[189]
  A_flat[18]
  A_flat[190]
  A_flat[191]
  A_flat[192]
  A_flat[193]
  A_flat[194]
  A_flat[195]
  A_flat[196]
  A_flat[197]
  A_flat[198]
  A_flat[199]
  A_flat[19]
  A_flat[1]
  A_flat[200]
  A_flat[201]
  A_flat[202]
  A_flat[203]
  A_flat[204]
  A_flat[205]
  A_flat[206]
  A_flat[207]
  A_flat[208]
  A_flat[209]
  A_flat[20]
  A_flat[210]
  A_flat[211]
  A_flat[212]
  A_flat[213]
  A_flat[214]
  A_flat[215]
  A_flat[216]
  A_flat[217]
  A_flat[218]
  A_flat[219]
  A_flat[21]
  A_flat[220]
  A_flat[221]
  A_flat[222]
  A_flat[223]
  A_flat[224]
  A_flat[225]
  A_flat[226]
  A_flat[227]
  A_flat[228]
  A_flat[229]
  A_flat[22]
  A_flat[230]
  A_flat[231]
  A_flat[232]
  A_flat[233]
  A_flat[234]
  A_flat[235]
  A_flat[236]
  A_flat[237]
  A_flat[238]
  A_flat[239]
  A_flat[23]
  A_flat[240]
  A_flat[241]
  A_flat[242]
  A_flat[243]
  A_flat[244]
  A_flat[245]
  A_flat[246]
  A_flat[247]
  A_flat[248]
  A_flat[249]
  A_flat[24]
  A_flat[250]
  A_flat[251]
  A_flat[252]
  A_flat[253]
  A_flat[254]
  A_flat[255]
  A_flat[25]
  A_flat[26]
  A_flat[27]
  A_flat[28]
  A_flat[29]
  A_flat[2]
  A_flat[30]
  A_flat[31]
  A_flat[32]
  A_flat[33]
  A_flat[34]
  A_flat[35]
  A_flat[36]
  A_flat[37]
  A_flat[38]
  A_flat[39]
  A_flat[3]
  A_flat[40]
  A_flat[41]
  A_flat[42]
  A_flat[43]
  A_flat[44]
  A_flat[45]
  A_flat[46]
  A_flat[47]
  A_flat[48]
  A_flat[49]
  A_flat[4]
  A_flat[50]
  A_flat[51]
  A_flat[52]
  A_flat[53]
  A_flat[54]
  A_flat[55]
  A_flat[56]
  A_flat[57]
  A_flat[58]
  A_flat[59]
  A_flat[5]
  A_flat[60]
  A_flat[61]
  A_flat[62]
  A_flat[63]
  A_flat[64]
  A_flat[65]
  A_flat[66]
  A_flat[67]
  A_flat[68]
  A_flat[69]
  A_flat[6]
  A_flat[70]
  A_flat[71]
  A_flat[72]
  A_flat[73]
  A_flat[74]
  A_flat[75]
  A_flat[76]
  A_flat[77]
  A_flat[78]
  A_flat[79]
  A_flat[7]
  A_flat[80]
  A_flat[81]
  A_flat[82]
  A_flat[83]
  A_flat[84]
  A_flat[85]
  A_flat[86]
  A_flat[87]
  A_flat[88]
  A_flat[89]
  A_flat[8]
  A_flat[90]
  A_flat[91]
  A_flat[92]
  A_flat[93]
  A_flat[94]
  A_flat[95]
  A_flat[96]
  A_flat[97]
  A_flat[98]
  A_flat[99]
  A_flat[9]
  B_flat[0]
  B_flat[100]
  B_flat[101]
  B_flat[102]
  B_flat[103]
  B_flat[104]
  B_flat[105]
  B_flat[106]
  B_flat[107]
  B_flat[108]
  B_flat[109]
  B_flat[10]
  B_flat[110]
  B_flat[111]
  B_flat[112]
  B_flat[113]
  B_flat[114]
  B_flat[115]
  B_flat[116]
  B_flat[117]
  B_flat[118]
  B_flat[119]
  B_flat[11]
  B_flat[120]
  B_flat[121]
  B_flat[122]
  B_flat[123]
  B_flat[124]
  B_flat[125]
  B_flat[126]
  B_flat[127]
  B_flat[128]
  B_flat[129]
  B_flat[12]
  B_flat[130]
  B_flat[131]
  B_flat[132]
  B_flat[133]
  B_flat[134]
  B_flat[135]
  B_flat[136]
  B_flat[137]
  B_flat[138]
  B_flat[139]
  B_flat[13]
  B_flat[140]
  B_flat[141]
  B_flat[142]
  B_flat[143]
  B_flat[144]
  B_flat[145]
  B_flat[146]
  B_flat[147]
  B_flat[148]
  B_flat[149]
  B_flat[14]
  B_flat[150]
  B_flat[151]
  B_flat[152]
  B_flat[153]
  B_flat[154]
  B_flat[155]
  B_flat[156]
  B_flat[157]
  B_flat[158]
  B_flat[159]
  B_flat[15]
  B_flat[160]
  B_flat[161]
  B_flat[162]
  B_flat[163]
  B_flat[164]
  B_flat[165]
  B_flat[166]
  B_flat[167]
  B_flat[168]
  B_flat[169]
  B_flat[16]
  B_flat[170]
  B_flat[171]
  B_flat[172]
  B_flat[173]
  B_flat[174]
  B_flat[175]
  B_flat[176]
  B_flat[177]
  B_flat[178]
  B_flat[179]
  B_flat[17]
  B_flat[180]
  B_flat[181]
  B_flat[182]
  B_flat[183]
  B_flat[184]
  B_flat[185]
  B_flat[186]
  B_flat[187]
  B_flat[188]
  B_flat[189]
  B_flat[18]
  B_flat[190]
  B_flat[191]
  B_flat[192]
  B_flat[193]
  B_flat[194]
  B_flat[195]
  B_flat[196]
  B_flat[197]
  B_flat[198]
  B_flat[199]
  B_flat[19]
  B_flat[1]
  B_flat[200]
  B_flat[201]
  B_flat[202]
  B_flat[203]
  B_flat[204]
  B_flat[205]
  B_flat[206]
  B_flat[207]
  B_flat[208]
  B_flat[209]
  B_flat[20]
  B_flat[210]
  B_flat[211]
  B_flat[212]
  B_flat[213]
  B_flat[214]
  B_flat[215]
  B_flat[216]
  B_flat[217]
  B_flat[218]
  B_flat[219]
  B_flat[21]
  B_flat[220]
  B_flat[221]
  B_flat[222]
  B_flat[223]
  B_flat[224]
  B_flat[225]
  B_flat[226]
  B_flat[227]
  B_flat[228]
  B_flat[229]
  B_flat[22]
  B_flat[230]
  B_flat[231]
  B_flat[232]
  B_flat[233]
  B_flat[234]
  B_flat[235]
  B_flat[236]
  B_flat[237]
  B_flat[238]
  B_flat[239]
  B_flat[23]
  B_flat[240]
  B_flat[241]
  B_flat[242]
  B_flat[243]
  B_flat[244]
  B_flat[245]
  B_flat[246]
  B_flat[247]
  B_flat[248]
  B_flat[249]
  B_flat[24]
  B_flat[250]
  B_flat[251]
  B_flat[252]
  B_flat[253]
  B_flat[254]
  B_flat[255]
  B_flat[25]
  B_flat[26]
  B_flat[27]
  B_flat[28]
  B_flat[29]
  B_flat[2]
  B_flat[30]
  B_flat[31]
  B_flat[32]
  B_flat[33]
  B_flat[34]
  B_flat[35]
  B_flat[36]
  B_flat[37]
  B_flat[38]
  B_flat[39]
  B_flat[3]
  B_flat[40]
  B_flat[41]
  B_flat[42]
  B_flat[43]
  B_flat[44]
  B_flat[45]
  B_flat[46]
  B_flat[47]
  B_flat[48]
  B_flat[49]
  B_flat[4]
  B_flat[50]
  B_flat[51]
  B_flat[52]
  B_flat[53]
  B_flat[54]
  B_flat[55]
  B_flat[56]
  B_flat[57]
  B_flat[58]
  B_flat[59]
  B_flat[5]
  B_flat[60]
  B_flat[61]
  B_flat[62]
  B_flat[63]
  B_flat[64]
  B_flat[65]
  B_flat[66]
  B_flat[67]
  B_flat[68]
  B_flat[69]
  B_flat[6]
  B_flat[70]
  B_flat[71]
  B_flat[72]
  B_flat[73]
  B_flat[74]
  B_flat[75]
  B_flat[76]
  B_flat[77]
  B_flat[78]
  B_flat[79]
  B_flat[7]
  B_flat[80]
  B_flat[81]
  B_flat[82]
  B_flat[83]
  B_flat[84]
  B_flat[85]
  B_flat[86]
  B_flat[87]
  B_flat[88]
  B_flat[89]
  B_flat[8]
  B_flat[90]
  B_flat[91]
  B_flat[92]
  B_flat[93]
  B_flat[94]
  B_flat[95]
  B_flat[96]
  B_flat[97]
  B_flat[98]
  B_flat[99]
  B_flat[9]
  rst
  start
Warning: There are 257 unconstrained endpoints.
  C_flat[0]
  C_flat[100]
  C_flat[101]
  C_flat[102]
  C_flat[103]
  C_flat[104]
  C_flat[105]
  C_flat[106]
  C_flat[107]
  C_flat[108]
  C_flat[109]
  C_flat[10]
  C_flat[110]
  C_flat[111]
  C_flat[112]
  C_flat[113]
  C_flat[114]
  C_flat[115]
  C_flat[116]
  C_flat[117]
  C_flat[118]
  C_flat[119]
  C_flat[11]
  C_flat[120]
  C_flat[121]
  C_flat[122]
  C_flat[123]
  C_flat[124]
  C_flat[125]
  C_flat[126]
  C_flat[127]
  C_flat[128]
  C_flat[129]
  C_flat[12]
  C_flat[130]
  C_flat[131]
  C_flat[132]
  C_flat[133]
  C_flat[134]
  C_flat[135]
  C_flat[136]
  C_flat[137]
  C_flat[138]
  C_flat[139]
  C_flat[13]
  C_flat[140]
  C_flat[141]
  C_flat[142]
  C_flat[143]
  C_flat[144]
  C_flat[145]
  C_flat[146]
  C_flat[147]
  C_flat[148]
  C_flat[149]
  C_flat[14]
  C_flat[150]
  C_flat[151]
  C_flat[152]
  C_flat[153]
  C_flat[154]
  C_flat[155]
  C_flat[156]
  C_flat[157]
  C_flat[158]
  C_flat[159]
  C_flat[15]
  C_flat[160]
  C_flat[161]
  C_flat[162]
  C_flat[163]
  C_flat[164]
  C_flat[165]
  C_flat[166]
  C_flat[167]
  C_flat[168]
  C_flat[169]
  C_flat[16]
  C_flat[170]
  C_flat[171]
  C_flat[172]
  C_flat[173]
  C_flat[174]
  C_flat[175]
  C_flat[176]
  C_flat[177]
  C_flat[178]
  C_flat[179]
  C_flat[17]
  C_flat[180]
  C_flat[181]
  C_flat[182]
  C_flat[183]
  C_flat[184]
  C_flat[185]
  C_flat[186]
  C_flat[187]
  C_flat[188]
  C_flat[189]
  C_flat[18]
  C_flat[190]
  C_flat[191]
  C_flat[192]
  C_flat[193]
  C_flat[194]
  C_flat[195]
  C_flat[196]
  C_flat[197]
  C_flat[198]
  C_flat[199]
  C_flat[19]
  C_flat[1]
  C_flat[200]
  C_flat[201]
  C_flat[202]
  C_flat[203]
  C_flat[204]
  C_flat[205]
  C_flat[206]
  C_flat[207]
  C_flat[208]
  C_flat[209]
  C_flat[20]
  C_flat[210]
  C_flat[211]
  C_flat[212]
  C_flat[213]
  C_flat[214]
  C_flat[215]
  C_flat[216]
  C_flat[217]
  C_flat[218]
  C_flat[219]
  C_flat[21]
  C_flat[220]
  C_flat[221]
  C_flat[222]
  C_flat[223]
  C_flat[224]
  C_flat[225]
  C_flat[226]
  C_flat[227]
  C_flat[228]
  C_flat[229]
  C_flat[22]
  C_flat[230]
  C_flat[231]
  C_flat[232]
  C_flat[233]
  C_flat[234]
  C_flat[235]
  C_flat[236]
  C_flat[237]
  C_flat[238]
  C_flat[239]
  C_flat[23]
  C_flat[240]
  C_flat[241]
  C_flat[242]
  C_flat[243]
  C_flat[244]
  C_flat[245]
  C_flat[246]
  C_flat[247]
  C_flat[248]
  C_flat[249]
  C_flat[24]
  C_flat[250]
  C_flat[251]
  C_flat[252]
  C_flat[253]
  C_flat[254]
  C_flat[255]
  C_flat[25]
  C_flat[26]
  C_flat[27]
  C_flat[28]
  C_flat[29]
  C_flat[2]
  C_flat[30]
  C_flat[31]
  C_flat[32]
  C_flat[33]
  C_flat[34]
  C_flat[35]
  C_flat[36]
  C_flat[37]
  C_flat[38]
  C_flat[39]
  C_flat[3]
  C_flat[40]
  C_flat[41]
  C_flat[42]
  C_flat[43]
  C_flat[44]
  C_flat[45]
  C_flat[46]
  C_flat[47]
  C_flat[48]
  C_flat[49]
  C_flat[4]
  C_flat[50]
  C_flat[51]
  C_flat[52]
  C_flat[53]
  C_flat[54]
  C_flat[55]
  C_flat[56]
  C_flat[57]
  C_flat[58]
  C_flat[59]
  C_flat[5]
  C_flat[60]
  C_flat[61]
  C_flat[62]
  C_flat[63]
  C_flat[64]
  C_flat[65]
  C_flat[66]
  C_flat[67]
  C_flat[68]
  C_flat[69]
  C_flat[6]
  C_flat[70]
  C_flat[71]
  C_flat[72]
  C_flat[73]
  C_flat[74]
  C_flat[75]
  C_flat[76]
  C_flat[77]
  C_flat[78]
  C_flat[79]
  C_flat[7]
  C_flat[80]
  C_flat[81]
  C_flat[82]
  C_flat[83]
  C_flat[84]
  C_flat[85]
  C_flat[86]
  C_flat[87]
  C_flat[88]
  C_flat[89]
  C_flat[8]
  C_flat[90]
  C_flat[91]
  C_flat[92]
  C_flat[93]
  C_flat[94]
  C_flat[95]
  C_flat[96]
  C_flat[97]
  C_flat[98]
  C_flat[99]
  C_flat[9]
  done
